[0.014s] Invoking command in '/home/menna/task2-surveillance_system/build/surveillance_interfaces': CMAKE_PREFIX_PATH=${CMAKE_PREFIX_PATH}:/home/menna/task2-surveillance_system/install/smart_surveillance:/home/menna/Distributed-Smart-Security-Surveillance-System-using-ROS2/install/security_surveillance_system:/home/menna/Distributed_Smart_Security_Surveillance_System_ws/install/security_surveillance_system:/opt/ros/jazzy DEBUGINFOD_URLS=https://debuginfod.ubuntu.com PS1=${debian_chroot:+($debian_chroot)}\[\033[01;32m\]\u@\h\[\033[00m\]:\[\033[01;34m\]\w\[\033[00m\]\$ VIRTUAL_ENV_PROMPT=(venv-ardupilot) /usr/bin/cmake /home/menna/task2-surveillance_system/src/surveillance_interfaces -DCMAKE_INSTALL_PREFIX=/home/menna/task2-surveillance_system/install/surveillance_interfaces
[0.099s] -- The C compiler identification is GNU 13.3.0
[0.191s] -- The CXX compiler identification is GNU 13.3.0
[0.221s] -- Detecting C compiler ABI info
[0.331s] -- Detecting C compiler ABI info - done
[0.345s] -- Check for working C compiler: /usr/lib/ccache/cc - skipped
[0.345s] -- Detecting C compile features
[0.346s] -- Detecting C compile features - done
[0.362s] -- Detecting CXX compiler ABI info
[0.492s] -- Detecting CXX compiler ABI info - done
[0.507s] -- Check for working CXX compiler: /usr/lib/ccache/c++ - skipped
[0.507s] -- Detecting CXX compile features
[0.508s] -- Detecting CXX compile features - done
[0.512s] -- Found ament_cmake: 2.5.5 (/opt/ros/jazzy/share/ament_cmake/cmake)
[0.719s] -- Found Python3: /home/menna/venv-ardupilot/bin/python3 (found version "3.12.3") found components: Interpreter 
[0.872s] -- Found rosidl_default_generators: 1.6.0 (/opt/ros/jazzy/share/rosidl_default_generators/cmake)
[0.881s] -- Using all available rosidl_typesupport_c: rosidl_typesupport_fastrtps_c;rosidl_typesupport_introspection_c
[0.970s] -- Using all available rosidl_typesupport_cpp: rosidl_typesupport_fastrtps_cpp;rosidl_typesupport_introspection_cpp
[1.033s] -- Found rosidl_adapter: 4.6.7 (/opt/ros/jazzy/share/rosidl_adapter/cmake)
[1.988s] -- Found ament_cmake_ros: 0.12.0 (/opt/ros/jazzy/share/ament_cmake_ros/cmake)
[2.643s] -- Using all available rosidl_typesupport_c: rosidl_typesupport_fastrtps_c;rosidl_typesupport_introspection_c
[3.476s] -- Using all available rosidl_typesupport_cpp: rosidl_typesupport_fastrtps_cpp;rosidl_typesupport_introspection_cpp
[3.480s] -- Found python_cmake_module: 0.11.1 (/opt/ros/jazzy/share/python_cmake_module/cmake)
[3.684s] -- Found PythonExtra: /home/menna/venv-ardupilot/bin/python3  
[4.335s] -- Found Python3: /home/menna/venv-ardupilot/bin/python3 (found version "3.12.3") found components: Interpreter Development NumPy Development.Module Development.Embed 
[4.397s] -- Configuring done (4.4s)
[4.453s] -- Generating done (0.0s)
[4.470s] -- Build files have been written to: /home/menna/task2-surveillance_system/build/surveillance_interfaces
[4.484s] Invoked command in '/home/menna/task2-surveillance_system/build/surveillance_interfaces' returned '0': CMAKE_PREFIX_PATH=${CMAKE_PREFIX_PATH}:/home/menna/task2-surveillance_system/install/smart_surveillance:/home/menna/Distributed-Smart-Security-Surveillance-System-using-ROS2/install/security_surveillance_system:/home/menna/Distributed_Smart_Security_Surveillance_System_ws/install/security_surveillance_system:/opt/ros/jazzy DEBUGINFOD_URLS=https://debuginfod.ubuntu.com PS1=${debian_chroot:+($debian_chroot)}\[\033[01;32m\]\u@\h\[\033[00m\]:\[\033[01;34m\]\w\[\033[00m\]\$ VIRTUAL_ENV_PROMPT=(venv-ardupilot) /usr/bin/cmake /home/menna/task2-surveillance_system/src/surveillance_interfaces -DCMAKE_INSTALL_PREFIX=/home/menna/task2-surveillance_system/install/surveillance_interfaces
[4.486s] Invoking command in '/home/menna/task2-surveillance_system/build/surveillance_interfaces': CMAKE_PREFIX_PATH=${CMAKE_PREFIX_PATH}:/home/menna/task2-surveillance_system/install/smart_surveillance:/home/menna/Distributed-Smart-Security-Surveillance-System-using-ROS2/install/security_surveillance_system:/home/menna/Distributed_Smart_Security_Surveillance_System_ws/install/security_surveillance_system:/opt/ros/jazzy DEBUGINFOD_URLS=https://debuginfod.ubuntu.com PS1=${debian_chroot:+($debian_chroot)}\[\033[01;32m\]\u@\h\[\033[00m\]:\[\033[01;34m\]\w\[\033[00m\]\$ VIRTUAL_ENV_PROMPT=(venv-ardupilot) /usr/bin/cmake --build /home/menna/task2-surveillance_system/build/surveillance_interfaces -- -j8 -l8
[4.558s] [  2%] [34m[1mGenerating type hashes for ROS interfaces[0m
[4.571s] [  2%] Built target ament_cmake_python_copy_surveillance_interfaces
[4.850s] [  2%] Built target surveillance_interfaces__rosidl_generator_type_description
[4.865s] [  5%] [34m[1mGenerating C code for ROS interfaces[0m
[4.880s] [  8%] [34m[1mGenerating C++ code for ROS interfaces[0m
[4.974s] running egg_info
[5.019s] creating surveillance_interfaces.egg-info
[5.020s] writing surveillance_interfaces.egg-info/PKG-INFO
[5.020s] writing dependency_links to surveillance_interfaces.egg-info/dependency_links.txt
[5.020s] writing top-level names to surveillance_interfaces.egg-info/top_level.txt
[5.020s] writing manifest file 'surveillance_interfaces.egg-info/SOURCES.txt'
[5.140s] reading manifest file 'surveillance_interfaces.egg-info/SOURCES.txt'
[5.141s] writing manifest file 'surveillance_interfaces.egg-info/SOURCES.txt'
[5.183s] [  8%] Built target ament_cmake_python_build_surveillance_interfaces_egg
[5.431s] [  8%] Built target surveillance_interfaces__cpp
[5.494s] [ 11%] [32mBuilding C object CMakeFiles/surveillance_interfaces__rosidl_generator_c.dir/rosidl_generator_c/surveillance_interfaces/action/detail/security_action__description.c.o[0m
[5.494s] [ 14%] [32mBuilding C object CMakeFiles/surveillance_interfaces__rosidl_generator_c.dir/rosidl_generator_c/surveillance_interfaces/action/detail/security_action__functions.c.o[0m
[5.494s] [ 17%] [32mBuilding C object CMakeFiles/surveillance_interfaces__rosidl_generator_c.dir/rosidl_generator_c/surveillance_interfaces/action/detail/security_action__type_support.c.o[0m
[5.662s] [ 20%] [32m[1mLinking C shared library libsurveillance_interfaces__rosidl_generator_c.so[0m
[5.723s] [ 20%] Built target surveillance_interfaces__rosidl_generator_c
[5.740s] [ 23%] [34m[1mGenerating C type support dispatch for ROS interfaces[0m
[5.740s] [ 26%] [34m[1mGenerating C++ type support dispatch for ROS interfaces[0m
[5.742s] [ 29%] [34m[1mGenerating C introspection for ROS interfaces[0m
[5.745s] [ 32%] [34m[1mGenerating C++ introspection for ROS interfaces[0m
[5.745s] [ 38%] [34m[1mGenerating C type support for eProsima Fast-RTPS[0m
[5.746s] [ 38%] [34m[1mGenerating C++ type support for eProsima Fast-RTPS[0m
[6.194s] [ 41%] [32mBuilding CXX object CMakeFiles/surveillance_interfaces__rosidl_typesupport_cpp.dir/rosidl_typesupport_cpp/surveillance_interfaces/action/security_action__type_support.cpp.o[0m
[6.216s] [ 47%] [32m[1mLinking CXX shared library libsurveillance_interfaces__rosidl_typesupport_cpp.so[0m
[6.216s] [ 47%] [32mBuilding CXX object CMakeFiles/surveillance_interfaces__rosidl_typesupport_c.dir/rosidl_typesupport_c/surveillance_interfaces/action/security_action__type_support.cpp.o[0m
[6.237s] [ 50%] [32m[1mLinking CXX shared library libsurveillance_interfaces__rosidl_typesupport_c.so[0m
[6.310s] [ 50%] Built target surveillance_interfaces__rosidl_typesupport_c
[6.349s] [ 50%] Built target surveillance_interfaces__rosidl_typesupport_cpp
[6.495s] [ 52%] [32mBuilding CXX object CMakeFiles/surveillance_interfaces__rosidl_typesupport_introspection_cpp.dir/rosidl_typesupport_introspection_cpp/surveillance_interfaces/action/detail/security_action__type_support.cpp.o[0m
[6.517s] [ 55%] [32m[1mLinking CXX shared library libsurveillance_interfaces__rosidl_typesupport_introspection_cpp.so[0m
[6.546s] [ 58%] [32mBuilding C object CMakeFiles/surveillance_interfaces__rosidl_typesupport_introspection_c.dir/rosidl_typesupport_introspection_c/surveillance_interfaces/action/detail/security_action__type_support.c.o[0m
[6.566s] [ 61%] [32m[1mLinking C shared library libsurveillance_interfaces__rosidl_typesupport_introspection_c.so[0m
[6.625s] [ 61%] Built target surveillance_interfaces__rosidl_typesupport_introspection_c
[6.656s] [ 61%] Built target surveillance_interfaces__rosidl_typesupport_introspection_cpp
[6.726s] [ 64%] [32mBuilding CXX object CMakeFiles/surveillance_interfaces__rosidl_typesupport_fastrtps_cpp.dir/rosidl_typesupport_fastrtps_cpp/surveillance_interfaces/action/detail/dds_fastrtps/security_action__type_support.cpp.o[0m
[6.750s] [ 67%] [32m[1mLinking CXX shared library libsurveillance_interfaces__rosidl_typesupport_fastrtps_cpp.so[0m
[6.775s] [ 70%] [32mBuilding CXX object CMakeFiles/surveillance_interfaces__rosidl_typesupport_fastrtps_c.dir/rosidl_typesupport_fastrtps_c/surveillance_interfaces/action/detail/security_action__type_support_c.cpp.o[0m
[6.797s] [ 73%] [32m[1mLinking CXX shared library libsurveillance_interfaces__rosidl_typesupport_fastrtps_c.so[0m
[6.894s] [ 73%] Built target surveillance_interfaces__rosidl_typesupport_fastrtps_cpp
[6.935s] [ 73%] Built target surveillance_interfaces__rosidl_typesupport_fastrtps_c
[6.965s] [ 73%] Built target surveillance_interfaces
[6.996s] [ 76%] [34m[1mGenerating Python code for ROS interfaces[0m
[7.804s] [ 76%] Built target surveillance_interfaces__py
[7.835s] [ 79%] [32mBuilding C object CMakeFiles/surveillance_interfaces__rosidl_generator_py.dir/rosidl_generator_py/surveillance_interfaces/action/_security_action_s.c.o[0m
[7.858s] [ 82%] [32m[1mLinking C shared library libsurveillance_interfaces__rosidl_generator_py.so[0m
[7.935s] [ 82%] Built target surveillance_interfaces__rosidl_generator_py
[7.966s] [ 91%] [32mBuilding C object CMakeFiles/surveillance_interfaces_s__rosidl_typesupport_fastrtps_c.dir/rosidl_generator_py/surveillance_interfaces/_surveillance_interfaces_s.ep.rosidl_typesupport_fastrtps_c.c.o[0m
[7.966s] [ 91%] [32mBuilding C object CMakeFiles/surveillance_interfaces_s__rosidl_typesupport_introspection_c.dir/rosidl_generator_py/surveillance_interfaces/_surveillance_interfaces_s.ep.rosidl_typesupport_introspection_c.c.o[0m
[7.966s] [ 91%] [32mBuilding C object CMakeFiles/surveillance_interfaces_s__rosidl_typesupport_c.dir/rosidl_generator_py/surveillance_interfaces/_surveillance_interfaces_s.ep.rosidl_typesupport_c.c.o[0m
[7.986s] [100%] [32m[1mLinking C shared module rosidl_generator_py/surveillance_interfaces/surveillance_interfaces_s__rosidl_typesupport_introspection_c.so[0m
[7.987s] [100%] [32m[1mLinking C shared module rosidl_generator_py/surveillance_interfaces/surveillance_interfaces_s__rosidl_typesupport_fastrtps_c.so[0m
[7.987s] [100%] [32m[1mLinking C shared module rosidl_generator_py/surveillance_interfaces/surveillance_interfaces_s__rosidl_typesupport_c.so[0m
[8.040s] [100%] Built target surveillance_interfaces_s__rosidl_typesupport_c
[8.042s] [100%] Built target surveillance_interfaces_s__rosidl_typesupport_introspection_c
[8.042s] [100%] Built target surveillance_interfaces_s__rosidl_typesupport_fastrtps_c
[8.059s] Invoked command in '/home/menna/task2-surveillance_system/build/surveillance_interfaces' returned '0': CMAKE_PREFIX_PATH=${CMAKE_PREFIX_PATH}:/home/menna/task2-surveillance_system/install/smart_surveillance:/home/menna/Distributed-Smart-Security-Surveillance-System-using-ROS2/install/security_surveillance_system:/home/menna/Distributed_Smart_Security_Surveillance_System_ws/install/security_surveillance_system:/opt/ros/jazzy DEBUGINFOD_URLS=https://debuginfod.ubuntu.com PS1=${debian_chroot:+($debian_chroot)}\[\033[01;32m\]\u@\h\[\033[00m\]:\[\033[01;34m\]\w\[\033[00m\]\$ VIRTUAL_ENV_PROMPT=(venv-ardupilot) /usr/bin/cmake --build /home/menna/task2-surveillance_system/build/surveillance_interfaces -- -j8 -l8
[8.074s] Invoking command in '/home/menna/task2-surveillance_system/build/surveillance_interfaces': CMAKE_PREFIX_PATH=${CMAKE_PREFIX_PATH}:/home/menna/task2-surveillance_system/install/smart_surveillance:/home/menna/Distributed-Smart-Security-Surveillance-System-using-ROS2/install/security_surveillance_system:/home/menna/Distributed_Smart_Security_Surveillance_System_ws/install/security_surveillance_system:/opt/ros/jazzy DEBUGINFOD_URLS=https://debuginfod.ubuntu.com PS1=${debian_chroot:+($debian_chroot)}\[\033[01;32m\]\u@\h\[\033[00m\]:\[\033[01;34m\]\w\[\033[00m\]\$ VIRTUAL_ENV_PROMPT=(venv-ardupilot) /usr/bin/cmake --install /home/menna/task2-surveillance_system/build/surveillance_interfaces
[8.086s] -- Install configuration: ""
[8.086s] -- Installing: /home/menna/task2-surveillance_system/install/surveillance_interfaces/share/ament_index/resource_index/rosidl_interfaces/surveillance_interfaces
[8.086s] -- Installing: /home/menna/task2-surveillance_system/install/surveillance_interfaces/share/surveillance_interfaces/action/SecurityAction.json
[8.087s] -- Installing: /home/menna/task2-surveillance_system/install/surveillance_interfaces/include/surveillance_interfaces/surveillance_interfaces
[8.087s] -- Installing: /home/menna/task2-surveillance_system/install/surveillance_interfaces/include/surveillance_interfaces/surveillance_interfaces/msg
[8.087s] -- Installing: /home/menna/task2-surveillance_system/install/surveillance_interfaces/include/surveillance_interfaces/surveillance_interfaces/msg/rosidl_generator_c__visibility_control.h
[8.087s] -- Installing: /home/menna/task2-surveillance_system/install/surveillance_interfaces/include/surveillance_interfaces/surveillance_interfaces/action
[8.087s] -- Installing: /home/menna/task2-surveillance_system/install/surveillance_interfaces/include/surveillance_interfaces/surveillance_interfaces/action/security_action.h
[8.088s] -- Installing: /home/menna/task2-surveillance_system/install/surveillance_interfaces/include/surveillance_interfaces/surveillance_interfaces/action/detail
[8.088s] -- Installing: /home/menna/task2-surveillance_system/install/surveillance_interfaces/include/surveillance_interfaces/surveillance_interfaces/action/detail/security_action__struct.h
[8.088s] -- Installing: /home/menna/task2-surveillance_system/install/surveillance_interfaces/include/surveillance_interfaces/surveillance_interfaces/action/detail/security_action__functions.c
[8.088s] -- Installing: /home/menna/task2-surveillance_system/install/surveillance_interfaces/include/surveillance_interfaces/surveillance_interfaces/action/detail/security_action__description.c
[8.088s] -- Installing: /home/menna/task2-surveillance_system/install/surveillance_interfaces/include/surveillance_interfaces/surveillance_interfaces/action/detail/security_action__type_support.c
[8.089s] -- Installing: /home/menna/task2-surveillance_system/install/surveillance_interfaces/include/surveillance_interfaces/surveillance_interfaces/action/detail/security_action__functions.h
[8.089s] -- Installing: /home/menna/task2-surveillance_system/install/surveillance_interfaces/include/surveillance_interfaces/surveillance_interfaces/action/detail/security_action__type_support.h
[8.089s] -- Installing: /home/menna/task2-surveillance_system/install/surveillance_interfaces/share/surveillance_interfaces/environment/library_path.sh
[8.089s] -- Installing: /home/menna/task2-surveillance_system/install/surveillance_interfaces/share/surveillance_interfaces/environment/library_path.dsv
[8.090s] -- Installing: /home/menna/task2-surveillance_system/install/surveillance_interfaces/lib/libsurveillance_interfaces__rosidl_generator_c.so
[8.091s] -- Set non-toolchain portion of runtime path of "/home/menna/task2-surveillance_system/install/surveillance_interfaces/lib/libsurveillance_interfaces__rosidl_generator_c.so" to ""
[8.091s] -- Up-to-date: /home/menna/task2-surveillance_system/install/surveillance_interfaces/include/surveillance_interfaces/surveillance_interfaces
[8.091s] -- Up-to-date: /home/menna/task2-surveillance_system/install/surveillance_interfaces/include/surveillance_interfaces/surveillance_interfaces/msg
[8.091s] -- Installing: /home/menna/task2-surveillance_system/install/surveillance_interfaces/include/surveillance_interfaces/surveillance_interfaces/msg/rosidl_typesupport_fastrtps_c__visibility_control.h
[8.091s] -- Up-to-date: /home/menna/task2-surveillance_system/install/surveillance_interfaces/include/surveillance_interfaces/surveillance_interfaces/action
[8.092s] -- Up-to-date: /home/menna/task2-surveillance_system/install/surveillance_interfaces/include/surveillance_interfaces/surveillance_interfaces/action/detail
[8.092s] -- Installing: /home/menna/task2-surveillance_system/install/surveillance_interfaces/include/surveillance_interfaces/surveillance_interfaces/action/detail/security_action__rosidl_typesupport_fastrtps_c.h
[8.092s] -- Installing: /home/menna/task2-surveillance_system/install/surveillance_interfaces/lib/libsurveillance_interfaces__rosidl_typesupport_fastrtps_c.so
[8.093s] -- Set non-toolchain portion of runtime path of "/home/menna/task2-surveillance_system/install/surveillance_interfaces/lib/libsurveillance_interfaces__rosidl_typesupport_fastrtps_c.so" to ""
[8.093s] -- Up-to-date: /home/menna/task2-surveillance_system/install/surveillance_interfaces/include/surveillance_interfaces/surveillance_interfaces
[8.093s] -- Up-to-date: /home/menna/task2-surveillance_system/install/surveillance_interfaces/include/surveillance_interfaces/surveillance_interfaces/msg
[8.093s] -- Installing: /home/menna/task2-surveillance_system/install/surveillance_interfaces/include/surveillance_interfaces/surveillance_interfaces/msg/rosidl_typesupport_introspection_c__visibility_control.h
[8.093s] -- Up-to-date: /home/menna/task2-surveillance_system/install/surveillance_interfaces/include/surveillance_interfaces/surveillance_interfaces/action
[8.093s] -- Up-to-date: /home/menna/task2-surveillance_system/install/surveillance_interfaces/include/surveillance_interfaces/surveillance_interfaces/action/detail
[8.094s] -- Installing: /home/menna/task2-surveillance_system/install/surveillance_interfaces/include/surveillance_interfaces/surveillance_interfaces/action/detail/security_action__rosidl_typesupport_introspection_c.h
[8.094s] -- Installing: /home/menna/task2-surveillance_system/install/surveillance_interfaces/include/surveillance_interfaces/surveillance_interfaces/action/detail/security_action__type_support.c
[8.094s] -- Installing: /home/menna/task2-surveillance_system/install/surveillance_interfaces/lib/libsurveillance_interfaces__rosidl_typesupport_introspection_c.so
[8.095s] -- Set non-toolchain portion of runtime path of "/home/menna/task2-surveillance_system/install/surveillance_interfaces/lib/libsurveillance_interfaces__rosidl_typesupport_introspection_c.so" to ""
[8.095s] -- Installing: /home/menna/task2-surveillance_system/install/surveillance_interfaces/lib/libsurveillance_interfaces__rosidl_typesupport_c.so
[8.096s] -- Set non-toolchain portion of runtime path of "/home/menna/task2-surveillance_system/install/surveillance_interfaces/lib/libsurveillance_interfaces__rosidl_typesupport_c.so" to ""
[8.096s] -- Up-to-date: /home/menna/task2-surveillance_system/install/surveillance_interfaces/include/surveillance_interfaces/surveillance_interfaces
[8.096s] -- Up-to-date: /home/menna/task2-surveillance_system/install/surveillance_interfaces/include/surveillance_interfaces/surveillance_interfaces/msg
[8.096s] -- Installing: /home/menna/task2-surveillance_system/install/surveillance_interfaces/include/surveillance_interfaces/surveillance_interfaces/msg/rosidl_generator_cpp__visibility_control.hpp
[8.097s] -- Up-to-date: /home/menna/task2-surveillance_system/install/surveillance_interfaces/include/surveillance_interfaces/surveillance_interfaces/action
[8.097s] -- Installing: /home/menna/task2-surveillance_system/install/surveillance_interfaces/include/surveillance_interfaces/surveillance_interfaces/action/security_action.hpp
[8.097s] -- Up-to-date: /home/menna/task2-surveillance_system/install/surveillance_interfaces/include/surveillance_interfaces/surveillance_interfaces/action/detail
[8.097s] -- Installing: /home/menna/task2-surveillance_system/install/surveillance_interfaces/include/surveillance_interfaces/surveillance_interfaces/action/detail/security_action__builder.hpp
[8.097s] -- Installing: /home/menna/task2-surveillance_system/install/surveillance_interfaces/include/surveillance_interfaces/surveillance_interfaces/action/detail/security_action__struct.hpp
[8.098s] -- Installing: /home/menna/task2-surveillance_system/install/surveillance_interfaces/include/surveillance_interfaces/surveillance_interfaces/action/detail/security_action__type_support.hpp
[8.098s] -- Installing: /home/menna/task2-surveillance_system/install/surveillance_interfaces/include/surveillance_interfaces/surveillance_interfaces/action/detail/security_action__traits.hpp
[8.098s] -- Up-to-date: /home/menna/task2-surveillance_system/install/surveillance_interfaces/include/surveillance_interfaces/surveillance_interfaces
[8.098s] -- Up-to-date: /home/menna/task2-surveillance_system/install/surveillance_interfaces/include/surveillance_interfaces/surveillance_interfaces/msg
[8.098s] -- Installing: /home/menna/task2-surveillance_system/install/surveillance_interfaces/include/surveillance_interfaces/surveillance_interfaces/msg/rosidl_typesupport_fastrtps_cpp__visibility_control.h
[8.098s] -- Up-to-date: /home/menna/task2-surveillance_system/install/surveillance_interfaces/include/surveillance_interfaces/surveillance_interfaces/action
[8.098s] -- Up-to-date: /home/menna/task2-surveillance_system/install/surveillance_interfaces/include/surveillance_interfaces/surveillance_interfaces/action/detail
[8.098s] -- Installing: /home/menna/task2-surveillance_system/install/surveillance_interfaces/include/surveillance_interfaces/surveillance_interfaces/action/detail/security_action__rosidl_typesupport_fastrtps_cpp.hpp
[8.098s] -- Installing: /home/menna/task2-surveillance_system/install/surveillance_interfaces/include/surveillance_interfaces/surveillance_interfaces/action/detail/dds_fastrtps
[8.099s] -- Installing: /home/menna/task2-surveillance_system/install/surveillance_interfaces/lib/libsurveillance_interfaces__rosidl_typesupport_fastrtps_cpp.so
[8.099s] -- Set non-toolchain portion of runtime path of "/home/menna/task2-surveillance_system/install/surveillance_interfaces/lib/libsurveillance_interfaces__rosidl_typesupport_fastrtps_cpp.so" to ""
[8.099s] -- Up-to-date: /home/menna/task2-surveillance_system/install/surveillance_interfaces/include/surveillance_interfaces/surveillance_interfaces
[8.100s] -- Up-to-date: /home/menna/task2-surveillance_system/install/surveillance_interfaces/include/surveillance_interfaces/surveillance_interfaces/action
[8.100s] -- Up-to-date: /home/menna/task2-surveillance_system/install/surveillance_interfaces/include/surveillance_interfaces/surveillance_interfaces/action/detail
[8.100s] -- Installing: /home/menna/task2-surveillance_system/install/surveillance_interfaces/include/surveillance_interfaces/surveillance_interfaces/action/detail/security_action__type_support.cpp
[8.100s] -- Installing: /home/menna/task2-surveillance_system/install/surveillance_interfaces/include/surveillance_interfaces/surveillance_interfaces/action/detail/security_action__rosidl_typesupport_introspection_cpp.hpp
[8.100s] -- Installing: /home/menna/task2-surveillance_system/install/surveillance_interfaces/lib/libsurveillance_interfaces__rosidl_typesupport_introspection_cpp.so
[8.101s] -- Set non-toolchain portion of runtime path of "/home/menna/task2-surveillance_system/install/surveillance_interfaces/lib/libsurveillance_interfaces__rosidl_typesupport_introspection_cpp.so" to ""
[8.101s] -- Installing: /home/menna/task2-surveillance_system/install/surveillance_interfaces/lib/libsurveillance_interfaces__rosidl_typesupport_cpp.so
[8.102s] -- Set non-toolchain portion of runtime path of "/home/menna/task2-surveillance_system/install/surveillance_interfaces/lib/libsurveillance_interfaces__rosidl_typesupport_cpp.so" to ""
[8.102s] -- Installing: /home/menna/task2-surveillance_system/install/surveillance_interfaces/share/surveillance_interfaces/environment/pythonpath.sh
[8.102s] -- Installing: /home/menna/task2-surveillance_system/install/surveillance_interfaces/share/surveillance_interfaces/environment/pythonpath.dsv
[8.102s] -- Installing: /home/menna/task2-surveillance_system/install/surveillance_interfaces/lib/python3.12/site-packages/surveillance_interfaces-1.0.0-py3.12.egg-info
[8.103s] -- Installing: /home/menna/task2-surveillance_system/install/surveillance_interfaces/lib/python3.12/site-packages/surveillance_interfaces-1.0.0-py3.12.egg-info/SOURCES.txt
[8.103s] -- Installing: /home/menna/task2-surveillance_system/install/surveillance_interfaces/lib/python3.12/site-packages/surveillance_interfaces-1.0.0-py3.12.egg-info/top_level.txt
[8.103s] -- Installing: /home/menna/task2-surveillance_system/install/surveillance_interfaces/lib/python3.12/site-packages/surveillance_interfaces-1.0.0-py3.12.egg-info/dependency_links.txt
[8.103s] -- Installing: /home/menna/task2-surveillance_system/install/surveillance_interfaces/lib/python3.12/site-packages/surveillance_interfaces-1.0.0-py3.12.egg-info/PKG-INFO
[8.103s] -- Installing: /home/menna/task2-surveillance_system/install/surveillance_interfaces/lib/python3.12/site-packages/surveillance_interfaces
[8.103s] -- Installing: /home/menna/task2-surveillance_system/install/surveillance_interfaces/lib/python3.12/site-packages/surveillance_interfaces/surveillance_interfaces_s__rosidl_typesupport_fastrtps_c.so
[8.103s] -- Installing: /home/menna/task2-surveillance_system/install/surveillance_interfaces/lib/python3.12/site-packages/surveillance_interfaces/_surveillance_interfaces_s.ep.rosidl_typesupport_c.c
[8.104s] -- Installing: /home/menna/task2-surveillance_system/install/surveillance_interfaces/lib/python3.12/site-packages/surveillance_interfaces/surveillance_interfaces_s__rosidl_typesupport_c.so
[8.104s] -- Installing: /home/menna/task2-surveillance_system/install/surveillance_interfaces/lib/python3.12/site-packages/surveillance_interfaces/__init__.py
[8.104s] -- Installing: /home/menna/task2-surveillance_system/install/surveillance_interfaces/lib/python3.12/site-packages/surveillance_interfaces/_surveillance_interfaces_s.ep.rosidl_typesupport_fastrtps_c.c
[8.104s] -- Installing: /home/menna/task2-surveillance_system/install/surveillance_interfaces/lib/python3.12/site-packages/surveillance_interfaces/action
[8.105s] -- Installing: /home/menna/task2-surveillance_system/install/surveillance_interfaces/lib/python3.12/site-packages/surveillance_interfaces/action/__init__.py
[8.105s] -- Installing: /home/menna/task2-surveillance_system/install/surveillance_interfaces/lib/python3.12/site-packages/surveillance_interfaces/action/_security_action_s.c
[8.105s] -- Installing: /home/menna/task2-surveillance_system/install/surveillance_interfaces/lib/python3.12/site-packages/surveillance_interfaces/action/_security_action.py
[8.105s] -- Installing: /home/menna/task2-surveillance_system/install/surveillance_interfaces/lib/python3.12/site-packages/surveillance_interfaces/_surveillance_interfaces_s.ep.rosidl_typesupport_introspection_c.c
[8.105s] -- Installing: /home/menna/task2-surveillance_system/install/surveillance_interfaces/lib/python3.12/site-packages/surveillance_interfaces/surveillance_interfaces_s__rosidl_typesupport_introspection_c.so
[8.172s] Listing '/home/menna/task2-surveillance_system/install/surveillance_interfaces/lib/python3.12/site-packages/surveillance_interfaces'...
[8.173s] Compiling '/home/menna/task2-surveillance_system/install/surveillance_interfaces/lib/python3.12/site-packages/surveillance_interfaces/__init__.py'...
[8.173s] Listing '/home/menna/task2-surveillance_system/install/surveillance_interfaces/lib/python3.12/site-packages/surveillance_interfaces/action'...
[8.173s] Compiling '/home/menna/task2-surveillance_system/install/surveillance_interfaces/lib/python3.12/site-packages/surveillance_interfaces/action/__init__.py'...
[8.173s] Compiling '/home/menna/task2-surveillance_system/install/surveillance_interfaces/lib/python3.12/site-packages/surveillance_interfaces/action/_security_action.py'...
[8.181s] -- Installing: /home/menna/task2-surveillance_system/install/surveillance_interfaces/lib/python3.12/site-packages/surveillance_interfaces/surveillance_interfaces_s__rosidl_typesupport_fastrtps_c.so
[8.181s] -- Set non-toolchain portion of runtime path of "/home/menna/task2-surveillance_system/install/surveillance_interfaces/lib/python3.12/site-packages/surveillance_interfaces/surveillance_interfaces_s__rosidl_typesupport_fastrtps_c.so" to ""
[8.181s] -- Installing: /home/menna/task2-surveillance_system/install/surveillance_interfaces/lib/python3.12/site-packages/surveillance_interfaces/surveillance_interfaces_s__rosidl_typesupport_introspection_c.so
[8.182s] -- Set non-toolchain portion of runtime path of "/home/menna/task2-surveillance_system/install/surveillance_interfaces/lib/python3.12/site-packages/surveillance_interfaces/surveillance_interfaces_s__rosidl_typesupport_introspection_c.so" to ""
[8.182s] -- Installing: /home/menna/task2-surveillance_system/install/surveillance_interfaces/lib/python3.12/site-packages/surveillance_interfaces/surveillance_interfaces_s__rosidl_typesupport_c.so
[8.183s] -- Set non-toolchain portion of runtime path of "/home/menna/task2-surveillance_system/install/surveillance_interfaces/lib/python3.12/site-packages/surveillance_interfaces/surveillance_interfaces_s__rosidl_typesupport_c.so" to ""
[8.183s] -- Installing: /home/menna/task2-surveillance_system/install/surveillance_interfaces/lib/libsurveillance_interfaces__rosidl_generator_py.so
[8.184s] -- Set non-toolchain portion of runtime path of "/home/menna/task2-surveillance_system/install/surveillance_interfaces/lib/libsurveillance_interfaces__rosidl_generator_py.so" to ""
[8.184s] -- Installing: /home/menna/task2-surveillance_system/install/surveillance_interfaces/share/surveillance_interfaces/action/SecurityAction.idl
[8.184s] -- Installing: /home/menna/task2-surveillance_system/install/surveillance_interfaces/share/surveillance_interfaces/action/SecurityAction.action
[8.184s] -- Installing: /home/menna/task2-surveillance_system/install/surveillance_interfaces/share/ament_index/resource_index/package_run_dependencies/surveillance_interfaces
[8.185s] -- Installing: /home/menna/task2-surveillance_system/install/surveillance_interfaces/share/ament_index/resource_index/parent_prefix_path/surveillance_interfaces
[8.185s] -- Installing: /home/menna/task2-surveillance_system/install/surveillance_interfaces/share/surveillance_interfaces/environment/ament_prefix_path.sh
[8.185s] -- Installing: /home/menna/task2-surveillance_system/install/surveillance_interfaces/share/surveillance_interfaces/environment/ament_prefix_path.dsv
[8.185s] -- Installing: /home/menna/task2-surveillance_system/install/surveillance_interfaces/share/surveillance_interfaces/environment/path.sh
[8.185s] -- Installing: /home/menna/task2-surveillance_system/install/surveillance_interfaces/share/surveillance_interfaces/environment/path.dsv
[8.185s] -- Installing: /home/menna/task2-surveillance_system/install/surveillance_interfaces/share/surveillance_interfaces/local_setup.bash
[8.186s] -- Installing: /home/menna/task2-surveillance_system/install/surveillance_interfaces/share/surveillance_interfaces/local_setup.sh
[8.186s] -- Installing: /home/menna/task2-surveillance_system/install/surveillance_interfaces/share/surveillance_interfaces/local_setup.zsh
[8.186s] -- Installing: /home/menna/task2-surveillance_system/install/surveillance_interfaces/share/surveillance_interfaces/local_setup.dsv
[8.186s] -- Installing: /home/menna/task2-surveillance_system/install/surveillance_interfaces/share/surveillance_interfaces/package.dsv
[8.186s] -- Installing: /home/menna/task2-surveillance_system/install/surveillance_interfaces/share/ament_index/resource_index/packages/surveillance_interfaces
[8.187s] -- Installing: /home/menna/task2-surveillance_system/install/surveillance_interfaces/share/surveillance_interfaces/cmake/export_surveillance_interfaces__rosidl_generator_cExport.cmake
[8.187s] -- Installing: /home/menna/task2-surveillance_system/install/surveillance_interfaces/share/surveillance_interfaces/cmake/export_surveillance_interfaces__rosidl_generator_cExport-noconfig.cmake
[8.187s] -- Installing: /home/menna/task2-surveillance_system/install/surveillance_interfaces/share/surveillance_interfaces/cmake/export_surveillance_interfaces__rosidl_typesupport_fastrtps_cExport.cmake
[8.187s] -- Installing: /home/menna/task2-surveillance_system/install/surveillance_interfaces/share/surveillance_interfaces/cmake/export_surveillance_interfaces__rosidl_typesupport_fastrtps_cExport-noconfig.cmake
[8.188s] -- Installing: /home/menna/task2-surveillance_system/install/surveillance_interfaces/share/surveillance_interfaces/cmake/surveillance_interfaces__rosidl_typesupport_introspection_cExport.cmake
[8.188s] -- Installing: /home/menna/task2-surveillance_system/install/surveillance_interfaces/share/surveillance_interfaces/cmake/surveillance_interfaces__rosidl_typesupport_introspection_cExport-noconfig.cmake
[8.188s] -- Installing: /home/menna/task2-surveillance_system/install/surveillance_interfaces/share/surveillance_interfaces/cmake/surveillance_interfaces__rosidl_typesupport_cExport.cmake
[8.188s] -- Installing: /home/menna/task2-surveillance_system/install/surveillance_interfaces/share/surveillance_interfaces/cmake/surveillance_interfaces__rosidl_typesupport_cExport-noconfig.cmake
[8.188s] -- Installing: /home/menna/task2-surveillance_system/install/surveillance_interfaces/share/surveillance_interfaces/cmake/export_surveillance_interfaces__rosidl_generator_cppExport.cmake
[8.189s] -- Installing: /home/menna/task2-surveillance_system/install/surveillance_interfaces/share/surveillance_interfaces/cmake/export_surveillance_interfaces__rosidl_typesupport_fastrtps_cppExport.cmake
[8.189s] -- Installing: /home/menna/task2-surveillance_system/install/surveillance_interfaces/share/surveillance_interfaces/cmake/export_surveillance_interfaces__rosidl_typesupport_fastrtps_cppExport-noconfig.cmake
[8.189s] -- Installing: /home/menna/task2-surveillance_system/install/surveillance_interfaces/share/surveillance_interfaces/cmake/surveillance_interfaces__rosidl_typesupport_introspection_cppExport.cmake
[8.189s] -- Installing: /home/menna/task2-surveillance_system/install/surveillance_interfaces/share/surveillance_interfaces/cmake/surveillance_interfaces__rosidl_typesupport_introspection_cppExport-noconfig.cmake
[8.189s] -- Installing: /home/menna/task2-surveillance_system/install/surveillance_interfaces/share/surveillance_interfaces/cmake/surveillance_interfaces__rosidl_typesupport_cppExport.cmake
[8.189s] -- Installing: /home/menna/task2-surveillance_system/install/surveillance_interfaces/share/surveillance_interfaces/cmake/surveillance_interfaces__rosidl_typesupport_cppExport-noconfig.cmake
[8.190s] -- Installing: /home/menna/task2-surveillance_system/install/surveillance_interfaces/share/surveillance_interfaces/cmake/export_surveillance_interfaces__rosidl_generator_pyExport.cmake
[8.190s] -- Installing: /home/menna/task2-surveillance_system/install/surveillance_interfaces/share/surveillance_interfaces/cmake/export_surveillance_interfaces__rosidl_generator_pyExport-noconfig.cmake
[8.190s] -- Installing: /home/menna/task2-surveillance_system/install/surveillance_interfaces/share/surveillance_interfaces/cmake/rosidl_cmake-extras.cmake
[8.190s] -- Installing: /home/menna/task2-surveillance_system/install/surveillance_interfaces/share/surveillance_interfaces/cmake/ament_cmake_export_dependencies-extras.cmake
[8.191s] -- Installing: /home/menna/task2-surveillance_system/install/surveillance_interfaces/share/surveillance_interfaces/cmake/ament_cmake_export_include_directories-extras.cmake
[8.191s] -- Installing: /home/menna/task2-surveillance_system/install/surveillance_interfaces/share/surveillance_interfaces/cmake/ament_cmake_export_libraries-extras.cmake
[8.191s] -- Installing: /home/menna/task2-surveillance_system/install/surveillance_interfaces/share/surveillance_interfaces/cmake/ament_cmake_export_targets-extras.cmake
[8.191s] -- Installing: /home/menna/task2-surveillance_system/install/surveillance_interfaces/share/surveillance_interfaces/cmake/rosidl_cmake_export_typesupport_targets-extras.cmake
[8.191s] -- Installing: /home/menna/task2-surveillance_system/install/surveillance_interfaces/share/surveillance_interfaces/cmake/rosidl_cmake_export_typesupport_libraries-extras.cmake
[8.192s] -- Installing: /home/menna/task2-surveillance_system/install/surveillance_interfaces/share/surveillance_interfaces/cmake/surveillance_interfacesConfig.cmake
[8.192s] -- Installing: /home/menna/task2-surveillance_system/install/surveillance_interfaces/share/surveillance_interfaces/cmake/surveillance_interfacesConfig-version.cmake
[8.192s] -- Installing: /home/menna/task2-surveillance_system/install/surveillance_interfaces/share/surveillance_interfaces/package.xml
[8.195s] Invoked command in '/home/menna/task2-surveillance_system/build/surveillance_interfaces' returned '0': CMAKE_PREFIX_PATH=${CMAKE_PREFIX_PATH}:/home/menna/task2-surveillance_system/install/smart_surveillance:/home/menna/Distributed-Smart-Security-Surveillance-System-using-ROS2/install/security_surveillance_system:/home/menna/Distributed_Smart_Security_Surveillance_System_ws/install/security_surveillance_system:/opt/ros/jazzy DEBUGINFOD_URLS=https://debuginfod.ubuntu.com PS1=${debian_chroot:+($debian_chroot)}\[\033[01;32m\]\u@\h\[\033[00m\]:\[\033[01;34m\]\w\[\033[00m\]\$ VIRTUAL_ENV_PROMPT=(venv-ardupilot) /usr/bin/cmake --install /home/menna/task2-surveillance_system/build/surveillance_interfaces
