[0.015s] Invoking command in '/home/menna/task2-surveillance_system/build/surveillance_interfaces': CMAKE_PREFIX_PATH=${CMAKE_PREFIX_PATH}:/home/menna/task2-surveillance_system/install/smart_surveillance:/home/menna/Distributed-Smart-Security-Surveillance-System-using-ROS2/install/security_surveillance_system:/home/menna/Distributed_Smart_Security_Surveillance_System_ws/install/security_surveillance_system:/opt/ros/jazzy DEBUGINFOD_URLS=https://debuginfod.ubuntu.com PS1=${debian_chroot:+($debian_chroot)}\[\033[01;32m\]\u@\h\[\033[00m\]:\[\033[01;34m\]\w\[\033[00m\]\$ VIRTUAL_ENV_PROMPT=(venv-ardupilot) /usr/bin/cmake --build /home/menna/task2-surveillance_system/build/surveillance_interfaces -- -j8 -l8
[0.087s] [  2%] Built target surveillance_interfaces__rosidl_generator_type_description
[0.101s] [  2%] Built target ament_cmake_python_copy_surveillance_interfaces
[0.116s] [  5%] Built target surveillance_interfaces__cpp
[0.117s] [ 20%] Built target surveillance_interfaces__rosidl_generator_c
[0.155s] [ 29%] Built target surveillance_interfaces__rosidl_typesupport_introspection_c
[0.162s] [ 44%] Built target surveillance_interfaces__rosidl_typesupport_c
[0.162s] [ 47%] Built target surveillance_interfaces__rosidl_typesupport_introspection_cpp
[0.164s] [ 64%] Built target surveillance_interfaces__rosidl_typesupport_cpp
[0.164s] [ 64%] Built target surveillance_interfaces__rosidl_typesupport_fastrtps_c
[0.168s] [ 73%] Built target surveillance_interfaces__rosidl_typesupport_fastrtps_cpp
[0.198s] [ 73%] Built target surveillance_interfaces
[0.228s] [ 76%] Built target surveillance_interfaces__py
[0.261s] [ 82%] Built target surveillance_interfaces__rosidl_generator_py
[0.293s] [100%] Built target surveillance_interfaces_s__rosidl_typesupport_introspection_c
[0.293s] [100%] Built target surveillance_interfaces_s__rosidl_typesupport_fastrtps_c
[0.293s] [100%] Built target surveillance_interfaces_s__rosidl_typesupport_c
[0.480s] running egg_info
[0.512s] writing surveillance_interfaces.egg-info/PKG-INFO
[0.513s] writing dependency_links to surveillance_interfaces.egg-info/dependency_links.txt
[0.513s] writing top-level names to surveillance_interfaces.egg-info/top_level.txt
[0.611s] reading manifest file 'surveillance_interfaces.egg-info/SOURCES.txt'
[0.612s] writing manifest file 'surveillance_interfaces.egg-info/SOURCES.txt'
[0.650s] [100%] Built target ament_cmake_python_build_surveillance_interfaces_egg
[0.666s] Invoked command in '/home/menna/task2-surveillance_system/build/surveillance_interfaces' returned '0': CMAKE_PREFIX_PATH=${CMAKE_PREFIX_PATH}:/home/menna/task2-surveillance_system/install/smart_surveillance:/home/menna/Distributed-Smart-Security-Surveillance-System-using-ROS2/install/security_surveillance_system:/home/menna/Distributed_Smart_Security_Surveillance_System_ws/install/security_surveillance_system:/opt/ros/jazzy DEBUGINFOD_URLS=https://debuginfod.ubuntu.com PS1=${debian_chroot:+($debian_chroot)}\[\033[01;32m\]\u@\h\[\033[00m\]:\[\033[01;34m\]\w\[\033[00m\]\$ VIRTUAL_ENV_PROMPT=(venv-ardupilot) /usr/bin/cmake --build /home/menna/task2-surveillance_system/build/surveillance_interfaces -- -j8 -l8
[0.680s] Invoking command in '/home/menna/task2-surveillance_system/build/surveillance_interfaces': CMAKE_PREFIX_PATH=${CMAKE_PREFIX_PATH}:/home/menna/task2-surveillance_system/install/smart_surveillance:/home/menna/Distributed-Smart-Security-Surveillance-System-using-ROS2/install/security_surveillance_system:/home/menna/Distributed_Smart_Security_Surveillance_System_ws/install/security_surveillance_system:/opt/ros/jazzy DEBUGINFOD_URLS=https://debuginfod.ubuntu.com PS1=${debian_chroot:+($debian_chroot)}\[\033[01;32m\]\u@\h\[\033[00m\]:\[\033[01;34m\]\w\[\033[00m\]\$ VIRTUAL_ENV_PROMPT=(venv-ardupilot) /usr/bin/cmake --install /home/menna/task2-surveillance_system/build/surveillance_interfaces
[0.692s] -- Install configuration: ""
[0.692s] -- Up-to-date: /home/menna/task2-surveillance_system/install/surveillance_interfaces/share/ament_index/resource_index/rosidl_interfaces/surveillance_interfaces
[0.692s] -- Up-to-date: /home/menna/task2-surveillance_system/install/surveillance_interfaces/share/surveillance_interfaces/action/SecurityAction.json
[0.692s] -- Up-to-date: /home/menna/task2-surveillance_system/install/surveillance_interfaces/include/surveillance_interfaces/surveillance_interfaces
[0.693s] -- Up-to-date: /home/menna/task2-surveillance_system/install/surveillance_interfaces/include/surveillance_interfaces/surveillance_interfaces/msg
[0.693s] -- Up-to-date: /home/menna/task2-surveillance_system/install/surveillance_interfaces/include/surveillance_interfaces/surveillance_interfaces/msg/rosidl_generator_c__visibility_control.h
[0.693s] -- Up-to-date: /home/menna/task2-surveillance_system/install/surveillance_interfaces/include/surveillance_interfaces/surveillance_interfaces/action
[0.693s] -- Up-to-date: /home/menna/task2-surveillance_system/install/surveillance_interfaces/include/surveillance_interfaces/surveillance_interfaces/action/security_action.h
[0.693s] -- Up-to-date: /home/menna/task2-surveillance_system/install/surveillance_interfaces/include/surveillance_interfaces/surveillance_interfaces/action/detail
[0.693s] -- Up-to-date: /home/menna/task2-surveillance_system/install/surveillance_interfaces/include/surveillance_interfaces/surveillance_interfaces/action/detail/security_action__struct.h
[0.693s] -- Up-to-date: /home/menna/task2-surveillance_system/install/surveillance_interfaces/include/surveillance_interfaces/surveillance_interfaces/action/detail/security_action__functions.c
[0.693s] -- Up-to-date: /home/menna/task2-surveillance_system/install/surveillance_interfaces/include/surveillance_interfaces/surveillance_interfaces/action/detail/security_action__description.c
[0.694s] -- Up-to-date: /home/menna/task2-surveillance_system/install/surveillance_interfaces/include/surveillance_interfaces/surveillance_interfaces/action/detail/security_action__type_support.c
[0.694s] -- Up-to-date: /home/menna/task2-surveillance_system/install/surveillance_interfaces/include/surveillance_interfaces/surveillance_interfaces/action/detail/security_action__functions.h
[0.694s] -- Up-to-date: /home/menna/task2-surveillance_system/install/surveillance_interfaces/include/surveillance_interfaces/surveillance_interfaces/action/detail/security_action__type_support.h
[0.694s] -- Up-to-date: /home/menna/task2-surveillance_system/install/surveillance_interfaces/share/surveillance_interfaces/environment/library_path.sh
[0.694s] -- Up-to-date: /home/menna/task2-surveillance_system/install/surveillance_interfaces/share/surveillance_interfaces/environment/library_path.dsv
[0.694s] -- Up-to-date: /home/menna/task2-surveillance_system/install/surveillance_interfaces/lib/libsurveillance_interfaces__rosidl_generator_c.so
[0.694s] -- Up-to-date: /home/menna/task2-surveillance_system/install/surveillance_interfaces/include/surveillance_interfaces/surveillance_interfaces
[0.694s] -- Up-to-date: /home/menna/task2-surveillance_system/install/surveillance_interfaces/include/surveillance_interfaces/surveillance_interfaces/msg
[0.694s] -- Up-to-date: /home/menna/task2-surveillance_system/install/surveillance_interfaces/include/surveillance_interfaces/surveillance_interfaces/msg/rosidl_typesupport_fastrtps_c__visibility_control.h
[0.694s] -- Up-to-date: /home/menna/task2-surveillance_system/install/surveillance_interfaces/include/surveillance_interfaces/surveillance_interfaces/action
[0.695s] -- Up-to-date: /home/menna/task2-surveillance_system/install/surveillance_interfaces/include/surveillance_interfaces/surveillance_interfaces/action/detail
[0.695s] -- Up-to-date: /home/menna/task2-surveillance_system/install/surveillance_interfaces/include/surveillance_interfaces/surveillance_interfaces/action/detail/security_action__rosidl_typesupport_fastrtps_c.h
[0.695s] -- Up-to-date: /home/menna/task2-surveillance_system/install/surveillance_interfaces/lib/libsurveillance_interfaces__rosidl_typesupport_fastrtps_c.so
[0.695s] -- Up-to-date: /home/menna/task2-surveillance_system/install/surveillance_interfaces/include/surveillance_interfaces/surveillance_interfaces
[0.695s] -- Up-to-date: /home/menna/task2-surveillance_system/install/surveillance_interfaces/include/surveillance_interfaces/surveillance_interfaces/msg
[0.695s] -- Up-to-date: /home/menna/task2-surveillance_system/install/surveillance_interfaces/include/surveillance_interfaces/surveillance_interfaces/msg/rosidl_typesupport_introspection_c__visibility_control.h
[0.695s] -- Up-to-date: /home/menna/task2-surveillance_system/install/surveillance_interfaces/include/surveillance_interfaces/surveillance_interfaces/action
[0.696s] -- Up-to-date: /home/menna/task2-surveillance_system/install/surveillance_interfaces/include/surveillance_interfaces/surveillance_interfaces/action/detail
[0.696s] -- Up-to-date: /home/menna/task2-surveillance_system/install/surveillance_interfaces/include/surveillance_interfaces/surveillance_interfaces/action/detail/security_action__rosidl_typesupport_introspection_c.h
[0.696s] -- Up-to-date: /home/menna/task2-surveillance_system/install/surveillance_interfaces/include/surveillance_interfaces/surveillance_interfaces/action/detail/security_action__type_support.c
[0.696s] -- Up-to-date: /home/menna/task2-surveillance_system/install/surveillance_interfaces/lib/libsurveillance_interfaces__rosidl_typesupport_introspection_c.so
[0.697s] -- Up-to-date: /home/menna/task2-surveillance_system/install/surveillance_interfaces/lib/libsurveillance_interfaces__rosidl_typesupport_c.so
[0.697s] -- Up-to-date: /home/menna/task2-surveillance_system/install/surveillance_interfaces/include/surveillance_interfaces/surveillance_interfaces
[0.697s] -- Up-to-date: /home/menna/task2-surveillance_system/install/surveillance_interfaces/include/surveillance_interfaces/surveillance_interfaces/msg
[0.697s] -- Up-to-date: /home/menna/task2-surveillance_system/install/surveillance_interfaces/include/surveillance_interfaces/surveillance_interfaces/msg/rosidl_generator_cpp__visibility_control.hpp
[0.697s] -- Up-to-date: /home/menna/task2-surveillance_system/install/surveillance_interfaces/include/surveillance_interfaces/surveillance_interfaces/action
[0.698s] -- Up-to-date: /home/menna/task2-surveillance_system/install/surveillance_interfaces/include/surveillance_interfaces/surveillance_interfaces/action/security_action.hpp
[0.698s] -- Up-to-date: /home/menna/task2-surveillance_system/install/surveillance_interfaces/include/surveillance_interfaces/surveillance_interfaces/action/detail
[0.698s] -- Up-to-date: /home/menna/task2-surveillance_system/install/surveillance_interfaces/include/surveillance_interfaces/surveillance_interfaces/action/detail/security_action__builder.hpp
[0.698s] -- Up-to-date: /home/menna/task2-surveillance_system/install/surveillance_interfaces/include/surveillance_interfaces/surveillance_interfaces/action/detail/security_action__struct.hpp
[0.698s] -- Up-to-date: /home/menna/task2-surveillance_system/install/surveillance_interfaces/include/surveillance_interfaces/surveillance_interfaces/action/detail/security_action__type_support.hpp
[0.698s] -- Up-to-date: /home/menna/task2-surveillance_system/install/surveillance_interfaces/include/surveillance_interfaces/surveillance_interfaces/action/detail/security_action__traits.hpp
[0.698s] -- Up-to-date: /home/menna/task2-surveillance_system/install/surveillance_interfaces/include/surveillance_interfaces/surveillance_interfaces
[0.698s] -- Up-to-date: /home/menna/task2-surveillance_system/install/surveillance_interfaces/include/surveillance_interfaces/surveillance_interfaces/msg
[0.698s] -- Up-to-date: /home/menna/task2-surveillance_system/install/surveillance_interfaces/include/surveillance_interfaces/surveillance_interfaces/msg/rosidl_typesupport_fastrtps_cpp__visibility_control.h
[0.698s] -- Up-to-date: /home/menna/task2-surveillance_system/install/surveillance_interfaces/include/surveillance_interfaces/surveillance_interfaces/action
[0.699s] -- Up-to-date: /home/menna/task2-surveillance_system/install/surveillance_interfaces/include/surveillance_interfaces/surveillance_interfaces/action/detail
[0.699s] -- Up-to-date: /home/menna/task2-surveillance_system/install/surveillance_interfaces/include/surveillance_interfaces/surveillance_interfaces/action/detail/security_action__rosidl_typesupport_fastrtps_cpp.hpp
[0.699s] -- Up-to-date: /home/menna/task2-surveillance_system/install/surveillance_interfaces/include/surveillance_interfaces/surveillance_interfaces/action/detail/dds_fastrtps
[0.699s] -- Up-to-date: /home/menna/task2-surveillance_system/install/surveillance_interfaces/lib/libsurveillance_interfaces__rosidl_typesupport_fastrtps_cpp.so
[0.699s] -- Up-to-date: /home/menna/task2-surveillance_system/install/surveillance_interfaces/include/surveillance_interfaces/surveillance_interfaces
[0.699s] -- Up-to-date: /home/menna/task2-surveillance_system/install/surveillance_interfaces/include/surveillance_interfaces/surveillance_interfaces/action
[0.699s] -- Up-to-date: /home/menna/task2-surveillance_system/install/surveillance_interfaces/include/surveillance_interfaces/surveillance_interfaces/action/detail
[0.699s] -- Up-to-date: /home/menna/task2-surveillance_system/install/surveillance_interfaces/include/surveillance_interfaces/surveillance_interfaces/action/detail/security_action__type_support.cpp
[0.700s] -- Up-to-date: /home/menna/task2-surveillance_system/install/surveillance_interfaces/include/surveillance_interfaces/surveillance_interfaces/action/detail/security_action__rosidl_typesupport_introspection_cpp.hpp
[0.700s] -- Up-to-date: /home/menna/task2-surveillance_system/install/surveillance_interfaces/lib/libsurveillance_interfaces__rosidl_typesupport_introspection_cpp.so
[0.701s] -- Up-to-date: /home/menna/task2-surveillance_system/install/surveillance_interfaces/lib/libsurveillance_interfaces__rosidl_typesupport_cpp.so
[0.701s] -- Up-to-date: /home/menna/task2-surveillance_system/install/surveillance_interfaces/share/surveillance_interfaces/environment/pythonpath.sh
[0.701s] -- Up-to-date: /home/menna/task2-surveillance_system/install/surveillance_interfaces/share/surveillance_interfaces/environment/pythonpath.dsv
[0.701s] -- Up-to-date: /home/menna/task2-surveillance_system/install/surveillance_interfaces/lib/python3.12/site-packages/surveillance_interfaces-1.0.0-py3.12.egg-info
[0.702s] -- Installing: /home/menna/task2-surveillance_system/install/surveillance_interfaces/lib/python3.12/site-packages/surveillance_interfaces-1.0.0-py3.12.egg-info/SOURCES.txt
[0.702s] -- Installing: /home/menna/task2-surveillance_system/install/surveillance_interfaces/lib/python3.12/site-packages/surveillance_interfaces-1.0.0-py3.12.egg-info/top_level.txt
[0.702s] -- Installing: /home/menna/task2-surveillance_system/install/surveillance_interfaces/lib/python3.12/site-packages/surveillance_interfaces-1.0.0-py3.12.egg-info/dependency_links.txt
[0.702s] -- Installing: /home/menna/task2-surveillance_system/install/surveillance_interfaces/lib/python3.12/site-packages/surveillance_interfaces-1.0.0-py3.12.egg-info/PKG-INFO
[0.702s] -- Up-to-date: /home/menna/task2-surveillance_system/install/surveillance_interfaces/lib/python3.12/site-packages/surveillance_interfaces
[0.703s] -- Up-to-date: /home/menna/task2-surveillance_system/install/surveillance_interfaces/lib/python3.12/site-packages/surveillance_interfaces/surveillance_interfaces_s__rosidl_typesupport_fastrtps_c.so
[0.703s] -- Up-to-date: /home/menna/task2-surveillance_system/install/surveillance_interfaces/lib/python3.12/site-packages/surveillance_interfaces/_surveillance_interfaces_s.ep.rosidl_typesupport_c.c
[0.703s] -- Up-to-date: /home/menna/task2-surveillance_system/install/surveillance_interfaces/lib/python3.12/site-packages/surveillance_interfaces/surveillance_interfaces_s__rosidl_typesupport_c.so
[0.703s] -- Up-to-date: /home/menna/task2-surveillance_system/install/surveillance_interfaces/lib/python3.12/site-packages/surveillance_interfaces/__init__.py
[0.703s] -- Up-to-date: /home/menna/task2-surveillance_system/install/surveillance_interfaces/lib/python3.12/site-packages/surveillance_interfaces/_surveillance_interfaces_s.ep.rosidl_typesupport_fastrtps_c.c
[0.703s] -- Up-to-date: /home/menna/task2-surveillance_system/install/surveillance_interfaces/lib/python3.12/site-packages/surveillance_interfaces/action
[0.704s] -- Up-to-date: /home/menna/task2-surveillance_system/install/surveillance_interfaces/lib/python3.12/site-packages/surveillance_interfaces/action/__init__.py
[0.704s] -- Up-to-date: /home/menna/task2-surveillance_system/install/surveillance_interfaces/lib/python3.12/site-packages/surveillance_interfaces/action/_security_action_s.c
[0.704s] -- Up-to-date: /home/menna/task2-surveillance_system/install/surveillance_interfaces/lib/python3.12/site-packages/surveillance_interfaces/action/_security_action.py
[0.704s] -- Up-to-date: /home/menna/task2-surveillance_system/install/surveillance_interfaces/lib/python3.12/site-packages/surveillance_interfaces/_surveillance_interfaces_s.ep.rosidl_typesupport_introspection_c.c
[0.704s] -- Up-to-date: /home/menna/task2-surveillance_system/install/surveillance_interfaces/lib/python3.12/site-packages/surveillance_interfaces/surveillance_interfaces_s__rosidl_typesupport_introspection_c.so
[0.750s] Listing '/home/menna/task2-surveillance_system/install/surveillance_interfaces/lib/python3.12/site-packages/surveillance_interfaces'...
[0.750s] Listing '/home/menna/task2-surveillance_system/install/surveillance_interfaces/lib/python3.12/site-packages/surveillance_interfaces/action'...
[0.757s] -- Up-to-date: /home/menna/task2-surveillance_system/install/surveillance_interfaces/lib/python3.12/site-packages/surveillance_interfaces/surveillance_interfaces_s__rosidl_typesupport_fastrtps_c.so
[0.757s] -- Up-to-date: /home/menna/task2-surveillance_system/install/surveillance_interfaces/lib/python3.12/site-packages/surveillance_interfaces/surveillance_interfaces_s__rosidl_typesupport_introspection_c.so
[0.758s] -- Up-to-date: /home/menna/task2-surveillance_system/install/surveillance_interfaces/lib/python3.12/site-packages/surveillance_interfaces/surveillance_interfaces_s__rosidl_typesupport_c.so
[0.758s] -- Up-to-date: /home/menna/task2-surveillance_system/install/surveillance_interfaces/lib/libsurveillance_interfaces__rosidl_generator_py.so
[0.759s] -- Up-to-date: /home/menna/task2-surveillance_system/install/surveillance_interfaces/share/surveillance_interfaces/action/SecurityAction.idl
[0.759s] -- Up-to-date: /home/menna/task2-surveillance_system/install/surveillance_interfaces/share/surveillance_interfaces/action/SecurityAction.action
[0.759s] -- Up-to-date: /home/menna/task2-surveillance_system/install/surveillance_interfaces/share/ament_index/resource_index/package_run_dependencies/surveillance_interfaces
[0.760s] -- Up-to-date: /home/menna/task2-surveillance_system/install/surveillance_interfaces/share/ament_index/resource_index/parent_prefix_path/surveillance_interfaces
[0.760s] -- Up-to-date: /home/menna/task2-surveillance_system/install/surveillance_interfaces/share/surveillance_interfaces/environment/ament_prefix_path.sh
[0.760s] -- Up-to-date: /home/menna/task2-surveillance_system/install/surveillance_interfaces/share/surveillance_interfaces/environment/ament_prefix_path.dsv
[0.760s] -- Up-to-date: /home/menna/task2-surveillance_system/install/surveillance_interfaces/share/surveillance_interfaces/environment/path.sh
[0.760s] -- Up-to-date: /home/menna/task2-surveillance_system/install/surveillance_interfaces/share/surveillance_interfaces/environment/path.dsv
[0.761s] -- Up-to-date: /home/menna/task2-surveillance_system/install/surveillance_interfaces/share/surveillance_interfaces/local_setup.bash
[0.761s] -- Up-to-date: /home/menna/task2-surveillance_system/install/surveillance_interfaces/share/surveillance_interfaces/local_setup.sh
[0.761s] -- Up-to-date: /home/menna/task2-surveillance_system/install/surveillance_interfaces/share/surveillance_interfaces/local_setup.zsh
[0.761s] -- Up-to-date: /home/menna/task2-surveillance_system/install/surveillance_interfaces/share/surveillance_interfaces/local_setup.dsv
[0.761s] -- Installing: /home/menna/task2-surveillance_system/install/surveillance_interfaces/share/surveillance_interfaces/package.dsv
[0.762s] -- Up-to-date: /home/menna/task2-surveillance_system/install/surveillance_interfaces/share/ament_index/resource_index/packages/surveillance_interfaces
[0.762s] -- Up-to-date: /home/menna/task2-surveillance_system/install/surveillance_interfaces/share/surveillance_interfaces/cmake/export_surveillance_interfaces__rosidl_generator_cExport.cmake
[0.762s] -- Up-to-date: /home/menna/task2-surveillance_system/install/surveillance_interfaces/share/surveillance_interfaces/cmake/export_surveillance_interfaces__rosidl_generator_cExport-noconfig.cmake
[0.762s] -- Up-to-date: /home/menna/task2-surveillance_system/install/surveillance_interfaces/share/surveillance_interfaces/cmake/export_surveillance_interfaces__rosidl_typesupport_fastrtps_cExport.cmake
[0.762s] -- Up-to-date: /home/menna/task2-surveillance_system/install/surveillance_interfaces/share/surveillance_interfaces/cmake/export_surveillance_interfaces__rosidl_typesupport_fastrtps_cExport-noconfig.cmake
[0.763s] -- Up-to-date: /home/menna/task2-surveillance_system/install/surveillance_interfaces/share/surveillance_interfaces/cmake/surveillance_interfaces__rosidl_typesupport_introspection_cExport.cmake
[0.763s] -- Up-to-date: /home/menna/task2-surveillance_system/install/surveillance_interfaces/share/surveillance_interfaces/cmake/surveillance_interfaces__rosidl_typesupport_introspection_cExport-noconfig.cmake
[0.763s] -- Up-to-date: /home/menna/task2-surveillance_system/install/surveillance_interfaces/share/surveillance_interfaces/cmake/surveillance_interfaces__rosidl_typesupport_cExport.cmake
[0.763s] -- Up-to-date: /home/menna/task2-surveillance_system/install/surveillance_interfaces/share/surveillance_interfaces/cmake/surveillance_interfaces__rosidl_typesupport_cExport-noconfig.cmake
[0.763s] -- Up-to-date: /home/menna/task2-surveillance_system/install/surveillance_interfaces/share/surveillance_interfaces/cmake/export_surveillance_interfaces__rosidl_generator_cppExport.cmake
[0.763s] -- Up-to-date: /home/menna/task2-surveillance_system/install/surveillance_interfaces/share/surveillance_interfaces/cmake/export_surveillance_interfaces__rosidl_typesupport_fastrtps_cppExport.cmake
[0.763s] -- Up-to-date: /home/menna/task2-surveillance_system/install/surveillance_interfaces/share/surveillance_interfaces/cmake/export_surveillance_interfaces__rosidl_typesupport_fastrtps_cppExport-noconfig.cmake
[0.764s] -- Up-to-date: /home/menna/task2-surveillance_system/install/surveillance_interfaces/share/surveillance_interfaces/cmake/surveillance_interfaces__rosidl_typesupport_introspection_cppExport.cmake
[0.764s] -- Up-to-date: /home/menna/task2-surveillance_system/install/surveillance_interfaces/share/surveillance_interfaces/cmake/surveillance_interfaces__rosidl_typesupport_introspection_cppExport-noconfig.cmake
[0.764s] -- Up-to-date: /home/menna/task2-surveillance_system/install/surveillance_interfaces/share/surveillance_interfaces/cmake/surveillance_interfaces__rosidl_typesupport_cppExport.cmake
[0.764s] -- Up-to-date: /home/menna/task2-surveillance_system/install/surveillance_interfaces/share/surveillance_interfaces/cmake/surveillance_interfaces__rosidl_typesupport_cppExport-noconfig.cmake
[0.764s] -- Up-to-date: /home/menna/task2-surveillance_system/install/surveillance_interfaces/share/surveillance_interfaces/cmake/export_surveillance_interfaces__rosidl_generator_pyExport.cmake
[0.765s] -- Up-to-date: /home/menna/task2-surveillance_system/install/surveillance_interfaces/share/surveillance_interfaces/cmake/export_surveillance_interfaces__rosidl_generator_pyExport-noconfig.cmake
[0.765s] -- Up-to-date: /home/menna/task2-surveillance_system/install/surveillance_interfaces/share/surveillance_interfaces/cmake/rosidl_cmake-extras.cmake
[0.765s] -- Up-to-date: /home/menna/task2-surveillance_system/install/surveillance_interfaces/share/surveillance_interfaces/cmake/ament_cmake_export_dependencies-extras.cmake
[0.765s] -- Up-to-date: /home/menna/task2-surveillance_system/install/surveillance_interfaces/share/surveillance_interfaces/cmake/ament_cmake_export_include_directories-extras.cmake
[0.765s] -- Up-to-date: /home/menna/task2-surveillance_system/install/surveillance_interfaces/share/surveillance_interfaces/cmake/ament_cmake_export_libraries-extras.cmake
[0.766s] -- Up-to-date: /home/menna/task2-surveillance_system/install/surveillance_interfaces/share/surveillance_interfaces/cmake/ament_cmake_export_targets-extras.cmake
[0.766s] -- Up-to-date: /home/menna/task2-surveillance_system/install/surveillance_interfaces/share/surveillance_interfaces/cmake/rosidl_cmake_export_typesupport_targets-extras.cmake
[0.766s] -- Up-to-date: /home/menna/task2-surveillance_system/install/surveillance_interfaces/share/surveillance_interfaces/cmake/rosidl_cmake_export_typesupport_libraries-extras.cmake
[0.766s] -- Up-to-date: /home/menna/task2-surveillance_system/install/surveillance_interfaces/share/surveillance_interfaces/cmake/surveillance_interfacesConfig.cmake
[0.766s] -- Up-to-date: /home/menna/task2-surveillance_system/install/surveillance_interfaces/share/surveillance_interfaces/cmake/surveillance_interfacesConfig-version.cmake
[0.767s] -- Up-to-date: /home/menna/task2-surveillance_system/install/surveillance_interfaces/share/surveillance_interfaces/package.xml
[0.767s] Invoked command in '/home/menna/task2-surveillance_system/build/surveillance_interfaces' returned '0': CMAKE_PREFIX_PATH=${CMAKE_PREFIX_PATH}:/home/menna/task2-surveillance_system/install/smart_surveillance:/home/menna/Distributed-Smart-Security-Surveillance-System-using-ROS2/install/security_surveillance_system:/home/menna/Distributed_Smart_Security_Surveillance_System_ws/install/security_surveillance_system:/opt/ros/jazzy DEBUGINFOD_URLS=https://debuginfod.ubuntu.com PS1=${debian_chroot:+($debian_chroot)}\[\033[01;32m\]\u@\h\[\033[00m\]:\[\033[01;34m\]\w\[\033[00m\]\$ VIRTUAL_ENV_PROMPT=(venv-ardupilot) /usr/bin/cmake --install /home/menna/task2-surveillance_system/build/surveillance_interfaces
