[0.164s] DEBUG:colcon:Command line arguments: ['/usr/bin/colcon', 'build']
[0.164s] DEBUG:colcon:Parsed command line arguments: Namespace(log_base=None, log_level=None, verb_name='build', build_base='build', install_base='install', merge_install=False, symlink_install=False, test_result_base=None, continue_on_error=False, executor='parallel', parallel_workers=8, event_handlers=None, ignore_user_meta=False, metas=['./colcon.meta'], base_paths=['.'], packages_ignore=None, packages_ignore_regex=None, paths=None, packages_up_to=None, packages_up_to_regex=None, packages_above=None, packages_above_and_dependencies=None, packages_above_depth=None, packages_select_by_dep=None, packages_skip_by_dep=None, packages_skip_up_to=None, packages_select_build_failed=False, packages_skip_build_finished=False, packages_select_test_failures=False, packages_skip_test_passed=False, packages_select=None, packages_skip=None, packages_select_regex=None, packages_skip_regex=None, packages_start=None, packages_end=None, allow_overriding=[], cmake_args=None, cmake_target=None, cmake_target_skip_unavailable=False, cmake_clean_cache=False, cmake_clean_first=False, cmake_force_configure=False, ament_cmake_args=None, catkin_cmake_args=None, catkin_skip_building_tests=False, mixin_files=None, mixin=None, verb_parser=<colcon_mixin.mixin.mixin_argument.MixinArgumentDecorator object at 0x78fd6e183a10>, verb_extension=<colcon_core.verb.build.BuildVerb object at 0x78fd6e1836b0>, main=<bound method BuildVerb.main of <colcon_core.verb.build.BuildVerb object at 0x78fd6e1836b0>>, mixin_verb=('build',))
[0.222s] Level 1:colcon.colcon_core.package_discovery:discover_packages(colcon_meta) check parameters
[0.222s] Level 1:colcon.colcon_core.package_discovery:discover_packages(recursive) check parameters
[0.222s] Level 1:colcon.colcon_core.package_discovery:discover_packages(ignore) check parameters
[0.222s] Level 1:colcon.colcon_core.package_discovery:discover_packages(path) check parameters
[0.222s] Level 1:colcon.colcon_core.package_discovery:discover_packages(colcon_meta) discover
[0.222s] Level 1:colcon.colcon_core.package_discovery:discover_packages(recursive) discover
[0.222s] INFO:colcon.colcon_core.package_discovery:Crawling recursively for packages in '/home/menna/task2-surveillance_system'
[0.222s] Level 1:colcon.colcon_core.package_identification:_identify(.) by extensions ['ignore', 'ignore_ament_install']
[0.222s] Level 1:colcon.colcon_core.package_identification:_identify(.) by extension 'ignore'
[0.222s] Level 1:colcon.colcon_core.package_identification:_identify(.) by extension 'ignore_ament_install'
[0.223s] Level 1:colcon.colcon_core.package_identification:_identify(.) by extensions ['colcon_pkg']
[0.223s] Level 1:colcon.colcon_core.package_identification:_identify(.) by extension 'colcon_pkg'
[0.223s] Level 1:colcon.colcon_core.package_identification:_identify(.) by extensions ['colcon_meta']
[0.223s] Level 1:colcon.colcon_core.package_identification:_identify(.) by extension 'colcon_meta'
[0.223s] Level 1:colcon.colcon_core.package_identification:_identify(.) by extensions ['ros']
[0.223s] Level 1:colcon.colcon_core.package_identification:_identify(.) by extension 'ros'
[0.258s] Level 1:colcon.colcon_core.package_identification:_identify(.) by extensions ['cmake', 'python']
[0.258s] Level 1:colcon.colcon_core.package_identification:_identify(.) by extension 'cmake'
[0.258s] Level 1:colcon.colcon_core.package_identification:_identify(.) by extension 'python'
[0.258s] Level 1:colcon.colcon_core.package_identification:_identify(.) by extensions ['python_setup_py']
[0.258s] Level 1:colcon.colcon_core.package_identification:_identify(.) by extension 'python_setup_py'
[0.258s] Level 1:colcon.colcon_core.package_identification:_identify(Depth-Anything-V2) by extensions ['ignore', 'ignore_ament_install']
[0.259s] Level 1:colcon.colcon_core.package_identification:_identify(Depth-Anything-V2) by extension 'ignore'
[0.259s] Level 1:colcon.colcon_core.package_identification:_identify(Depth-Anything-V2) by extension 'ignore_ament_install'
[0.259s] Level 1:colcon.colcon_core.package_identification:_identify(Depth-Anything-V2) by extensions ['colcon_pkg']
[0.259s] Level 1:colcon.colcon_core.package_identification:_identify(Depth-Anything-V2) by extension 'colcon_pkg'
[0.259s] Level 1:colcon.colcon_core.package_identification:_identify(Depth-Anything-V2) by extensions ['colcon_meta']
[0.259s] Level 1:colcon.colcon_core.package_identification:_identify(Depth-Anything-V2) by extension 'colcon_meta'
[0.259s] Level 1:colcon.colcon_core.package_identification:_identify(Depth-Anything-V2) by extensions ['ros']
[0.259s] Level 1:colcon.colcon_core.package_identification:_identify(Depth-Anything-V2) by extension 'ros'
[0.259s] Level 1:colcon.colcon_core.package_identification:_identify(Depth-Anything-V2) by extensions ['cmake', 'python']
[0.259s] Level 1:colcon.colcon_core.package_identification:_identify(Depth-Anything-V2) by extension 'cmake'
[0.259s] Level 1:colcon.colcon_core.package_identification:_identify(Depth-Anything-V2) by extension 'python'
[0.259s] Level 1:colcon.colcon_core.package_identification:_identify(Depth-Anything-V2) by extensions ['python_setup_py']
[0.259s] Level 1:colcon.colcon_core.package_identification:_identify(Depth-Anything-V2) by extension 'python_setup_py'
[0.259s] Level 1:colcon.colcon_core.package_identification:_identify(Depth-Anything-V2/assets) by extensions ['ignore', 'ignore_ament_install']
[0.260s] Level 1:colcon.colcon_core.package_identification:_identify(Depth-Anything-V2/assets) by extension 'ignore'
[0.260s] Level 1:colcon.colcon_core.package_identification:_identify(Depth-Anything-V2/assets) by extension 'ignore_ament_install'
[0.260s] Level 1:colcon.colcon_core.package_identification:_identify(Depth-Anything-V2/assets) by extensions ['colcon_pkg']
[0.260s] Level 1:colcon.colcon_core.package_identification:_identify(Depth-Anything-V2/assets) by extension 'colcon_pkg'
[0.260s] Level 1:colcon.colcon_core.package_identification:_identify(Depth-Anything-V2/assets) by extensions ['colcon_meta']
[0.260s] Level 1:colcon.colcon_core.package_identification:_identify(Depth-Anything-V2/assets) by extension 'colcon_meta'
[0.260s] Level 1:colcon.colcon_core.package_identification:_identify(Depth-Anything-V2/assets) by extensions ['ros']
[0.260s] Level 1:colcon.colcon_core.package_identification:_identify(Depth-Anything-V2/assets) by extension 'ros'
[0.260s] Level 1:colcon.colcon_core.package_identification:_identify(Depth-Anything-V2/assets) by extensions ['cmake', 'python']
[0.260s] Level 1:colcon.colcon_core.package_identification:_identify(Depth-Anything-V2/assets) by extension 'cmake'
[0.260s] Level 1:colcon.colcon_core.package_identification:_identify(Depth-Anything-V2/assets) by extension 'python'
[0.260s] Level 1:colcon.colcon_core.package_identification:_identify(Depth-Anything-V2/assets) by extensions ['python_setup_py']
[0.260s] Level 1:colcon.colcon_core.package_identification:_identify(Depth-Anything-V2/assets) by extension 'python_setup_py'
[0.260s] Level 1:colcon.colcon_core.package_identification:_identify(Depth-Anything-V2/assets/examples) by extensions ['ignore', 'ignore_ament_install']
[0.260s] Level 1:colcon.colcon_core.package_identification:_identify(Depth-Anything-V2/assets/examples) by extension 'ignore'
[0.261s] Level 1:colcon.colcon_core.package_identification:_identify(Depth-Anything-V2/assets/examples) by extension 'ignore_ament_install'
[0.261s] Level 1:colcon.colcon_core.package_identification:_identify(Depth-Anything-V2/assets/examples) by extensions ['colcon_pkg']
[0.261s] Level 1:colcon.colcon_core.package_identification:_identify(Depth-Anything-V2/assets/examples) by extension 'colcon_pkg'
[0.261s] Level 1:colcon.colcon_core.package_identification:_identify(Depth-Anything-V2/assets/examples) by extensions ['colcon_meta']
[0.261s] Level 1:colcon.colcon_core.package_identification:_identify(Depth-Anything-V2/assets/examples) by extension 'colcon_meta'
[0.261s] Level 1:colcon.colcon_core.package_identification:_identify(Depth-Anything-V2/assets/examples) by extensions ['ros']
[0.261s] Level 1:colcon.colcon_core.package_identification:_identify(Depth-Anything-V2/assets/examples) by extension 'ros'
[0.261s] Level 1:colcon.colcon_core.package_identification:_identify(Depth-Anything-V2/assets/examples) by extensions ['cmake', 'python']
[0.261s] Level 1:colcon.colcon_core.package_identification:_identify(Depth-Anything-V2/assets/examples) by extension 'cmake'
[0.261s] Level 1:colcon.colcon_core.package_identification:_identify(Depth-Anything-V2/assets/examples) by extension 'python'
[0.261s] Level 1:colcon.colcon_core.package_identification:_identify(Depth-Anything-V2/assets/examples) by extensions ['python_setup_py']
[0.261s] Level 1:colcon.colcon_core.package_identification:_identify(Depth-Anything-V2/assets/examples) by extension 'python_setup_py'
[0.261s] Level 1:colcon.colcon_core.package_identification:_identify(Depth-Anything-V2/assets/examples_video) by extensions ['ignore', 'ignore_ament_install']
[0.261s] Level 1:colcon.colcon_core.package_identification:_identify(Depth-Anything-V2/assets/examples_video) by extension 'ignore'
[0.261s] Level 1:colcon.colcon_core.package_identification:_identify(Depth-Anything-V2/assets/examples_video) by extension 'ignore_ament_install'
[0.262s] Level 1:colcon.colcon_core.package_identification:_identify(Depth-Anything-V2/assets/examples_video) by extensions ['colcon_pkg']
[0.262s] Level 1:colcon.colcon_core.package_identification:_identify(Depth-Anything-V2/assets/examples_video) by extension 'colcon_pkg'
[0.262s] Level 1:colcon.colcon_core.package_identification:_identify(Depth-Anything-V2/assets/examples_video) by extensions ['colcon_meta']
[0.262s] Level 1:colcon.colcon_core.package_identification:_identify(Depth-Anything-V2/assets/examples_video) by extension 'colcon_meta'
[0.262s] Level 1:colcon.colcon_core.package_identification:_identify(Depth-Anything-V2/assets/examples_video) by extensions ['ros']
[0.262s] Level 1:colcon.colcon_core.package_identification:_identify(Depth-Anything-V2/assets/examples_video) by extension 'ros'
[0.262s] Level 1:colcon.colcon_core.package_identification:_identify(Depth-Anything-V2/assets/examples_video) by extensions ['cmake', 'python']
[0.262s] Level 1:colcon.colcon_core.package_identification:_identify(Depth-Anything-V2/assets/examples_video) by extension 'cmake'
[0.262s] Level 1:colcon.colcon_core.package_identification:_identify(Depth-Anything-V2/assets/examples_video) by extension 'python'
[0.262s] Level 1:colcon.colcon_core.package_identification:_identify(Depth-Anything-V2/assets/examples_video) by extensions ['python_setup_py']
[0.262s] Level 1:colcon.colcon_core.package_identification:_identify(Depth-Anything-V2/assets/examples_video) by extension 'python_setup_py'
[0.262s] Level 1:colcon.colcon_core.package_identification:_identify(Depth-Anything-V2/depth_anything_v2) by extensions ['ignore', 'ignore_ament_install']
[0.262s] Level 1:colcon.colcon_core.package_identification:_identify(Depth-Anything-V2/depth_anything_v2) by extension 'ignore'
[0.262s] Level 1:colcon.colcon_core.package_identification:_identify(Depth-Anything-V2/depth_anything_v2) by extension 'ignore_ament_install'
[0.262s] Level 1:colcon.colcon_core.package_identification:_identify(Depth-Anything-V2/depth_anything_v2) by extensions ['colcon_pkg']
[0.263s] Level 1:colcon.colcon_core.package_identification:_identify(Depth-Anything-V2/depth_anything_v2) by extension 'colcon_pkg'
[0.263s] Level 1:colcon.colcon_core.package_identification:_identify(Depth-Anything-V2/depth_anything_v2) by extensions ['colcon_meta']
[0.263s] Level 1:colcon.colcon_core.package_identification:_identify(Depth-Anything-V2/depth_anything_v2) by extension 'colcon_meta'
[0.263s] Level 1:colcon.colcon_core.package_identification:_identify(Depth-Anything-V2/depth_anything_v2) by extensions ['ros']
[0.263s] Level 1:colcon.colcon_core.package_identification:_identify(Depth-Anything-V2/depth_anything_v2) by extension 'ros'
[0.263s] Level 1:colcon.colcon_core.package_identification:_identify(Depth-Anything-V2/depth_anything_v2) by extensions ['cmake', 'python']
[0.263s] Level 1:colcon.colcon_core.package_identification:_identify(Depth-Anything-V2/depth_anything_v2) by extension 'cmake'
[0.263s] Level 1:colcon.colcon_core.package_identification:_identify(Depth-Anything-V2/depth_anything_v2) by extension 'python'
[0.263s] Level 1:colcon.colcon_core.package_identification:_identify(Depth-Anything-V2/depth_anything_v2) by extensions ['python_setup_py']
[0.263s] Level 1:colcon.colcon_core.package_identification:_identify(Depth-Anything-V2/depth_anything_v2) by extension 'python_setup_py'
[0.263s] Level 1:colcon.colcon_core.package_identification:_identify(Depth-Anything-V2/depth_anything_v2/dinov2_layers) by extensions ['ignore', 'ignore_ament_install']
[0.263s] Level 1:colcon.colcon_core.package_identification:_identify(Depth-Anything-V2/depth_anything_v2/dinov2_layers) by extension 'ignore'
[0.263s] Level 1:colcon.colcon_core.package_identification:_identify(Depth-Anything-V2/depth_anything_v2/dinov2_layers) by extension 'ignore_ament_install'
[0.263s] Level 1:colcon.colcon_core.package_identification:_identify(Depth-Anything-V2/depth_anything_v2/dinov2_layers) by extensions ['colcon_pkg']
[0.263s] Level 1:colcon.colcon_core.package_identification:_identify(Depth-Anything-V2/depth_anything_v2/dinov2_layers) by extension 'colcon_pkg'
[0.263s] Level 1:colcon.colcon_core.package_identification:_identify(Depth-Anything-V2/depth_anything_v2/dinov2_layers) by extensions ['colcon_meta']
[0.264s] Level 1:colcon.colcon_core.package_identification:_identify(Depth-Anything-V2/depth_anything_v2/dinov2_layers) by extension 'colcon_meta'
[0.264s] Level 1:colcon.colcon_core.package_identification:_identify(Depth-Anything-V2/depth_anything_v2/dinov2_layers) by extensions ['ros']
[0.264s] Level 1:colcon.colcon_core.package_identification:_identify(Depth-Anything-V2/depth_anything_v2/dinov2_layers) by extension 'ros'
[0.264s] Level 1:colcon.colcon_core.package_identification:_identify(Depth-Anything-V2/depth_anything_v2/dinov2_layers) by extensions ['cmake', 'python']
[0.264s] Level 1:colcon.colcon_core.package_identification:_identify(Depth-Anything-V2/depth_anything_v2/dinov2_layers) by extension 'cmake'
[0.264s] Level 1:colcon.colcon_core.package_identification:_identify(Depth-Anything-V2/depth_anything_v2/dinov2_layers) by extension 'python'
[0.264s] Level 1:colcon.colcon_core.package_identification:_identify(Depth-Anything-V2/depth_anything_v2/dinov2_layers) by extensions ['python_setup_py']
[0.264s] Level 1:colcon.colcon_core.package_identification:_identify(Depth-Anything-V2/depth_anything_v2/dinov2_layers) by extension 'python_setup_py'
[0.264s] Level 1:colcon.colcon_core.package_identification:_identify(Depth-Anything-V2/depth_anything_v2/util) by extensions ['ignore', 'ignore_ament_install']
[0.264s] Level 1:colcon.colcon_core.package_identification:_identify(Depth-Anything-V2/depth_anything_v2/util) by extension 'ignore'
[0.264s] Level 1:colcon.colcon_core.package_identification:_identify(Depth-Anything-V2/depth_anything_v2/util) by extension 'ignore_ament_install'
[0.264s] Level 1:colcon.colcon_core.package_identification:_identify(Depth-Anything-V2/depth_anything_v2/util) by extensions ['colcon_pkg']
[0.264s] Level 1:colcon.colcon_core.package_identification:_identify(Depth-Anything-V2/depth_anything_v2/util) by extension 'colcon_pkg'
[0.265s] Level 1:colcon.colcon_core.package_identification:_identify(Depth-Anything-V2/depth_anything_v2/util) by extensions ['colcon_meta']
[0.265s] Level 1:colcon.colcon_core.package_identification:_identify(Depth-Anything-V2/depth_anything_v2/util) by extension 'colcon_meta'
[0.265s] Level 1:colcon.colcon_core.package_identification:_identify(Depth-Anything-V2/depth_anything_v2/util) by extensions ['ros']
[0.265s] Level 1:colcon.colcon_core.package_identification:_identify(Depth-Anything-V2/depth_anything_v2/util) by extension 'ros'
[0.265s] Level 1:colcon.colcon_core.package_identification:_identify(Depth-Anything-V2/depth_anything_v2/util) by extensions ['cmake', 'python']
[0.265s] Level 1:colcon.colcon_core.package_identification:_identify(Depth-Anything-V2/depth_anything_v2/util) by extension 'cmake'
[0.265s] Level 1:colcon.colcon_core.package_identification:_identify(Depth-Anything-V2/depth_anything_v2/util) by extension 'python'
[0.265s] Level 1:colcon.colcon_core.package_identification:_identify(Depth-Anything-V2/depth_anything_v2/util) by extensions ['python_setup_py']
[0.265s] Level 1:colcon.colcon_core.package_identification:_identify(Depth-Anything-V2/depth_anything_v2/util) by extension 'python_setup_py'
[0.265s] Level 1:colcon.colcon_core.package_identification:_identify(Depth-Anything-V2/metric_depth) by extensions ['ignore', 'ignore_ament_install']
[0.265s] Level 1:colcon.colcon_core.package_identification:_identify(Depth-Anything-V2/metric_depth) by extension 'ignore'
[0.266s] Level 1:colcon.colcon_core.package_identification:_identify(Depth-Anything-V2/metric_depth) by extension 'ignore_ament_install'
[0.266s] Level 1:colcon.colcon_core.package_identification:_identify(Depth-Anything-V2/metric_depth) by extensions ['colcon_pkg']
[0.266s] Level 1:colcon.colcon_core.package_identification:_identify(Depth-Anything-V2/metric_depth) by extension 'colcon_pkg'
[0.266s] Level 1:colcon.colcon_core.package_identification:_identify(Depth-Anything-V2/metric_depth) by extensions ['colcon_meta']
[0.266s] Level 1:colcon.colcon_core.package_identification:_identify(Depth-Anything-V2/metric_depth) by extension 'colcon_meta'
[0.266s] Level 1:colcon.colcon_core.package_identification:_identify(Depth-Anything-V2/metric_depth) by extensions ['ros']
[0.266s] Level 1:colcon.colcon_core.package_identification:_identify(Depth-Anything-V2/metric_depth) by extension 'ros'
[0.266s] Level 1:colcon.colcon_core.package_identification:_identify(Depth-Anything-V2/metric_depth) by extensions ['cmake', 'python']
[0.266s] Level 1:colcon.colcon_core.package_identification:_identify(Depth-Anything-V2/metric_depth) by extension 'cmake'
[0.266s] Level 1:colcon.colcon_core.package_identification:_identify(Depth-Anything-V2/metric_depth) by extension 'python'
[0.266s] Level 1:colcon.colcon_core.package_identification:_identify(Depth-Anything-V2/metric_depth) by extensions ['python_setup_py']
[0.266s] Level 1:colcon.colcon_core.package_identification:_identify(Depth-Anything-V2/metric_depth) by extension 'python_setup_py'
[0.266s] Level 1:colcon.colcon_core.package_identification:_identify(Depth-Anything-V2/metric_depth/assets) by extensions ['ignore', 'ignore_ament_install']
[0.267s] Level 1:colcon.colcon_core.package_identification:_identify(Depth-Anything-V2/metric_depth/assets) by extension 'ignore'
[0.267s] Level 1:colcon.colcon_core.package_identification:_identify(Depth-Anything-V2/metric_depth/assets) by extension 'ignore_ament_install'
[0.267s] Level 1:colcon.colcon_core.package_identification:_identify(Depth-Anything-V2/metric_depth/assets) by extensions ['colcon_pkg']
[0.267s] Level 1:colcon.colcon_core.package_identification:_identify(Depth-Anything-V2/metric_depth/assets) by extension 'colcon_pkg'
[0.267s] Level 1:colcon.colcon_core.package_identification:_identify(Depth-Anything-V2/metric_depth/assets) by extensions ['colcon_meta']
[0.267s] Level 1:colcon.colcon_core.package_identification:_identify(Depth-Anything-V2/metric_depth/assets) by extension 'colcon_meta'
[0.267s] Level 1:colcon.colcon_core.package_identification:_identify(Depth-Anything-V2/metric_depth/assets) by extensions ['ros']
[0.267s] Level 1:colcon.colcon_core.package_identification:_identify(Depth-Anything-V2/metric_depth/assets) by extension 'ros'
[0.267s] Level 1:colcon.colcon_core.package_identification:_identify(Depth-Anything-V2/metric_depth/assets) by extensions ['cmake', 'python']
[0.267s] Level 1:colcon.colcon_core.package_identification:_identify(Depth-Anything-V2/metric_depth/assets) by extension 'cmake'
[0.267s] Level 1:colcon.colcon_core.package_identification:_identify(Depth-Anything-V2/metric_depth/assets) by extension 'python'
[0.267s] Level 1:colcon.colcon_core.package_identification:_identify(Depth-Anything-V2/metric_depth/assets) by extensions ['python_setup_py']
[0.267s] Level 1:colcon.colcon_core.package_identification:_identify(Depth-Anything-V2/metric_depth/assets) by extension 'python_setup_py'
[0.267s] Level 1:colcon.colcon_core.package_identification:_identify(Depth-Anything-V2/metric_depth/dataset) by extensions ['ignore', 'ignore_ament_install']
[0.268s] Level 1:colcon.colcon_core.package_identification:_identify(Depth-Anything-V2/metric_depth/dataset) by extension 'ignore'
[0.268s] Level 1:colcon.colcon_core.package_identification:_identify(Depth-Anything-V2/metric_depth/dataset) by extension 'ignore_ament_install'
[0.268s] Level 1:colcon.colcon_core.package_identification:_identify(Depth-Anything-V2/metric_depth/dataset) by extensions ['colcon_pkg']
[0.268s] Level 1:colcon.colcon_core.package_identification:_identify(Depth-Anything-V2/metric_depth/dataset) by extension 'colcon_pkg'
[0.268s] Level 1:colcon.colcon_core.package_identification:_identify(Depth-Anything-V2/metric_depth/dataset) by extensions ['colcon_meta']
[0.268s] Level 1:colcon.colcon_core.package_identification:_identify(Depth-Anything-V2/metric_depth/dataset) by extension 'colcon_meta'
[0.268s] Level 1:colcon.colcon_core.package_identification:_identify(Depth-Anything-V2/metric_depth/dataset) by extensions ['ros']
[0.268s] Level 1:colcon.colcon_core.package_identification:_identify(Depth-Anything-V2/metric_depth/dataset) by extension 'ros'
[0.268s] Level 1:colcon.colcon_core.package_identification:_identify(Depth-Anything-V2/metric_depth/dataset) by extensions ['cmake', 'python']
[0.268s] Level 1:colcon.colcon_core.package_identification:_identify(Depth-Anything-V2/metric_depth/dataset) by extension 'cmake'
[0.268s] Level 1:colcon.colcon_core.package_identification:_identify(Depth-Anything-V2/metric_depth/dataset) by extension 'python'
[0.268s] Level 1:colcon.colcon_core.package_identification:_identify(Depth-Anything-V2/metric_depth/dataset) by extensions ['python_setup_py']
[0.268s] Level 1:colcon.colcon_core.package_identification:_identify(Depth-Anything-V2/metric_depth/dataset) by extension 'python_setup_py'
[0.268s] Level 1:colcon.colcon_core.package_identification:_identify(Depth-Anything-V2/metric_depth/dataset/splits) by extensions ['ignore', 'ignore_ament_install']
[0.269s] Level 1:colcon.colcon_core.package_identification:_identify(Depth-Anything-V2/metric_depth/dataset/splits) by extension 'ignore'
[0.269s] Level 1:colcon.colcon_core.package_identification:_identify(Depth-Anything-V2/metric_depth/dataset/splits) by extension 'ignore_ament_install'
[0.269s] Level 1:colcon.colcon_core.package_identification:_identify(Depth-Anything-V2/metric_depth/dataset/splits) by extensions ['colcon_pkg']
[0.269s] Level 1:colcon.colcon_core.package_identification:_identify(Depth-Anything-V2/metric_depth/dataset/splits) by extension 'colcon_pkg'
[0.269s] Level 1:colcon.colcon_core.package_identification:_identify(Depth-Anything-V2/metric_depth/dataset/splits) by extensions ['colcon_meta']
[0.269s] Level 1:colcon.colcon_core.package_identification:_identify(Depth-Anything-V2/metric_depth/dataset/splits) by extension 'colcon_meta'
[0.269s] Level 1:colcon.colcon_core.package_identification:_identify(Depth-Anything-V2/metric_depth/dataset/splits) by extensions ['ros']
[0.269s] Level 1:colcon.colcon_core.package_identification:_identify(Depth-Anything-V2/metric_depth/dataset/splits) by extension 'ros'
[0.269s] Level 1:colcon.colcon_core.package_identification:_identify(Depth-Anything-V2/metric_depth/dataset/splits) by extensions ['cmake', 'python']
[0.269s] Level 1:colcon.colcon_core.package_identification:_identify(Depth-Anything-V2/metric_depth/dataset/splits) by extension 'cmake'
[0.269s] Level 1:colcon.colcon_core.package_identification:_identify(Depth-Anything-V2/metric_depth/dataset/splits) by extension 'python'
[0.269s] Level 1:colcon.colcon_core.package_identification:_identify(Depth-Anything-V2/metric_depth/dataset/splits) by extensions ['python_setup_py']
[0.269s] Level 1:colcon.colcon_core.package_identification:_identify(Depth-Anything-V2/metric_depth/dataset/splits) by extension 'python_setup_py'
[0.269s] Level 1:colcon.colcon_core.package_identification:_identify(Depth-Anything-V2/metric_depth/dataset/splits/hypersim) by extensions ['ignore', 'ignore_ament_install']
[0.270s] Level 1:colcon.colcon_core.package_identification:_identify(Depth-Anything-V2/metric_depth/dataset/splits/hypersim) by extension 'ignore'
[0.270s] Level 1:colcon.colcon_core.package_identification:_identify(Depth-Anything-V2/metric_depth/dataset/splits/hypersim) by extension 'ignore_ament_install'
[0.270s] Level 1:colcon.colcon_core.package_identification:_identify(Depth-Anything-V2/metric_depth/dataset/splits/hypersim) by extensions ['colcon_pkg']
[0.270s] Level 1:colcon.colcon_core.package_identification:_identify(Depth-Anything-V2/metric_depth/dataset/splits/hypersim) by extension 'colcon_pkg'
[0.270s] Level 1:colcon.colcon_core.package_identification:_identify(Depth-Anything-V2/metric_depth/dataset/splits/hypersim) by extensions ['colcon_meta']
[0.270s] Level 1:colcon.colcon_core.package_identification:_identify(Depth-Anything-V2/metric_depth/dataset/splits/hypersim) by extension 'colcon_meta'
[0.270s] Level 1:colcon.colcon_core.package_identification:_identify(Depth-Anything-V2/metric_depth/dataset/splits/hypersim) by extensions ['ros']
[0.270s] Level 1:colcon.colcon_core.package_identification:_identify(Depth-Anything-V2/metric_depth/dataset/splits/hypersim) by extension 'ros'
[0.270s] Level 1:colcon.colcon_core.package_identification:_identify(Depth-Anything-V2/metric_depth/dataset/splits/hypersim) by extensions ['cmake', 'python']
[0.270s] Level 1:colcon.colcon_core.package_identification:_identify(Depth-Anything-V2/metric_depth/dataset/splits/hypersim) by extension 'cmake'
[0.270s] Level 1:colcon.colcon_core.package_identification:_identify(Depth-Anything-V2/metric_depth/dataset/splits/hypersim) by extension 'python'
[0.270s] Level 1:colcon.colcon_core.package_identification:_identify(Depth-Anything-V2/metric_depth/dataset/splits/hypersim) by extensions ['python_setup_py']
[0.270s] Level 1:colcon.colcon_core.package_identification:_identify(Depth-Anything-V2/metric_depth/dataset/splits/hypersim) by extension 'python_setup_py'
[0.270s] Level 1:colcon.colcon_core.package_identification:_identify(Depth-Anything-V2/metric_depth/dataset/splits/kitti) by extensions ['ignore', 'ignore_ament_install']
[0.271s] Level 1:colcon.colcon_core.package_identification:_identify(Depth-Anything-V2/metric_depth/dataset/splits/kitti) by extension 'ignore'
[0.271s] Level 1:colcon.colcon_core.package_identification:_identify(Depth-Anything-V2/metric_depth/dataset/splits/kitti) by extension 'ignore_ament_install'
[0.271s] Level 1:colcon.colcon_core.package_identification:_identify(Depth-Anything-V2/metric_depth/dataset/splits/kitti) by extensions ['colcon_pkg']
[0.271s] Level 1:colcon.colcon_core.package_identification:_identify(Depth-Anything-V2/metric_depth/dataset/splits/kitti) by extension 'colcon_pkg'
[0.271s] Level 1:colcon.colcon_core.package_identification:_identify(Depth-Anything-V2/metric_depth/dataset/splits/kitti) by extensions ['colcon_meta']
[0.271s] Level 1:colcon.colcon_core.package_identification:_identify(Depth-Anything-V2/metric_depth/dataset/splits/kitti) by extension 'colcon_meta'
[0.271s] Level 1:colcon.colcon_core.package_identification:_identify(Depth-Anything-V2/metric_depth/dataset/splits/kitti) by extensions ['ros']
[0.271s] Level 1:colcon.colcon_core.package_identification:_identify(Depth-Anything-V2/metric_depth/dataset/splits/kitti) by extension 'ros'
[0.271s] Level 1:colcon.colcon_core.package_identification:_identify(Depth-Anything-V2/metric_depth/dataset/splits/kitti) by extensions ['cmake', 'python']
[0.271s] Level 1:colcon.colcon_core.package_identification:_identify(Depth-Anything-V2/metric_depth/dataset/splits/kitti) by extension 'cmake'
[0.271s] Level 1:colcon.colcon_core.package_identification:_identify(Depth-Anything-V2/metric_depth/dataset/splits/kitti) by extension 'python'
[0.271s] Level 1:colcon.colcon_core.package_identification:_identify(Depth-Anything-V2/metric_depth/dataset/splits/kitti) by extensions ['python_setup_py']
[0.271s] Level 1:colcon.colcon_core.package_identification:_identify(Depth-Anything-V2/metric_depth/dataset/splits/kitti) by extension 'python_setup_py'
[0.272s] Level 1:colcon.colcon_core.package_identification:_identify(Depth-Anything-V2/metric_depth/dataset/splits/vkitti2) by extensions ['ignore', 'ignore_ament_install']
[0.272s] Level 1:colcon.colcon_core.package_identification:_identify(Depth-Anything-V2/metric_depth/dataset/splits/vkitti2) by extension 'ignore'
[0.272s] Level 1:colcon.colcon_core.package_identification:_identify(Depth-Anything-V2/metric_depth/dataset/splits/vkitti2) by extension 'ignore_ament_install'
[0.272s] Level 1:colcon.colcon_core.package_identification:_identify(Depth-Anything-V2/metric_depth/dataset/splits/vkitti2) by extensions ['colcon_pkg']
[0.272s] Level 1:colcon.colcon_core.package_identification:_identify(Depth-Anything-V2/metric_depth/dataset/splits/vkitti2) by extension 'colcon_pkg'
[0.272s] Level 1:colcon.colcon_core.package_identification:_identify(Depth-Anything-V2/metric_depth/dataset/splits/vkitti2) by extensions ['colcon_meta']
[0.272s] Level 1:colcon.colcon_core.package_identification:_identify(Depth-Anything-V2/metric_depth/dataset/splits/vkitti2) by extension 'colcon_meta'
[0.272s] Level 1:colcon.colcon_core.package_identification:_identify(Depth-Anything-V2/metric_depth/dataset/splits/vkitti2) by extensions ['ros']
[0.272s] Level 1:colcon.colcon_core.package_identification:_identify(Depth-Anything-V2/metric_depth/dataset/splits/vkitti2) by extension 'ros'
[0.272s] Level 1:colcon.colcon_core.package_identification:_identify(Depth-Anything-V2/metric_depth/dataset/splits/vkitti2) by extensions ['cmake', 'python']
[0.272s] Level 1:colcon.colcon_core.package_identification:_identify(Depth-Anything-V2/metric_depth/dataset/splits/vkitti2) by extension 'cmake'
[0.272s] Level 1:colcon.colcon_core.package_identification:_identify(Depth-Anything-V2/metric_depth/dataset/splits/vkitti2) by extension 'python'
[0.272s] Level 1:colcon.colcon_core.package_identification:_identify(Depth-Anything-V2/metric_depth/dataset/splits/vkitti2) by extensions ['python_setup_py']
[0.272s] Level 1:colcon.colcon_core.package_identification:_identify(Depth-Anything-V2/metric_depth/dataset/splits/vkitti2) by extension 'python_setup_py'
[0.273s] Level 1:colcon.colcon_core.package_identification:_identify(Depth-Anything-V2/metric_depth/depth_anything_v2) by extensions ['ignore', 'ignore_ament_install']
[0.273s] Level 1:colcon.colcon_core.package_identification:_identify(Depth-Anything-V2/metric_depth/depth_anything_v2) by extension 'ignore'
[0.273s] Level 1:colcon.colcon_core.package_identification:_identify(Depth-Anything-V2/metric_depth/depth_anything_v2) by extension 'ignore_ament_install'
[0.273s] Level 1:colcon.colcon_core.package_identification:_identify(Depth-Anything-V2/metric_depth/depth_anything_v2) by extensions ['colcon_pkg']
[0.273s] Level 1:colcon.colcon_core.package_identification:_identify(Depth-Anything-V2/metric_depth/depth_anything_v2) by extension 'colcon_pkg'
[0.273s] Level 1:colcon.colcon_core.package_identification:_identify(Depth-Anything-V2/metric_depth/depth_anything_v2) by extensions ['colcon_meta']
[0.273s] Level 1:colcon.colcon_core.package_identification:_identify(Depth-Anything-V2/metric_depth/depth_anything_v2) by extension 'colcon_meta'
[0.273s] Level 1:colcon.colcon_core.package_identification:_identify(Depth-Anything-V2/metric_depth/depth_anything_v2) by extensions ['ros']
[0.273s] Level 1:colcon.colcon_core.package_identification:_identify(Depth-Anything-V2/metric_depth/depth_anything_v2) by extension 'ros'
[0.273s] Level 1:colcon.colcon_core.package_identification:_identify(Depth-Anything-V2/metric_depth/depth_anything_v2) by extensions ['cmake', 'python']
[0.273s] Level 1:colcon.colcon_core.package_identification:_identify(Depth-Anything-V2/metric_depth/depth_anything_v2) by extension 'cmake'
[0.273s] Level 1:colcon.colcon_core.package_identification:_identify(Depth-Anything-V2/metric_depth/depth_anything_v2) by extension 'python'
[0.274s] Level 1:colcon.colcon_core.package_identification:_identify(Depth-Anything-V2/metric_depth/depth_anything_v2) by extensions ['python_setup_py']
[0.274s] Level 1:colcon.colcon_core.package_identification:_identify(Depth-Anything-V2/metric_depth/depth_anything_v2) by extension 'python_setup_py'
[0.274s] Level 1:colcon.colcon_core.package_identification:_identify(Depth-Anything-V2/metric_depth/depth_anything_v2/dinov2_layers) by extensions ['ignore', 'ignore_ament_install']
[0.274s] Level 1:colcon.colcon_core.package_identification:_identify(Depth-Anything-V2/metric_depth/depth_anything_v2/dinov2_layers) by extension 'ignore'
[0.274s] Level 1:colcon.colcon_core.package_identification:_identify(Depth-Anything-V2/metric_depth/depth_anything_v2/dinov2_layers) by extension 'ignore_ament_install'
[0.274s] Level 1:colcon.colcon_core.package_identification:_identify(Depth-Anything-V2/metric_depth/depth_anything_v2/dinov2_layers) by extensions ['colcon_pkg']
[0.274s] Level 1:colcon.colcon_core.package_identification:_identify(Depth-Anything-V2/metric_depth/depth_anything_v2/dinov2_layers) by extension 'colcon_pkg'
[0.274s] Level 1:colcon.colcon_core.package_identification:_identify(Depth-Anything-V2/metric_depth/depth_anything_v2/dinov2_layers) by extensions ['colcon_meta']
[0.274s] Level 1:colcon.colcon_core.package_identification:_identify(Depth-Anything-V2/metric_depth/depth_anything_v2/dinov2_layers) by extension 'colcon_meta'
[0.274s] Level 1:colcon.colcon_core.package_identification:_identify(Depth-Anything-V2/metric_depth/depth_anything_v2/dinov2_layers) by extensions ['ros']
[0.274s] Level 1:colcon.colcon_core.package_identification:_identify(Depth-Anything-V2/metric_depth/depth_anything_v2/dinov2_layers) by extension 'ros'
[0.274s] Level 1:colcon.colcon_core.package_identification:_identify(Depth-Anything-V2/metric_depth/depth_anything_v2/dinov2_layers) by extensions ['cmake', 'python']
[0.274s] Level 1:colcon.colcon_core.package_identification:_identify(Depth-Anything-V2/metric_depth/depth_anything_v2/dinov2_layers) by extension 'cmake'
[0.274s] Level 1:colcon.colcon_core.package_identification:_identify(Depth-Anything-V2/metric_depth/depth_anything_v2/dinov2_layers) by extension 'python'
[0.274s] Level 1:colcon.colcon_core.package_identification:_identify(Depth-Anything-V2/metric_depth/depth_anything_v2/dinov2_layers) by extensions ['python_setup_py']
[0.275s] Level 1:colcon.colcon_core.package_identification:_identify(Depth-Anything-V2/metric_depth/depth_anything_v2/dinov2_layers) by extension 'python_setup_py'
[0.275s] Level 1:colcon.colcon_core.package_identification:_identify(Depth-Anything-V2/metric_depth/depth_anything_v2/util) by extensions ['ignore', 'ignore_ament_install']
[0.275s] Level 1:colcon.colcon_core.package_identification:_identify(Depth-Anything-V2/metric_depth/depth_anything_v2/util) by extension 'ignore'
[0.275s] Level 1:colcon.colcon_core.package_identification:_identify(Depth-Anything-V2/metric_depth/depth_anything_v2/util) by extension 'ignore_ament_install'
[0.275s] Level 1:colcon.colcon_core.package_identification:_identify(Depth-Anything-V2/metric_depth/depth_anything_v2/util) by extensions ['colcon_pkg']
[0.275s] Level 1:colcon.colcon_core.package_identification:_identify(Depth-Anything-V2/metric_depth/depth_anything_v2/util) by extension 'colcon_pkg'
[0.275s] Level 1:colcon.colcon_core.package_identification:_identify(Depth-Anything-V2/metric_depth/depth_anything_v2/util) by extensions ['colcon_meta']
[0.275s] Level 1:colcon.colcon_core.package_identification:_identify(Depth-Anything-V2/metric_depth/depth_anything_v2/util) by extension 'colcon_meta'
[0.275s] Level 1:colcon.colcon_core.package_identification:_identify(Depth-Anything-V2/metric_depth/depth_anything_v2/util) by extensions ['ros']
[0.275s] Level 1:colcon.colcon_core.package_identification:_identify(Depth-Anything-V2/metric_depth/depth_anything_v2/util) by extension 'ros'
[0.275s] Level 1:colcon.colcon_core.package_identification:_identify(Depth-Anything-V2/metric_depth/depth_anything_v2/util) by extensions ['cmake', 'python']
[0.275s] Level 1:colcon.colcon_core.package_identification:_identify(Depth-Anything-V2/metric_depth/depth_anything_v2/util) by extension 'cmake'
[0.275s] Level 1:colcon.colcon_core.package_identification:_identify(Depth-Anything-V2/metric_depth/depth_anything_v2/util) by extension 'python'
[0.276s] Level 1:colcon.colcon_core.package_identification:_identify(Depth-Anything-V2/metric_depth/depth_anything_v2/util) by extensions ['python_setup_py']
[0.276s] Level 1:colcon.colcon_core.package_identification:_identify(Depth-Anything-V2/metric_depth/depth_anything_v2/util) by extension 'python_setup_py'
[0.276s] Level 1:colcon.colcon_core.package_identification:_identify(Depth-Anything-V2/metric_depth/util) by extensions ['ignore', 'ignore_ament_install']
[0.276s] Level 1:colcon.colcon_core.package_identification:_identify(Depth-Anything-V2/metric_depth/util) by extension 'ignore'
[0.276s] Level 1:colcon.colcon_core.package_identification:_identify(Depth-Anything-V2/metric_depth/util) by extension 'ignore_ament_install'
[0.276s] Level 1:colcon.colcon_core.package_identification:_identify(Depth-Anything-V2/metric_depth/util) by extensions ['colcon_pkg']
[0.276s] Level 1:colcon.colcon_core.package_identification:_identify(Depth-Anything-V2/metric_depth/util) by extension 'colcon_pkg'
[0.276s] Level 1:colcon.colcon_core.package_identification:_identify(Depth-Anything-V2/metric_depth/util) by extensions ['colcon_meta']
[0.276s] Level 1:colcon.colcon_core.package_identification:_identify(Depth-Anything-V2/metric_depth/util) by extension 'colcon_meta'
[0.276s] Level 1:colcon.colcon_core.package_identification:_identify(Depth-Anything-V2/metric_depth/util) by extensions ['ros']
[0.276s] Level 1:colcon.colcon_core.package_identification:_identify(Depth-Anything-V2/metric_depth/util) by extension 'ros'
[0.276s] Level 1:colcon.colcon_core.package_identification:_identify(Depth-Anything-V2/metric_depth/util) by extensions ['cmake', 'python']
[0.276s] Level 1:colcon.colcon_core.package_identification:_identify(Depth-Anything-V2/metric_depth/util) by extension 'cmake'
[0.276s] Level 1:colcon.colcon_core.package_identification:_identify(Depth-Anything-V2/metric_depth/util) by extension 'python'
[0.276s] Level 1:colcon.colcon_core.package_identification:_identify(Depth-Anything-V2/metric_depth/util) by extensions ['python_setup_py']
[0.276s] Level 1:colcon.colcon_core.package_identification:_identify(Depth-Anything-V2/metric_depth/util) by extension 'python_setup_py'
[0.277s] Level 1:colcon.colcon_core.package_identification:_identify(build) by extensions ['ignore', 'ignore_ament_install']
[0.277s] Level 1:colcon.colcon_core.package_identification:_identify(build) by extension 'ignore'
[0.277s] Level 1:colcon.colcon_core.package_identification:_identify(build) ignored
[0.277s] Level 1:colcon.colcon_core.package_identification:_identify(install) by extensions ['ignore', 'ignore_ament_install']
[0.277s] Level 1:colcon.colcon_core.package_identification:_identify(install) by extension 'ignore'
[0.277s] Level 1:colcon.colcon_core.package_identification:_identify(install) ignored
[0.277s] Level 1:colcon.colcon_core.package_identification:_identify(log) by extensions ['ignore', 'ignore_ament_install']
[0.277s] Level 1:colcon.colcon_core.package_identification:_identify(log) by extension 'ignore'
[0.277s] Level 1:colcon.colcon_core.package_identification:_identify(log) ignored
[0.277s] Level 1:colcon.colcon_core.package_identification:_identify(src) by extensions ['ignore', 'ignore_ament_install']
[0.278s] Level 1:colcon.colcon_core.package_identification:_identify(src) by extension 'ignore'
[0.278s] Level 1:colcon.colcon_core.package_identification:_identify(src) by extension 'ignore_ament_install'
[0.278s] Level 1:colcon.colcon_core.package_identification:_identify(src) by extensions ['colcon_pkg']
[0.278s] Level 1:colcon.colcon_core.package_identification:_identify(src) by extension 'colcon_pkg'
[0.278s] Level 1:colcon.colcon_core.package_identification:_identify(src) by extensions ['colcon_meta']
[0.278s] Level 1:colcon.colcon_core.package_identification:_identify(src) by extension 'colcon_meta'
[0.278s] Level 1:colcon.colcon_core.package_identification:_identify(src) by extensions ['ros']
[0.278s] Level 1:colcon.colcon_core.package_identification:_identify(src) by extension 'ros'
[0.278s] Level 1:colcon.colcon_core.package_identification:_identify(src) by extensions ['cmake', 'python']
[0.278s] Level 1:colcon.colcon_core.package_identification:_identify(src) by extension 'cmake'
[0.278s] Level 1:colcon.colcon_core.package_identification:_identify(src) by extension 'python'
[0.278s] Level 1:colcon.colcon_core.package_identification:_identify(src) by extensions ['python_setup_py']
[0.278s] Level 1:colcon.colcon_core.package_identification:_identify(src) by extension 'python_setup_py'
[0.278s] Level 1:colcon.colcon_core.package_identification:_identify(src/smart_surveillance) by extensions ['ignore', 'ignore_ament_install']
[0.278s] Level 1:colcon.colcon_core.package_identification:_identify(src/smart_surveillance) by extension 'ignore'
[0.279s] Level 1:colcon.colcon_core.package_identification:_identify(src/smart_surveillance) by extension 'ignore_ament_install'
[0.279s] Level 1:colcon.colcon_core.package_identification:_identify(src/smart_surveillance) by extensions ['colcon_pkg']
[0.279s] Level 1:colcon.colcon_core.package_identification:_identify(src/smart_surveillance) by extension 'colcon_pkg'
[0.279s] Level 1:colcon.colcon_core.package_identification:_identify(src/smart_surveillance) by extensions ['colcon_meta']
[0.279s] Level 1:colcon.colcon_core.package_identification:_identify(src/smart_surveillance) by extension 'colcon_meta'
[0.279s] Level 1:colcon.colcon_core.package_identification:_identify(src/smart_surveillance) by extensions ['ros']
[0.279s] Level 1:colcon.colcon_core.package_identification:_identify(src/smart_surveillance) by extension 'ros'
[0.283s] DEBUG:colcon.colcon_core.package_identification:Package 'src/smart_surveillance' with type 'ros.ament_python' and name 'smart_surveillance'
[0.283s] Level 1:colcon.colcon_core.package_identification:_identify(src/surveillance_interfaces) by extensions ['ignore', 'ignore_ament_install']
[0.283s] Level 1:colcon.colcon_core.package_identification:_identify(src/surveillance_interfaces) by extension 'ignore'
[0.283s] Level 1:colcon.colcon_core.package_identification:_identify(src/surveillance_interfaces) by extension 'ignore_ament_install'
[0.283s] Level 1:colcon.colcon_core.package_identification:_identify(src/surveillance_interfaces) by extensions ['colcon_pkg']
[0.283s] Level 1:colcon.colcon_core.package_identification:_identify(src/surveillance_interfaces) by extension 'colcon_pkg'
[0.283s] Level 1:colcon.colcon_core.package_identification:_identify(src/surveillance_interfaces) by extensions ['colcon_meta']
[0.283s] Level 1:colcon.colcon_core.package_identification:_identify(src/surveillance_interfaces) by extension 'colcon_meta'
[0.283s] Level 1:colcon.colcon_core.package_identification:_identify(src/surveillance_interfaces) by extensions ['ros']
[0.283s] Level 1:colcon.colcon_core.package_identification:_identify(src/surveillance_interfaces) by extension 'ros'
[0.284s] DEBUG:colcon.colcon_core.package_identification:Package 'src/surveillance_interfaces' with type 'ros.ament_cmake' and name 'surveillance_interfaces'
[0.284s] Level 1:colcon.colcon_core.package_discovery:discover_packages(recursive) using defaults
[0.284s] Level 1:colcon.colcon_core.package_discovery:discover_packages(ignore) discover
[0.284s] Level 1:colcon.colcon_core.package_discovery:discover_packages(ignore) using defaults
[0.284s] Level 1:colcon.colcon_core.package_discovery:discover_packages(path) discover
[0.284s] Level 1:colcon.colcon_core.package_discovery:discover_packages(path) using defaults
[0.309s] Level 1:colcon.colcon_core.package_discovery:discover_packages(prefix_path) check parameters
[0.309s] Level 1:colcon.colcon_core.package_discovery:discover_packages(prefix_path) discover
[0.311s] WARNING:colcon.colcon_ros.prefix_path.ament:The path '/home/menna/task2-surveillance_system/install/smart_surveillance' in the environment variable AMENT_PREFIX_PATH doesn't exist
[0.311s] WARNING:colcon.colcon_ros.prefix_path.ament:The path '/home/menna/task2-surveillance_system/install/surveillance_interfaces' in the environment variable AMENT_PREFIX_PATH doesn't exist
[0.311s] WARNING:colcon.colcon_ros.prefix_path.catkin:The path '/home/menna/task2-surveillance_system/install/surveillance_interfaces' in the environment variable CMAKE_PREFIX_PATH doesn't exist
[0.312s] DEBUG:colcon.colcon_installed_package_information.package_discovery:Found 0 installed packages in /home/menna/task2-surveillance_system/install
[0.312s] DEBUG:colcon.colcon_installed_package_information.package_discovery:Found 1 installed packages in /home/menna/Distributed-Smart-Security-Surveillance-System-using-ROS2/install
[0.313s] DEBUG:colcon.colcon_installed_package_information.package_discovery:Found 1 installed packages in /home/menna/Distributed_Smart_Security_Surveillance_System_ws/install
[0.315s] DEBUG:colcon.colcon_installed_package_information.package_discovery:Found 287 installed packages in /opt/ros/jazzy
[0.318s] Level 1:colcon.colcon_core.package_discovery:discover_packages(prefix_path) using defaults
[0.380s] Level 5:colcon.colcon_core.verb:set package 'surveillance_interfaces' build argument 'cmake_args' from command line to 'None'
[0.381s] Level 5:colcon.colcon_core.verb:set package 'surveillance_interfaces' build argument 'cmake_target' from command line to 'None'
[0.381s] Level 5:colcon.colcon_core.verb:set package 'surveillance_interfaces' build argument 'cmake_target_skip_unavailable' from command line to 'False'
[0.381s] Level 5:colcon.colcon_core.verb:set package 'surveillance_interfaces' build argument 'cmake_clean_cache' from command line to 'False'
[0.381s] Level 5:colcon.colcon_core.verb:set package 'surveillance_interfaces' build argument 'cmake_clean_first' from command line to 'False'
[0.381s] Level 5:colcon.colcon_core.verb:set package 'surveillance_interfaces' build argument 'cmake_force_configure' from command line to 'False'
[0.381s] Level 5:colcon.colcon_core.verb:set package 'surveillance_interfaces' build argument 'ament_cmake_args' from command line to 'None'
[0.381s] Level 5:colcon.colcon_core.verb:set package 'surveillance_interfaces' build argument 'catkin_cmake_args' from command line to 'None'
[0.381s] Level 5:colcon.colcon_core.verb:set package 'surveillance_interfaces' build argument 'catkin_skip_building_tests' from command line to 'False'
[0.381s] DEBUG:colcon.colcon_core.verb:Building package 'surveillance_interfaces' with the following arguments: {'ament_cmake_args': None, 'build_base': '/home/menna/task2-surveillance_system/build/surveillance_interfaces', 'catkin_cmake_args': None, 'catkin_skip_building_tests': False, 'cmake_args': None, 'cmake_clean_cache': False, 'cmake_clean_first': False, 'cmake_force_configure': False, 'cmake_target': None, 'cmake_target_skip_unavailable': False, 'install_base': '/home/menna/task2-surveillance_system/install/surveillance_interfaces', 'merge_install': False, 'path': '/home/menna/task2-surveillance_system/src/surveillance_interfaces', 'symlink_install': False, 'test_result_base': None}
[0.381s] Level 5:colcon.colcon_core.verb:set package 'smart_surveillance' build argument 'cmake_args' from command line to 'None'
[0.381s] Level 5:colcon.colcon_core.verb:set package 'smart_surveillance' build argument 'cmake_target' from command line to 'None'
[0.381s] Level 5:colcon.colcon_core.verb:set package 'smart_surveillance' build argument 'cmake_target_skip_unavailable' from command line to 'False'
[0.381s] Level 5:colcon.colcon_core.verb:set package 'smart_surveillance' build argument 'cmake_clean_cache' from command line to 'False'
[0.382s] Level 5:colcon.colcon_core.verb:set package 'smart_surveillance' build argument 'cmake_clean_first' from command line to 'False'
[0.382s] Level 5:colcon.colcon_core.verb:set package 'smart_surveillance' build argument 'cmake_force_configure' from command line to 'False'
[0.382s] Level 5:colcon.colcon_core.verb:set package 'smart_surveillance' build argument 'ament_cmake_args' from command line to 'None'
[0.382s] Level 5:colcon.colcon_core.verb:set package 'smart_surveillance' build argument 'catkin_cmake_args' from command line to 'None'
[0.382s] Level 5:colcon.colcon_core.verb:set package 'smart_surveillance' build argument 'catkin_skip_building_tests' from command line to 'False'
[0.382s] DEBUG:colcon.colcon_core.verb:Building package 'smart_surveillance' with the following arguments: {'ament_cmake_args': None, 'build_base': '/home/menna/task2-surveillance_system/build/smart_surveillance', 'catkin_cmake_args': None, 'catkin_skip_building_tests': False, 'cmake_args': None, 'cmake_clean_cache': False, 'cmake_clean_first': False, 'cmake_force_configure': False, 'cmake_target': None, 'cmake_target_skip_unavailable': False, 'install_base': '/home/menna/task2-surveillance_system/install/smart_surveillance', 'merge_install': False, 'path': '/home/menna/task2-surveillance_system/src/smart_surveillance', 'symlink_install': False, 'test_result_base': None}
[0.382s] INFO:colcon.colcon_core.executor:Executing jobs using 'parallel' executor
[0.383s] DEBUG:colcon.colcon_parallel_executor.executor.parallel:run_until_complete
[0.383s] INFO:colcon.colcon_ros.task.ament_cmake.build:Building ROS package in '/home/menna/task2-surveillance_system/src/surveillance_interfaces' with build type 'ament_cmake'
[0.383s] INFO:colcon.colcon_cmake.task.cmake.build:Building CMake package in '/home/menna/task2-surveillance_system/src/surveillance_interfaces'
[0.386s] INFO:colcon.colcon_core.plugin_system:Skipping extension 'colcon_core.shell.bat': Not used on non-Windows systems
[0.386s] INFO:colcon.colcon_core.shell:Skip shell extension 'powershell' for command environment: Not usable outside of PowerShell
[0.387s] DEBUG:colcon.colcon_core.shell:Skip shell extension 'dsv' for command environment
[0.398s] DEBUG:colcon.colcon_core.event_handler.log_command:Invoking command in '/home/menna/task2-surveillance_system/build/surveillance_interfaces': CMAKE_PREFIX_PATH=${CMAKE_PREFIX_PATH}:/home/menna/task2-surveillance_system/install/smart_surveillance:/home/menna/Distributed-Smart-Security-Surveillance-System-using-ROS2/install/security_surveillance_system:/home/menna/Distributed_Smart_Security_Surveillance_System_ws/install/security_surveillance_system:/opt/ros/jazzy DEBUGINFOD_URLS=https://debuginfod.ubuntu.com PS1=${debian_chroot:+($debian_chroot)}\[\033[01;32m\]\u@\h\[\033[00m\]:\[\033[01;34m\]\w\[\033[00m\]\$ VIRTUAL_ENV_PROMPT=(venv-ardupilot) /usr/bin/cmake /home/menna/task2-surveillance_system/src/surveillance_interfaces -DCMAKE_INSTALL_PREFIX=/home/menna/task2-surveillance_system/install/surveillance_interfaces
[4.868s] DEBUG:colcon.colcon_core.event_handler.log_command:Invoked command in '/home/menna/task2-surveillance_system/build/surveillance_interfaces' returned '0': CMAKE_PREFIX_PATH=${CMAKE_PREFIX_PATH}:/home/menna/task2-surveillance_system/install/smart_surveillance:/home/menna/Distributed-Smart-Security-Surveillance-System-using-ROS2/install/security_surveillance_system:/home/menna/Distributed_Smart_Security_Surveillance_System_ws/install/security_surveillance_system:/opt/ros/jazzy DEBUGINFOD_URLS=https://debuginfod.ubuntu.com PS1=${debian_chroot:+($debian_chroot)}\[\033[01;32m\]\u@\h\[\033[00m\]:\[\033[01;34m\]\w\[\033[00m\]\$ VIRTUAL_ENV_PROMPT=(venv-ardupilot) /usr/bin/cmake /home/menna/task2-surveillance_system/src/surveillance_interfaces -DCMAKE_INSTALL_PREFIX=/home/menna/task2-surveillance_system/install/surveillance_interfaces
[4.870s] DEBUG:colcon.colcon_core.event_handler.log_command:Invoking command in '/home/menna/task2-surveillance_system/build/surveillance_interfaces': CMAKE_PREFIX_PATH=${CMAKE_PREFIX_PATH}:/home/menna/task2-surveillance_system/install/smart_surveillance:/home/menna/Distributed-Smart-Security-Surveillance-System-using-ROS2/install/security_surveillance_system:/home/menna/Distributed_Smart_Security_Surveillance_System_ws/install/security_surveillance_system:/opt/ros/jazzy DEBUGINFOD_URLS=https://debuginfod.ubuntu.com PS1=${debian_chroot:+($debian_chroot)}\[\033[01;32m\]\u@\h\[\033[00m\]:\[\033[01;34m\]\w\[\033[00m\]\$ VIRTUAL_ENV_PROMPT=(venv-ardupilot) /usr/bin/cmake --build /home/menna/task2-surveillance_system/build/surveillance_interfaces -- -j8 -l8
[8.444s] DEBUG:colcon.colcon_core.event_handler.log_command:Invoked command in '/home/menna/task2-surveillance_system/build/surveillance_interfaces' returned '0': CMAKE_PREFIX_PATH=${CMAKE_PREFIX_PATH}:/home/menna/task2-surveillance_system/install/smart_surveillance:/home/menna/Distributed-Smart-Security-Surveillance-System-using-ROS2/install/security_surveillance_system:/home/menna/Distributed_Smart_Security_Surveillance_System_ws/install/security_surveillance_system:/opt/ros/jazzy DEBUGINFOD_URLS=https://debuginfod.ubuntu.com PS1=${debian_chroot:+($debian_chroot)}\[\033[01;32m\]\u@\h\[\033[00m\]:\[\033[01;34m\]\w\[\033[00m\]\$ VIRTUAL_ENV_PROMPT=(venv-ardupilot) /usr/bin/cmake --build /home/menna/task2-surveillance_system/build/surveillance_interfaces -- -j8 -l8
[8.458s] DEBUG:colcon.colcon_core.event_handler.log_command:Invoking command in '/home/menna/task2-surveillance_system/build/surveillance_interfaces': CMAKE_PREFIX_PATH=${CMAKE_PREFIX_PATH}:/home/menna/task2-surveillance_system/install/smart_surveillance:/home/menna/Distributed-Smart-Security-Surveillance-System-using-ROS2/install/security_surveillance_system:/home/menna/Distributed_Smart_Security_Surveillance_System_ws/install/security_surveillance_system:/opt/ros/jazzy DEBUGINFOD_URLS=https://debuginfod.ubuntu.com PS1=${debian_chroot:+($debian_chroot)}\[\033[01;32m\]\u@\h\[\033[00m\]:\[\033[01;34m\]\w\[\033[00m\]\$ VIRTUAL_ENV_PROMPT=(venv-ardupilot) /usr/bin/cmake --install /home/menna/task2-surveillance_system/build/surveillance_interfaces
[8.579s] Level 1:colcon.colcon_core.environment:create_environment_scripts_only(surveillance_interfaces)
[8.579s] DEBUG:colcon.colcon_core.event_handler.log_command:Invoked command in '/home/menna/task2-surveillance_system/build/surveillance_interfaces' returned '0': CMAKE_PREFIX_PATH=${CMAKE_PREFIX_PATH}:/home/menna/task2-surveillance_system/install/smart_surveillance:/home/menna/Distributed-Smart-Security-Surveillance-System-using-ROS2/install/security_surveillance_system:/home/menna/Distributed_Smart_Security_Surveillance_System_ws/install/security_surveillance_system:/opt/ros/jazzy DEBUGINFOD_URLS=https://debuginfod.ubuntu.com PS1=${debian_chroot:+($debian_chroot)}\[\033[01;32m\]\u@\h\[\033[00m\]:\[\033[01;34m\]\w\[\033[00m\]\$ VIRTUAL_ENV_PROMPT=(venv-ardupilot) /usr/bin/cmake --install /home/menna/task2-surveillance_system/build/surveillance_interfaces
[8.582s] Level 1:colcon.colcon_core.environment:checking '/home/menna/task2-surveillance_system/install/surveillance_interfaces' for CMake module files
[8.583s] Level 1:colcon.colcon_core.environment:checking '/home/menna/task2-surveillance_system/install/surveillance_interfaces' for CMake config files
[8.583s] Level 1:colcon.colcon_core.shell:create_environment_hook('surveillance_interfaces', 'cmake_prefix_path')
[8.583s] INFO:colcon.colcon_core.shell:Creating environment hook '/home/menna/task2-surveillance_system/install/surveillance_interfaces/share/surveillance_interfaces/hook/cmake_prefix_path.ps1'
[8.584s] INFO:colcon.colcon_core.shell:Creating environment descriptor '/home/menna/task2-surveillance_system/install/surveillance_interfaces/share/surveillance_interfaces/hook/cmake_prefix_path.dsv'
[8.584s] INFO:colcon.colcon_core.shell:Creating environment hook '/home/menna/task2-surveillance_system/install/surveillance_interfaces/share/surveillance_interfaces/hook/cmake_prefix_path.sh'
[8.585s] Level 1:colcon.colcon_core.environment:checking '/home/menna/task2-surveillance_system/install/surveillance_interfaces/lib'
[8.585s] Level 1:colcon.colcon_core.shell:create_environment_hook('surveillance_interfaces', 'ld_library_path_lib')
[8.586s] INFO:colcon.colcon_core.shell:Creating environment hook '/home/menna/task2-surveillance_system/install/surveillance_interfaces/share/surveillance_interfaces/hook/ld_library_path_lib.ps1'
[8.586s] INFO:colcon.colcon_core.shell:Creating environment descriptor '/home/menna/task2-surveillance_system/install/surveillance_interfaces/share/surveillance_interfaces/hook/ld_library_path_lib.dsv'
[8.586s] INFO:colcon.colcon_core.shell:Creating environment hook '/home/menna/task2-surveillance_system/install/surveillance_interfaces/share/surveillance_interfaces/hook/ld_library_path_lib.sh'
[8.587s] Level 1:colcon.colcon_core.environment:checking '/home/menna/task2-surveillance_system/install/surveillance_interfaces/bin'
[8.587s] Level 1:colcon.colcon_core.environment:checking '/home/menna/task2-surveillance_system/install/surveillance_interfaces/lib/pkgconfig/surveillance_interfaces.pc'
[8.587s] Level 1:colcon.colcon_core.environment:checking '/home/menna/task2-surveillance_system/install/surveillance_interfaces/lib/python3.12/site-packages'
[8.587s] Level 1:colcon.colcon_core.shell:create_environment_hook('surveillance_interfaces', 'pythonpath')
[8.587s] INFO:colcon.colcon_core.shell:Creating environment hook '/home/menna/task2-surveillance_system/install/surveillance_interfaces/share/surveillance_interfaces/hook/pythonpath.ps1'
[8.588s] INFO:colcon.colcon_core.shell:Creating environment descriptor '/home/menna/task2-surveillance_system/install/surveillance_interfaces/share/surveillance_interfaces/hook/pythonpath.dsv'
[8.588s] INFO:colcon.colcon_core.shell:Creating environment hook '/home/menna/task2-surveillance_system/install/surveillance_interfaces/share/surveillance_interfaces/hook/pythonpath.sh'
[8.589s] Level 1:colcon.colcon_core.environment:checking '/home/menna/task2-surveillance_system/install/surveillance_interfaces/bin'
[8.589s] INFO:colcon.colcon_core.shell:Creating package script '/home/menna/task2-surveillance_system/install/surveillance_interfaces/share/surveillance_interfaces/package.ps1'
[8.590s] INFO:colcon.colcon_core.shell:Creating package descriptor '/home/menna/task2-surveillance_system/install/surveillance_interfaces/share/surveillance_interfaces/package.dsv'
[8.591s] INFO:colcon.colcon_core.shell:Creating package script '/home/menna/task2-surveillance_system/install/surveillance_interfaces/share/surveillance_interfaces/package.sh'
[8.592s] INFO:colcon.colcon_core.shell:Creating package script '/home/menna/task2-surveillance_system/install/surveillance_interfaces/share/surveillance_interfaces/package.bash'
[8.592s] INFO:colcon.colcon_core.shell:Creating package script '/home/menna/task2-surveillance_system/install/surveillance_interfaces/share/surveillance_interfaces/package.zsh'
[8.593s] Level 1:colcon.colcon_core.environment:create_file_with_runtime_dependencies(/home/menna/task2-surveillance_system/install/surveillance_interfaces/share/colcon-core/packages/surveillance_interfaces)
[8.594s] Level 1:colcon.colcon_core.environment:create_environment_scripts_only(surveillance_interfaces)
[8.594s] Level 1:colcon.colcon_core.environment:checking '/home/menna/task2-surveillance_system/install/surveillance_interfaces' for CMake module files
[8.595s] Level 1:colcon.colcon_core.environment:checking '/home/menna/task2-surveillance_system/install/surveillance_interfaces' for CMake config files
[8.595s] Level 1:colcon.colcon_core.shell:create_environment_hook('surveillance_interfaces', 'cmake_prefix_path')
[8.595s] INFO:colcon.colcon_core.shell:Creating environment hook '/home/menna/task2-surveillance_system/install/surveillance_interfaces/share/surveillance_interfaces/hook/cmake_prefix_path.ps1'
[8.596s] INFO:colcon.colcon_core.shell:Creating environment descriptor '/home/menna/task2-surveillance_system/install/surveillance_interfaces/share/surveillance_interfaces/hook/cmake_prefix_path.dsv'
[8.596s] INFO:colcon.colcon_core.shell:Creating environment hook '/home/menna/task2-surveillance_system/install/surveillance_interfaces/share/surveillance_interfaces/hook/cmake_prefix_path.sh'
[8.597s] Level 1:colcon.colcon_core.environment:checking '/home/menna/task2-surveillance_system/install/surveillance_interfaces/lib'
[8.597s] Level 1:colcon.colcon_core.shell:create_environment_hook('surveillance_interfaces', 'ld_library_path_lib')
[8.597s] INFO:colcon.colcon_core.shell:Creating environment hook '/home/menna/task2-surveillance_system/install/surveillance_interfaces/share/surveillance_interfaces/hook/ld_library_path_lib.ps1'
[8.597s] INFO:colcon.colcon_core.shell:Creating environment descriptor '/home/menna/task2-surveillance_system/install/surveillance_interfaces/share/surveillance_interfaces/hook/ld_library_path_lib.dsv'
[8.598s] INFO:colcon.colcon_core.shell:Creating environment hook '/home/menna/task2-surveillance_system/install/surveillance_interfaces/share/surveillance_interfaces/hook/ld_library_path_lib.sh'
[8.598s] Level 1:colcon.colcon_core.environment:checking '/home/menna/task2-surveillance_system/install/surveillance_interfaces/bin'
[8.598s] Level 1:colcon.colcon_core.environment:checking '/home/menna/task2-surveillance_system/install/surveillance_interfaces/lib/pkgconfig/surveillance_interfaces.pc'
[8.598s] Level 1:colcon.colcon_core.environment:checking '/home/menna/task2-surveillance_system/install/surveillance_interfaces/lib/python3.12/site-packages'
[8.599s] Level 1:colcon.colcon_core.shell:create_environment_hook('surveillance_interfaces', 'pythonpath')
[8.599s] INFO:colcon.colcon_core.shell:Creating environment hook '/home/menna/task2-surveillance_system/install/surveillance_interfaces/share/surveillance_interfaces/hook/pythonpath.ps1'
[8.599s] INFO:colcon.colcon_core.shell:Creating environment descriptor '/home/menna/task2-surveillance_system/install/surveillance_interfaces/share/surveillance_interfaces/hook/pythonpath.dsv'
[8.600s] INFO:colcon.colcon_core.shell:Creating environment hook '/home/menna/task2-surveillance_system/install/surveillance_interfaces/share/surveillance_interfaces/hook/pythonpath.sh'
[8.600s] Level 1:colcon.colcon_core.environment:checking '/home/menna/task2-surveillance_system/install/surveillance_interfaces/bin'
[8.601s] INFO:colcon.colcon_core.shell:Creating package script '/home/menna/task2-surveillance_system/install/surveillance_interfaces/share/surveillance_interfaces/package.ps1'
[8.601s] INFO:colcon.colcon_core.shell:Creating package descriptor '/home/menna/task2-surveillance_system/install/surveillance_interfaces/share/surveillance_interfaces/package.dsv'
[8.602s] INFO:colcon.colcon_core.shell:Creating package script '/home/menna/task2-surveillance_system/install/surveillance_interfaces/share/surveillance_interfaces/package.sh'
[8.602s] INFO:colcon.colcon_core.shell:Creating package script '/home/menna/task2-surveillance_system/install/surveillance_interfaces/share/surveillance_interfaces/package.bash'
[8.603s] INFO:colcon.colcon_core.shell:Creating package script '/home/menna/task2-surveillance_system/install/surveillance_interfaces/share/surveillance_interfaces/package.zsh'
[8.603s] Level 1:colcon.colcon_core.environment:create_file_with_runtime_dependencies(/home/menna/task2-surveillance_system/install/surveillance_interfaces/share/colcon-core/packages/surveillance_interfaces)
[8.604s] INFO:colcon.colcon_ros.task.ament_python.build:Building ROS package in '/home/menna/task2-surveillance_system/src/smart_surveillance' with build type 'ament_python'
[8.604s] Level 1:colcon.colcon_core.shell:create_environment_hook('smart_surveillance', 'ament_prefix_path')
[8.604s] INFO:colcon.colcon_core.shell:Creating environment hook '/home/menna/task2-surveillance_system/install/smart_surveillance/share/smart_surveillance/hook/ament_prefix_path.ps1'
[8.605s] INFO:colcon.colcon_core.shell:Creating environment descriptor '/home/menna/task2-surveillance_system/install/smart_surveillance/share/smart_surveillance/hook/ament_prefix_path.dsv'
[8.605s] INFO:colcon.colcon_core.shell:Creating environment hook '/home/menna/task2-surveillance_system/install/smart_surveillance/share/smart_surveillance/hook/ament_prefix_path.sh'
[8.606s] INFO:colcon.colcon_core.shell:Skip shell extension 'powershell' for command environment: Not usable outside of PowerShell
[8.606s] DEBUG:colcon.colcon_core.shell:Skip shell extension 'dsv' for command environment
[8.914s] WARNING:colcon.colcon_ros.task.ament_python.build:Package 'smart_surveillance' doesn't explicitly install a marker in the package index (colcon-ros currently does it implicitly but that fallback will be removed in the future)
[8.915s] WARNING:colcon.colcon_ros.task.ament_python.build:Package 'smart_surveillance' doesn't explicitly install the 'package.xml' file (colcon-ros currently does it implicitly but that fallback will be removed in the future)
[8.915s] INFO:colcon.colcon_core.task.python.build:Building Python package in '/home/menna/task2-surveillance_system/src/smart_surveillance'
[8.915s] INFO:colcon.colcon_core.shell:Skip shell extension 'powershell' for command environment: Not usable outside of PowerShell
[8.915s] DEBUG:colcon.colcon_core.shell:Skip shell extension 'dsv' for command environment
[9.799s] DEBUG:colcon.colcon_core.event_handler.log_command:Invoking command in '/home/menna/task2-surveillance_system/src/smart_surveillance': DEBUGINFOD_URLS=https://debuginfod.ubuntu.com PS1=${debian_chroot:+($debian_chroot)}\[\033[01;32m\]\u@\h\[\033[00m\]:\[\033[01;34m\]\w\[\033[00m\]\$ PYTHONPATH=/home/menna/task2-surveillance_system/build/smart_surveillance/prefix_override:/usr/lib/python3/dist-packages/colcon_core/task/python/colcon_distutils_commands:/home/menna/task2-surveillance_system/install/smart_surveillance/lib/python3.12/site-packages:/home/menna/task2-surveillance_system/install/surveillance_interfaces/lib/python3.12/site-packages:/home/menna/task2-surveillance_system/install/smart_surveillance/lib/python3.12/site-packages:/home/menna/Distributed-Smart-Security-Surveillance-System-using-ROS2/install/security_surveillance_system/lib/python3.12/site-packages:/home/menna/Distributed_Smart_Security_Surveillance_System_ws/install/security_surveillance_system/lib/python3.12/site-packages:/opt/ros/jazzy/lib/python3.12/site-packages VIRTUAL_ENV_PROMPT=(venv-ardupilot) /usr/bin/python3 -W ignore:setup.py install is deprecated -W ignore:easy_install command is deprecated setup.py egg_info --egg-base ../../build/smart_surveillance build --build-base /home/menna/task2-surveillance_system/build/smart_surveillance/build install --record /home/menna/task2-surveillance_system/build/smart_surveillance/install.log --single-version-externally-managed
[10.608s] Level 1:colcon.colcon_core.environment:checking '/home/menna/task2-surveillance_system/install/smart_surveillance' for CMake module files
[10.608s] DEBUG:colcon.colcon_core.event_handler.log_command:Invoked command in '/home/menna/task2-surveillance_system/src/smart_surveillance' returned '0': DEBUGINFOD_URLS=https://debuginfod.ubuntu.com PS1=${debian_chroot:+($debian_chroot)}\[\033[01;32m\]\u@\h\[\033[00m\]:\[\033[01;34m\]\w\[\033[00m\]\$ PYTHONPATH=/home/menna/task2-surveillance_system/build/smart_surveillance/prefix_override:/usr/lib/python3/dist-packages/colcon_core/task/python/colcon_distutils_commands:/home/menna/task2-surveillance_system/install/smart_surveillance/lib/python3.12/site-packages:/home/menna/task2-surveillance_system/install/surveillance_interfaces/lib/python3.12/site-packages:/home/menna/task2-surveillance_system/install/smart_surveillance/lib/python3.12/site-packages:/home/menna/Distributed-Smart-Security-Surveillance-System-using-ROS2/install/security_surveillance_system/lib/python3.12/site-packages:/home/menna/Distributed_Smart_Security_Surveillance_System_ws/install/security_surveillance_system/lib/python3.12/site-packages:/opt/ros/jazzy/lib/python3.12/site-packages VIRTUAL_ENV_PROMPT=(venv-ardupilot) /usr/bin/python3 -W ignore:setup.py install is deprecated -W ignore:easy_install command is deprecated setup.py egg_info --egg-base ../../build/smart_surveillance build --build-base /home/menna/task2-surveillance_system/build/smart_surveillance/build install --record /home/menna/task2-surveillance_system/build/smart_surveillance/install.log --single-version-externally-managed
[10.609s] Level 1:colcon.colcon_core.environment:checking '/home/menna/task2-surveillance_system/install/smart_surveillance' for CMake config files
[10.609s] Level 1:colcon.colcon_core.environment:checking '/home/menna/task2-surveillance_system/install/smart_surveillance/lib'
[10.610s] Level 1:colcon.colcon_core.environment:checking '/home/menna/task2-surveillance_system/install/smart_surveillance/bin'
[10.610s] Level 1:colcon.colcon_core.environment:checking '/home/menna/task2-surveillance_system/install/smart_surveillance/lib/pkgconfig/smart_surveillance.pc'
[10.610s] Level 1:colcon.colcon_core.environment:checking '/home/menna/task2-surveillance_system/install/smart_surveillance/lib/python3.12/site-packages'
[10.610s] Level 1:colcon.colcon_core.shell:create_environment_hook('smart_surveillance', 'pythonpath')
[10.610s] INFO:colcon.colcon_core.shell:Creating environment hook '/home/menna/task2-surveillance_system/install/smart_surveillance/share/smart_surveillance/hook/pythonpath.ps1'
[10.611s] INFO:colcon.colcon_core.shell:Creating environment descriptor '/home/menna/task2-surveillance_system/install/smart_surveillance/share/smart_surveillance/hook/pythonpath.dsv'
[10.612s] INFO:colcon.colcon_core.shell:Creating environment hook '/home/menna/task2-surveillance_system/install/smart_surveillance/share/smart_surveillance/hook/pythonpath.sh'
[10.613s] Level 1:colcon.colcon_core.environment:checking '/home/menna/task2-surveillance_system/install/smart_surveillance/bin'
[10.613s] Level 1:colcon.colcon_core.environment:create_environment_scripts_only(smart_surveillance)
[10.613s] INFO:colcon.colcon_core.shell:Creating package script '/home/menna/task2-surveillance_system/install/smart_surveillance/share/smart_surveillance/package.ps1'
[10.614s] INFO:colcon.colcon_core.shell:Creating package descriptor '/home/menna/task2-surveillance_system/install/smart_surveillance/share/smart_surveillance/package.dsv'
[10.614s] INFO:colcon.colcon_core.shell:Creating package script '/home/menna/task2-surveillance_system/install/smart_surveillance/share/smart_surveillance/package.sh'
[10.615s] INFO:colcon.colcon_core.shell:Creating package script '/home/menna/task2-surveillance_system/install/smart_surveillance/share/smart_surveillance/package.bash'
[10.615s] INFO:colcon.colcon_core.shell:Creating package script '/home/menna/task2-surveillance_system/install/smart_surveillance/share/smart_surveillance/package.zsh'
[10.616s] Level 1:colcon.colcon_core.environment:create_file_with_runtime_dependencies(/home/menna/task2-surveillance_system/install/smart_surveillance/share/colcon-core/packages/smart_surveillance)
[10.616s] DEBUG:colcon.colcon_parallel_executor.executor.parallel:closing loop
[10.616s] DEBUG:colcon.colcon_parallel_executor.executor.parallel:loop closed
[10.616s] DEBUG:colcon.colcon_parallel_executor.executor.parallel:run_until_complete finished with '0'
[10.616s] DEBUG:colcon.colcon_core.event_reactor:joining thread
[10.623s] INFO:colcon.colcon_core.plugin_system:Skipping extension 'colcon_notification.desktop_notification.terminal_notifier': Not used on non-Darwin systems
[10.624s] INFO:colcon.colcon_core.plugin_system:Skipping extension 'colcon_notification.desktop_notification.win32': Not used on non-Windows systems
[10.624s] INFO:colcon.colcon_notification.desktop_notification:Sending desktop notification using 'notify2'
[10.641s] DEBUG:colcon.colcon_core.event_reactor:joined thread
[10.641s] INFO:colcon.colcon_core.shell:Creating prefix script '/home/menna/task2-surveillance_system/install/local_setup.ps1'
[10.642s] INFO:colcon.colcon_core.shell:Creating prefix util module '/home/menna/task2-surveillance_system/install/_local_setup_util_ps1.py'
[10.644s] INFO:colcon.colcon_core.shell:Creating prefix chain script '/home/menna/task2-surveillance_system/install/setup.ps1'
[10.645s] INFO:colcon.colcon_core.shell:Creating prefix script '/home/menna/task2-surveillance_system/install/local_setup.sh'
[10.646s] INFO:colcon.colcon_core.shell:Creating prefix util module '/home/menna/task2-surveillance_system/install/_local_setup_util_sh.py'
[10.647s] INFO:colcon.colcon_core.shell:Creating prefix chain script '/home/menna/task2-surveillance_system/install/setup.sh'
[10.648s] INFO:colcon.colcon_core.shell:Creating prefix script '/home/menna/task2-surveillance_system/install/local_setup.bash'
[10.649s] INFO:colcon.colcon_core.shell:Creating prefix chain script '/home/menna/task2-surveillance_system/install/setup.bash'
[10.650s] INFO:colcon.colcon_core.shell:Creating prefix script '/home/menna/task2-surveillance_system/install/local_setup.zsh'
[10.650s] INFO:colcon.colcon_core.shell:Creating prefix chain script '/home/menna/task2-surveillance_system/install/setup.zsh'
