[0.025s] Invoking command in '/home/menna/task2-surveillance_system/build/surveillance_interfaces': CMAKE_PREFIX_PATH=${CMAKE_PREFIX_PATH}:/home/menna/Distributed-Smart-Security-Surveillance-System-using-ROS2/install/security_surveillance_system:/home/menna/Distributed_Smart_Security_Surveillance_System_ws/install/security_surveillance_system:/home/menna/task2-surveillance_system/install/smart_surveillance:/opt/ros/jazzy DEBUGINFOD_URLS=https://debuginfod.ubuntu.com PS1=${debian_chroot:+($debian_chroot)}\[\033[01;32m\]\u@\h\[\033[00m\]:\[\033[01;34m\]\w\[\033[00m\]\$ VIRTUAL_ENV_PROMPT=(venv-ardupilot) /usr/bin/cmake --build /home/menna/task2-surveillance_system/build/surveillance_interfaces -- -j8 -l8
[0.177s] [  2%] Built target surveillance_interfaces__rosidl_generator_type_description
[0.272s] [  2%] Built target ament_cmake_python_copy_surveillance_interfaces
[0.356s] [ 17%] Built target surveillance_interfaces__rosidl_generator_c
[1.304s] running egg_info
[1.416s] writing surveillance_interfaces.egg-info/PKG-INFO
[1.417s] writing dependency_links to surveillance_interfaces.egg-info/dependency_links.txt
[1.417s] writing top-level names to surveillance_interfaces.egg-info/top_level.txt
[1.670s] reading manifest file 'surveillance_interfaces.egg-info/SOURCES.txt'
[1.671s] writing manifest file 'surveillance_interfaces.egg-info/SOURCES.txt'
[1.741s] [ 17%] Built target ament_cmake_python_build_surveillance_interfaces_egg
[1.776s] [ 26%] Built target surveillance_interfaces__rosidl_typesupport_c
[1.824s] [ 35%] Built target surveillance_interfaces__rosidl_typesupport_introspection_c
[1.902s] [ 44%] Built target surveillance_interfaces__rosidl_typesupport_fastrtps_c
[1.937s] [ 47%] Built target surveillance_interfaces__cpp
[2.014s] [ 55%] Built target surveillance_interfaces__rosidl_typesupport_introspection_cpp
[2.125s] [ 64%] Built target surveillance_interfaces__rosidl_typesupport_fastrtps_cpp
[2.216s] [ 73%] Built target surveillance_interfaces__rosidl_typesupport_cpp
[2.277s] [ 73%] Built target surveillance_interfaces
[2.363s] [ 76%] Built target surveillance_interfaces__py
[2.453s] [ 82%] Built target surveillance_interfaces__rosidl_generator_py
[2.526s] [ 88%] Built target surveillance_interfaces_s__rosidl_typesupport_fastrtps_c
[2.590s] [ 94%] Built target surveillance_interfaces_s__rosidl_typesupport_c
[2.700s] [100%] Built target surveillance_interfaces_s__rosidl_typesupport_introspection_c
[2.732s] Invoked command in '/home/menna/task2-surveillance_system/build/surveillance_interfaces' returned '0': CMAKE_PREFIX_PATH=${CMAKE_PREFIX_PATH}:/home/menna/Distributed-Smart-Security-Surveillance-System-using-ROS2/install/security_surveillance_system:/home/menna/Distributed_Smart_Security_Surveillance_System_ws/install/security_surveillance_system:/home/menna/task2-surveillance_system/install/smart_surveillance:/opt/ros/jazzy DEBUGINFOD_URLS=https://debuginfod.ubuntu.com PS1=${debian_chroot:+($debian_chroot)}\[\033[01;32m\]\u@\h\[\033[00m\]:\[\033[01;34m\]\w\[\033[00m\]\$ VIRTUAL_ENV_PROMPT=(venv-ardupilot) /usr/bin/cmake --build /home/menna/task2-surveillance_system/build/surveillance_interfaces -- -j8 -l8
[2.766s] Invoking command in '/home/menna/task2-surveillance_system/build/surveillance_interfaces': CMAKE_PREFIX_PATH=${CMAKE_PREFIX_PATH}:/home/menna/Distributed-Smart-Security-Surveillance-System-using-ROS2/install/security_surveillance_system:/home/menna/Distributed_Smart_Security_Surveillance_System_ws/install/security_surveillance_system:/home/menna/task2-surveillance_system/install/smart_surveillance:/opt/ros/jazzy DEBUGINFOD_URLS=https://debuginfod.ubuntu.com PS1=${debian_chroot:+($debian_chroot)}\[\033[01;32m\]\u@\h\[\033[00m\]:\[\033[01;34m\]\w\[\033[00m\]\$ VIRTUAL_ENV_PROMPT=(venv-ardupilot) /usr/bin/cmake --install /home/menna/task2-surveillance_system/build/surveillance_interfaces
[2.796s] -- Install configuration: ""
[2.797s] -- Up-to-date: /home/menna/task2-surveillance_system/install/surveillance_interfaces/share/ament_index/resource_index/rosidl_interfaces/surveillance_interfaces
[2.799s] -- Up-to-date: /home/menna/task2-surveillance_system/install/surveillance_interfaces/share/surveillance_interfaces/action/SecurityAction.json
[2.799s] -- Up-to-date: /home/menna/task2-surveillance_system/install/surveillance_interfaces/include/surveillance_interfaces/surveillance_interfaces
[2.799s] -- Up-to-date: /home/menna/task2-surveillance_system/install/surveillance_interfaces/include/surveillance_interfaces/surveillance_interfaces/msg
[2.800s] -- Up-to-date: /home/menna/task2-surveillance_system/install/surveillance_interfaces/include/surveillance_interfaces/surveillance_interfaces/msg/rosidl_generator_c__visibility_control.h
[2.800s] -- Up-to-date: /home/menna/task2-surveillance_system/install/surveillance_interfaces/include/surveillance_interfaces/surveillance_interfaces/action
[2.800s] -- Up-to-date: /home/menna/task2-surveillance_system/install/surveillance_interfaces/include/surveillance_interfaces/surveillance_interfaces/action/security_action.h
[2.800s] -- Up-to-date: /home/menna/task2-surveillance_system/install/surveillance_interfaces/include/surveillance_interfaces/surveillance_interfaces/action/detail
[2.800s] -- Up-to-date: /home/menna/task2-surveillance_system/install/surveillance_interfaces/include/surveillance_interfaces/surveillance_interfaces/action/detail/security_action__struct.h
[2.800s] -- Up-to-date: /home/menna/task2-surveillance_system/install/surveillance_interfaces/include/surveillance_interfaces/surveillance_interfaces/action/detail/security_action__functions.c
[2.801s] -- Up-to-date: /home/menna/task2-surveillance_system/install/surveillance_interfaces/include/surveillance_interfaces/surveillance_interfaces/action/detail/security_action__description.c
[2.801s] -- Up-to-date: /home/menna/task2-surveillance_system/install/surveillance_interfaces/include/surveillance_interfaces/surveillance_interfaces/action/detail/security_action__type_support.c
[2.801s] -- Up-to-date: /home/menna/task2-surveillance_system/install/surveillance_interfaces/include/surveillance_interfaces/surveillance_interfaces/action/detail/security_action__functions.h
[2.801s] -- Up-to-date: /home/menna/task2-surveillance_system/install/surveillance_interfaces/include/surveillance_interfaces/surveillance_interfaces/action/detail/security_action__type_support.h
[2.802s] -- Up-to-date: /home/menna/task2-surveillance_system/install/surveillance_interfaces/share/surveillance_interfaces/environment/library_path.sh
[2.802s] -- Up-to-date: /home/menna/task2-surveillance_system/install/surveillance_interfaces/share/surveillance_interfaces/environment/library_path.dsv
[2.802s] -- Up-to-date: /home/menna/task2-surveillance_system/install/surveillance_interfaces/lib/libsurveillance_interfaces__rosidl_generator_c.so
[2.802s] -- Up-to-date: /home/menna/task2-surveillance_system/install/surveillance_interfaces/include/surveillance_interfaces/surveillance_interfaces
[2.803s] -- Up-to-date: /home/menna/task2-surveillance_system/install/surveillance_interfaces/include/surveillance_interfaces/surveillance_interfaces/msg
[2.803s] -- Up-to-date: /home/menna/task2-surveillance_system/install/surveillance_interfaces/include/surveillance_interfaces/surveillance_interfaces/msg/rosidl_typesupport_fastrtps_c__visibility_control.h
[2.803s] -- Up-to-date: /home/menna/task2-surveillance_system/install/surveillance_interfaces/include/surveillance_interfaces/surveillance_interfaces/action
[2.803s] -- Up-to-date: /home/menna/task2-surveillance_system/install/surveillance_interfaces/include/surveillance_interfaces/surveillance_interfaces/action/detail
[2.804s] -- Up-to-date: /home/menna/task2-surveillance_system/install/surveillance_interfaces/include/surveillance_interfaces/surveillance_interfaces/action/detail/security_action__rosidl_typesupport_fastrtps_c.h
[2.804s] -- Up-to-date: /home/menna/task2-surveillance_system/install/surveillance_interfaces/lib/libsurveillance_interfaces__rosidl_typesupport_fastrtps_c.so
[2.805s] -- Up-to-date: /home/menna/task2-surveillance_system/install/surveillance_interfaces/include/surveillance_interfaces/surveillance_interfaces
[2.805s] -- Up-to-date: /home/menna/task2-surveillance_system/install/surveillance_interfaces/include/surveillance_interfaces/surveillance_interfaces/msg
[2.805s] -- Up-to-date: /home/menna/task2-surveillance_system/install/surveillance_interfaces/include/surveillance_interfaces/surveillance_interfaces/msg/rosidl_typesupport_introspection_c__visibility_control.h
[2.805s] -- Up-to-date: /home/menna/task2-surveillance_system/install/surveillance_interfaces/include/surveillance_interfaces/surveillance_interfaces/action
[2.806s] -- Up-to-date: /home/menna/task2-surveillance_system/install/surveillance_interfaces/include/surveillance_interfaces/surveillance_interfaces/action/detail
[2.806s] -- Up-to-date: /home/menna/task2-surveillance_system/install/surveillance_interfaces/include/surveillance_interfaces/surveillance_interfaces/action/detail/security_action__rosidl_typesupport_introspection_c.h
[2.806s] -- Up-to-date: /home/menna/task2-surveillance_system/install/surveillance_interfaces/include/surveillance_interfaces/surveillance_interfaces/action/detail/security_action__type_support.c
[2.806s] -- Up-to-date: /home/menna/task2-surveillance_system/install/surveillance_interfaces/lib/libsurveillance_interfaces__rosidl_typesupport_introspection_c.so
[2.807s] -- Up-to-date: /home/menna/task2-surveillance_system/install/surveillance_interfaces/lib/libsurveillance_interfaces__rosidl_typesupport_c.so
[2.808s] -- Up-to-date: /home/menna/task2-surveillance_system/install/surveillance_interfaces/include/surveillance_interfaces/surveillance_interfaces
[2.808s] -- Up-to-date: /home/menna/task2-surveillance_system/install/surveillance_interfaces/include/surveillance_interfaces/surveillance_interfaces/msg
[2.808s] -- Up-to-date: /home/menna/task2-surveillance_system/install/surveillance_interfaces/include/surveillance_interfaces/surveillance_interfaces/msg/rosidl_generator_cpp__visibility_control.hpp
[2.808s] -- Up-to-date: /home/menna/task2-surveillance_system/install/surveillance_interfaces/include/surveillance_interfaces/surveillance_interfaces/action
[2.809s] -- Up-to-date: /home/menna/task2-surveillance_system/install/surveillance_interfaces/include/surveillance_interfaces/surveillance_interfaces/action/security_action.hpp
[2.809s] -- Up-to-date: /home/menna/task2-surveillance_system/install/surveillance_interfaces/include/surveillance_interfaces/surveillance_interfaces/action/detail
[2.809s] -- Up-to-date: /home/menna/task2-surveillance_system/install/surveillance_interfaces/include/surveillance_interfaces/surveillance_interfaces/action/detail/security_action__builder.hpp
[2.809s] -- Up-to-date: /home/menna/task2-surveillance_system/install/surveillance_interfaces/include/surveillance_interfaces/surveillance_interfaces/action/detail/security_action__struct.hpp
[2.809s] -- Up-to-date: /home/menna/task2-surveillance_system/install/surveillance_interfaces/include/surveillance_interfaces/surveillance_interfaces/action/detail/security_action__type_support.hpp
[2.809s] -- Up-to-date: /home/menna/task2-surveillance_system/install/surveillance_interfaces/include/surveillance_interfaces/surveillance_interfaces/action/detail/security_action__traits.hpp
[2.809s] -- Up-to-date: /home/menna/task2-surveillance_system/install/surveillance_interfaces/include/surveillance_interfaces/surveillance_interfaces
[2.809s] -- Up-to-date: /home/menna/task2-surveillance_system/install/surveillance_interfaces/include/surveillance_interfaces/surveillance_interfaces/msg
[2.812s] -- Up-to-date: /home/menna/task2-surveillance_system/install/surveillance_interfaces/include/surveillance_interfaces/surveillance_interfaces/msg/rosidl_typesupport_fastrtps_cpp__visibility_control.h
[2.812s] -- Up-to-date: /home/menna/task2-surveillance_system/install/surveillance_interfaces/include/surveillance_interfaces/surveillance_interfaces/action
[2.812s] -- Up-to-date: /home/menna/task2-surveillance_system/install/surveillance_interfaces/include/surveillance_interfaces/surveillance_interfaces/action/detail
[2.812s] -- Up-to-date: /home/menna/task2-surveillance_system/install/surveillance_interfaces/include/surveillance_interfaces/surveillance_interfaces/action/detail/security_action__rosidl_typesupport_fastrtps_cpp.hpp
[2.813s] -- Up-to-date: /home/menna/task2-surveillance_system/install/surveillance_interfaces/include/surveillance_interfaces/surveillance_interfaces/action/detail/dds_fastrtps
[2.813s] -- Up-to-date: /home/menna/task2-surveillance_system/install/surveillance_interfaces/lib/libsurveillance_interfaces__rosidl_typesupport_fastrtps_cpp.so
[2.813s] -- Up-to-date: /home/menna/task2-surveillance_system/install/surveillance_interfaces/include/surveillance_interfaces/surveillance_interfaces
[2.813s] -- Up-to-date: /home/menna/task2-surveillance_system/install/surveillance_interfaces/include/surveillance_interfaces/surveillance_interfaces/action
[2.813s] -- Up-to-date: /home/menna/task2-surveillance_system/install/surveillance_interfaces/include/surveillance_interfaces/surveillance_interfaces/action/detail
[2.813s] -- Up-to-date: /home/menna/task2-surveillance_system/install/surveillance_interfaces/include/surveillance_interfaces/surveillance_interfaces/action/detail/security_action__type_support.cpp
[2.813s] -- Up-to-date: /home/menna/task2-surveillance_system/install/surveillance_interfaces/include/surveillance_interfaces/surveillance_interfaces/action/detail/security_action__rosidl_typesupport_introspection_cpp.hpp
[2.814s] -- Up-to-date: /home/menna/task2-surveillance_system/install/surveillance_interfaces/lib/libsurveillance_interfaces__rosidl_typesupport_introspection_cpp.so
[2.814s] -- Up-to-date: /home/menna/task2-surveillance_system/install/surveillance_interfaces/lib/libsurveillance_interfaces__rosidl_typesupport_cpp.so
[2.814s] -- Up-to-date: /home/menna/task2-surveillance_system/install/surveillance_interfaces/share/surveillance_interfaces/environment/pythonpath.sh
[2.814s] -- Up-to-date: /home/menna/task2-surveillance_system/install/surveillance_interfaces/share/surveillance_interfaces/environment/pythonpath.dsv
[2.814s] -- Up-to-date: /home/menna/task2-surveillance_system/install/surveillance_interfaces/lib/python3.12/site-packages/surveillance_interfaces-1.0.0-py3.12.egg-info
[2.814s] -- Installing: /home/menna/task2-surveillance_system/install/surveillance_interfaces/lib/python3.12/site-packages/surveillance_interfaces-1.0.0-py3.12.egg-info/SOURCES.txt
[2.814s] -- Installing: /home/menna/task2-surveillance_system/install/surveillance_interfaces/lib/python3.12/site-packages/surveillance_interfaces-1.0.0-py3.12.egg-info/top_level.txt
[2.814s] -- Installing: /home/menna/task2-surveillance_system/install/surveillance_interfaces/lib/python3.12/site-packages/surveillance_interfaces-1.0.0-py3.12.egg-info/dependency_links.txt
[2.815s] -- Installing: /home/menna/task2-surveillance_system/install/surveillance_interfaces/lib/python3.12/site-packages/surveillance_interfaces-1.0.0-py3.12.egg-info/PKG-INFO
[2.815s] -- Up-to-date: /home/menna/task2-surveillance_system/install/surveillance_interfaces/lib/python3.12/site-packages/surveillance_interfaces
[2.816s] -- Up-to-date: /home/menna/task2-surveillance_system/install/surveillance_interfaces/lib/python3.12/site-packages/surveillance_interfaces/surveillance_interfaces_s__rosidl_typesupport_fastrtps_c.so
[2.816s] -- Up-to-date: /home/menna/task2-surveillance_system/install/surveillance_interfaces/lib/python3.12/site-packages/surveillance_interfaces/_surveillance_interfaces_s.ep.rosidl_typesupport_c.c
[2.816s] -- Up-to-date: /home/menna/task2-surveillance_system/install/surveillance_interfaces/lib/python3.12/site-packages/surveillance_interfaces/surveillance_interfaces_s__rosidl_typesupport_c.so
[2.816s] -- Up-to-date: /home/menna/task2-surveillance_system/install/surveillance_interfaces/lib/python3.12/site-packages/surveillance_interfaces/__init__.py
[2.817s] -- Up-to-date: /home/menna/task2-surveillance_system/install/surveillance_interfaces/lib/python3.12/site-packages/surveillance_interfaces/_surveillance_interfaces_s.ep.rosidl_typesupport_fastrtps_c.c
[2.817s] -- Up-to-date: /home/menna/task2-surveillance_system/install/surveillance_interfaces/lib/python3.12/site-packages/surveillance_interfaces/action
[2.817s] -- Up-to-date: /home/menna/task2-surveillance_system/install/surveillance_interfaces/lib/python3.12/site-packages/surveillance_interfaces/action/__init__.py
[2.817s] -- Up-to-date: /home/menna/task2-surveillance_system/install/surveillance_interfaces/lib/python3.12/site-packages/surveillance_interfaces/action/_security_action_s.c
[2.817s] -- Up-to-date: /home/menna/task2-surveillance_system/install/surveillance_interfaces/lib/python3.12/site-packages/surveillance_interfaces/action/_security_action.py
[2.817s] -- Up-to-date: /home/menna/task2-surveillance_system/install/surveillance_interfaces/lib/python3.12/site-packages/surveillance_interfaces/_surveillance_interfaces_s.ep.rosidl_typesupport_introspection_c.c
[2.817s] -- Up-to-date: /home/menna/task2-surveillance_system/install/surveillance_interfaces/lib/python3.12/site-packages/surveillance_interfaces/surveillance_interfaces_s__rosidl_typesupport_introspection_c.so
[2.877s] Listing '/home/menna/task2-surveillance_system/install/surveillance_interfaces/lib/python3.12/site-packages/surveillance_interfaces'...
[2.877s] Listing '/home/menna/task2-surveillance_system/install/surveillance_interfaces/lib/python3.12/site-packages/surveillance_interfaces/action'...
[2.888s] -- Up-to-date: /home/menna/task2-surveillance_system/install/surveillance_interfaces/lib/python3.12/site-packages/surveillance_interfaces/surveillance_interfaces_s__rosidl_typesupport_fastrtps_c.so
[2.888s] -- Up-to-date: /home/menna/task2-surveillance_system/install/surveillance_interfaces/lib/python3.12/site-packages/surveillance_interfaces/surveillance_interfaces_s__rosidl_typesupport_introspection_c.so
[2.888s] -- Up-to-date: /home/menna/task2-surveillance_system/install/surveillance_interfaces/lib/python3.12/site-packages/surveillance_interfaces/surveillance_interfaces_s__rosidl_typesupport_c.so
[2.888s] -- Up-to-date: /home/menna/task2-surveillance_system/install/surveillance_interfaces/lib/libsurveillance_interfaces__rosidl_generator_py.so
[2.889s] -- Up-to-date: /home/menna/task2-surveillance_system/install/surveillance_interfaces/share/surveillance_interfaces/action/SecurityAction.idl
[2.889s] -- Up-to-date: /home/menna/task2-surveillance_system/install/surveillance_interfaces/share/surveillance_interfaces/action/SecurityAction.action
[2.889s] -- Up-to-date: /home/menna/task2-surveillance_system/install/surveillance_interfaces/share/ament_index/resource_index/package_run_dependencies/surveillance_interfaces
[2.889s] -- Up-to-date: /home/menna/task2-surveillance_system/install/surveillance_interfaces/share/ament_index/resource_index/parent_prefix_path/surveillance_interfaces
[2.890s] -- Up-to-date: /home/menna/task2-surveillance_system/install/surveillance_interfaces/share/surveillance_interfaces/environment/ament_prefix_path.sh
[2.890s] -- Up-to-date: /home/menna/task2-surveillance_system/install/surveillance_interfaces/share/surveillance_interfaces/environment/ament_prefix_path.dsv
[2.890s] -- Up-to-date: /home/menna/task2-surveillance_system/install/surveillance_interfaces/share/surveillance_interfaces/environment/path.sh
[2.890s] -- Up-to-date: /home/menna/task2-surveillance_system/install/surveillance_interfaces/share/surveillance_interfaces/environment/path.dsv
[2.891s] -- Up-to-date: /home/menna/task2-surveillance_system/install/surveillance_interfaces/share/surveillance_interfaces/local_setup.bash
[2.891s] -- Up-to-date: /home/menna/task2-surveillance_system/install/surveillance_interfaces/share/surveillance_interfaces/local_setup.sh
[2.891s] -- Up-to-date: /home/menna/task2-surveillance_system/install/surveillance_interfaces/share/surveillance_interfaces/local_setup.zsh
[2.892s] -- Up-to-date: /home/menna/task2-surveillance_system/install/surveillance_interfaces/share/surveillance_interfaces/local_setup.dsv
[2.892s] -- Installing: /home/menna/task2-surveillance_system/install/surveillance_interfaces/share/surveillance_interfaces/package.dsv
[2.893s] -- Up-to-date: /home/menna/task2-surveillance_system/install/surveillance_interfaces/share/ament_index/resource_index/packages/surveillance_interfaces
[2.893s] -- Up-to-date: /home/menna/task2-surveillance_system/install/surveillance_interfaces/share/surveillance_interfaces/cmake/export_surveillance_interfaces__rosidl_generator_cExport.cmake
[2.893s] -- Up-to-date: /home/menna/task2-surveillance_system/install/surveillance_interfaces/share/surveillance_interfaces/cmake/export_surveillance_interfaces__rosidl_generator_cExport-noconfig.cmake
[2.894s] -- Up-to-date: /home/menna/task2-surveillance_system/install/surveillance_interfaces/share/surveillance_interfaces/cmake/export_surveillance_interfaces__rosidl_typesupport_fastrtps_cExport.cmake
[2.894s] -- Up-to-date: /home/menna/task2-surveillance_system/install/surveillance_interfaces/share/surveillance_interfaces/cmake/export_surveillance_interfaces__rosidl_typesupport_fastrtps_cExport-noconfig.cmake
[2.894s] -- Up-to-date: /home/menna/task2-surveillance_system/install/surveillance_interfaces/share/surveillance_interfaces/cmake/surveillance_interfaces__rosidl_typesupport_introspection_cExport.cmake
[2.895s] -- Up-to-date: /home/menna/task2-surveillance_system/install/surveillance_interfaces/share/surveillance_interfaces/cmake/surveillance_interfaces__rosidl_typesupport_introspection_cExport-noconfig.cmake
[2.895s] -- Up-to-date: /home/menna/task2-surveillance_system/install/surveillance_interfaces/share/surveillance_interfaces/cmake/surveillance_interfaces__rosidl_typesupport_cExport.cmake
[2.896s] -- Up-to-date: /home/menna/task2-surveillance_system/install/surveillance_interfaces/share/surveillance_interfaces/cmake/surveillance_interfaces__rosidl_typesupport_cExport-noconfig.cmake
[2.896s] -- Up-to-date: /home/menna/task2-surveillance_system/install/surveillance_interfaces/share/surveillance_interfaces/cmake/export_surveillance_interfaces__rosidl_generator_cppExport.cmake
[2.896s] -- Up-to-date: /home/menna/task2-surveillance_system/install/surveillance_interfaces/share/surveillance_interfaces/cmake/export_surveillance_interfaces__rosidl_typesupport_fastrtps_cppExport.cmake
[2.897s] -- Up-to-date: /home/menna/task2-surveillance_system/install/surveillance_interfaces/share/surveillance_interfaces/cmake/export_surveillance_interfaces__rosidl_typesupport_fastrtps_cppExport-noconfig.cmake
[2.897s] -- Up-to-date: /home/menna/task2-surveillance_system/install/surveillance_interfaces/share/surveillance_interfaces/cmake/surveillance_interfaces__rosidl_typesupport_introspection_cppExport.cmake
[2.897s] -- Up-to-date: /home/menna/task2-surveillance_system/install/surveillance_interfaces/share/surveillance_interfaces/cmake/surveillance_interfaces__rosidl_typesupport_introspection_cppExport-noconfig.cmake
[2.898s] -- Up-to-date: /home/menna/task2-surveillance_system/install/surveillance_interfaces/share/surveillance_interfaces/cmake/surveillance_interfaces__rosidl_typesupport_cppExport.cmake
[2.898s] -- Up-to-date: /home/menna/task2-surveillance_system/install/surveillance_interfaces/share/surveillance_interfaces/cmake/surveillance_interfaces__rosidl_typesupport_cppExport-noconfig.cmake
[2.898s] -- Up-to-date: /home/menna/task2-surveillance_system/install/surveillance_interfaces/share/surveillance_interfaces/cmake/export_surveillance_interfaces__rosidl_generator_pyExport.cmake
[2.899s] -- Up-to-date: /home/menna/task2-surveillance_system/install/surveillance_interfaces/share/surveillance_interfaces/cmake/export_surveillance_interfaces__rosidl_generator_pyExport-noconfig.cmake
[2.899s] -- Up-to-date: /home/menna/task2-surveillance_system/install/surveillance_interfaces/share/surveillance_interfaces/cmake/rosidl_cmake-extras.cmake
[2.899s] -- Up-to-date: /home/menna/task2-surveillance_system/install/surveillance_interfaces/share/surveillance_interfaces/cmake/ament_cmake_export_dependencies-extras.cmake
[2.899s] -- Up-to-date: /home/menna/task2-surveillance_system/install/surveillance_interfaces/share/surveillance_interfaces/cmake/ament_cmake_export_include_directories-extras.cmake
[2.900s] -- Up-to-date: /home/menna/task2-surveillance_system/install/surveillance_interfaces/share/surveillance_interfaces/cmake/ament_cmake_export_libraries-extras.cmake
[2.900s] -- Up-to-date: /home/menna/task2-surveillance_system/install/surveillance_interfaces/share/surveillance_interfaces/cmake/ament_cmake_export_targets-extras.cmake
[2.900s] -- Up-to-date: /home/menna/task2-surveillance_system/install/surveillance_interfaces/share/surveillance_interfaces/cmake/rosidl_cmake_export_typesupport_targets-extras.cmake
[2.900s] -- Up-to-date: /home/menna/task2-surveillance_system/install/surveillance_interfaces/share/surveillance_interfaces/cmake/rosidl_cmake_export_typesupport_libraries-extras.cmake
[2.901s] -- Up-to-date: /home/menna/task2-surveillance_system/install/surveillance_interfaces/share/surveillance_interfaces/cmake/surveillance_interfacesConfig.cmake
[2.901s] -- Up-to-date: /home/menna/task2-surveillance_system/install/surveillance_interfaces/share/surveillance_interfaces/cmake/surveillance_interfacesConfig-version.cmake
[2.901s] -- Up-to-date: /home/menna/task2-surveillance_system/install/surveillance_interfaces/share/surveillance_interfaces/package.xml
[2.907s] Invoked command in '/home/menna/task2-surveillance_system/build/surveillance_interfaces' returned '0': CMAKE_PREFIX_PATH=${CMAKE_PREFIX_PATH}:/home/menna/Distributed-Smart-Security-Surveillance-System-using-ROS2/install/security_surveillance_system:/home/menna/Distributed_Smart_Security_Surveillance_System_ws/install/security_surveillance_system:/home/menna/task2-surveillance_system/install/smart_surveillance:/opt/ros/jazzy DEBUGINFOD_URLS=https://debuginfod.ubuntu.com PS1=${debian_chroot:+($debian_chroot)}\[\033[01;32m\]\u@\h\[\033[00m\]:\[\033[01;34m\]\w\[\033[00m\]\$ VIRTUAL_ENV_PROMPT=(venv-ardupilot) /usr/bin/cmake --install /home/menna/task2-surveillance_system/build/surveillance_interfaces
