/home/menna/task2-surveillance_system/install/smart_surveillance/lib/python3.12/site-packages/smart_surveillance/depth_estimator.py
/home/menna/task2-surveillance_system/install/smart_surveillance/lib/python3.12/site-packages/smart_surveillance/__init__.py
/home/menna/task2-surveillance_system/install/smart_surveillance/lib/python3.12/site-packages/smart_surveillance/event_logger.py
/home/menna/task2-surveillance_system/install/smart_surveillance/lib/python3.12/site-packages/smart_surveillance/scene_analyzer.py
/home/menna/task2-surveillance_system/install/smart_surveillance/lib/python3.12/site-packages/smart_surveillance/object_detector.py
/home/menna/task2-surveillance_system/install/smart_surveillance/lib/python3.12/site-packages/smart_surveillance/security_response.py
/home/menna/task2-surveillance_system/install/smart_surveillance/lib/python3.12/site-packages/smart_surveillance/system_monitor.py
/home/menna/task2-surveillance_system/install/smart_surveillance/lib/python3.12/site-packages/smart_surveillance/camera_stream.py
/home/menna/task2-surveillance_system/install/smart_surveillance/lib/python3.12/site-packages/smart_surveillance/event_manager.py
/home/menna/task2-surveillance_system/install/smart_surveillance/lib/python3.12/site-packages/smart_surveillance/__pycache__/depth_estimator.cpython-312.pyc
/home/menna/task2-surveillance_system/install/smart_surveillance/lib/python3.12/site-packages/smart_surveillance/__pycache__/__init__.cpython-312.pyc
/home/menna/task2-surveillance_system/install/smart_surveillance/lib/python3.12/site-packages/smart_surveillance/__pycache__/event_logger.cpython-312.pyc
/home/menna/task2-surveillance_system/install/smart_surveillance/lib/python3.12/site-packages/smart_surveillance/__pycache__/scene_analyzer.cpython-312.pyc
/home/menna/task2-surveillance_system/install/smart_surveillance/lib/python3.12/site-packages/smart_surveillance/__pycache__/object_detector.cpython-312.pyc
/home/menna/task2-surveillance_system/install/smart_surveillance/lib/python3.12/site-packages/smart_surveillance/__pycache__/security_response.cpython-312.pyc
/home/menna/task2-surveillance_system/install/smart_surveillance/lib/python3.12/site-packages/smart_surveillance/__pycache__/system_monitor.cpython-312.pyc
/home/menna/task2-surveillance_system/install/smart_surveillance/lib/python3.12/site-packages/smart_surveillance/__pycache__/camera_stream.cpython-312.pyc
/home/menna/task2-surveillance_system/install/smart_surveillance/lib/python3.12/site-packages/smart_surveillance/__pycache__/event_manager.cpython-312.pyc
/home/menna/task2-surveillance_system/install/smart_surveillance/lib/python3.12/site-packages/smart_surveillance-1.0.0-py3.12.egg-info/entry_points.txt
/home/menna/task2-surveillance_system/install/smart_surveillance/lib/python3.12/site-packages/smart_surveillance-1.0.0-py3.12.egg-info/zip-safe
/home/menna/task2-surveillance_system/install/smart_surveillance/lib/python3.12/site-packages/smart_surveillance-1.0.0-py3.12.egg-info/SOURCES.txt
/home/menna/task2-surveillance_system/install/smart_surveillance/lib/python3.12/site-packages/smart_surveillance-1.0.0-py3.12.egg-info/requires.txt
/home/menna/task2-surveillance_system/install/smart_surveillance/lib/python3.12/site-packages/smart_surveillance-1.0.0-py3.12.egg-info/top_level.txt
/home/menna/task2-surveillance_system/install/smart_surveillance/lib/python3.12/site-packages/smart_surveillance-1.0.0-py3.12.egg-info/dependency_links.txt
/home/menna/task2-surveillance_system/install/smart_surveillance/lib/python3.12/site-packages/smart_surveillance-1.0.0-py3.12.egg-info/PKG-INFO
/home/menna/task2-surveillance_system/install/smart_surveillance/lib/smart_surveillance/camera_stream
/home/menna/task2-surveillance_system/install/smart_surveillance/lib/smart_surveillance/depth_estimator
/home/menna/task2-surveillance_system/install/smart_surveillance/lib/smart_surveillance/event_logger
/home/menna/task2-surveillance_system/install/smart_surveillance/lib/smart_surveillance/event_manager
/home/menna/task2-surveillance_system/install/smart_surveillance/lib/smart_surveillance/object_detector
/home/menna/task2-surveillance_system/install/smart_surveillance/lib/smart_surveillance/scene_analyzer
/home/menna/task2-surveillance_system/install/smart_surveillance/lib/smart_surveillance/security_response
/home/menna/task2-surveillance_system/install/smart_surveillance/lib/smart_surveillance/system_monitor
