[0.380s] DEBUG:colcon:Command line arguments: ['/usr/bin/colcon', 'build']
[0.380s] DEBUG:colcon:Parsed command line arguments: Namespace(log_base=None, log_level=None, verb_name='build', build_base='build', install_base='install', merge_install=False, symlink_install=False, test_result_base=None, continue_on_error=False, executor='parallel', parallel_workers=8, event_handlers=None, ignore_user_meta=False, metas=['./colcon.meta'], base_paths=['.'], packages_ignore=None, packages_ignore_regex=None, paths=None, packages_up_to=None, packages_up_to_regex=None, packages_above=None, packages_above_and_dependencies=None, packages_above_depth=None, packages_select_by_dep=None, packages_skip_by_dep=None, packages_skip_up_to=None, packages_select_build_failed=False, packages_skip_build_finished=False, packages_select_test_failures=False, packages_skip_test_passed=False, packages_select=None, packages_skip=None, packages_select_regex=None, packages_skip_regex=None, packages_start=None, packages_end=None, allow_overriding=[], cmake_args=None, cmake_target=None, cmake_target_skip_unavailable=False, cmake_clean_cache=False, cmake_clean_first=False, cmake_force_configure=False, ament_cmake_args=None, catkin_cmake_args=None, catkin_skip_building_tests=False, mixin_files=None, mixin=None, verb_parser=<colcon_mixin.mixin.mixin_argument.MixinArgumentDecorator object at 0x75573a4874d0>, verb_extension=<colcon_core.verb.build.BuildVerb object at 0x75573a4871d0>, main=<bound method BuildVerb.main of <colcon_core.verb.build.BuildVerb object at 0x75573a4871d0>>, mixin_verb=('build',))
[0.502s] Level 1:colcon.colcon_core.package_discovery:discover_packages(colcon_meta) check parameters
[0.502s] Level 1:colcon.colcon_core.package_discovery:discover_packages(recursive) check parameters
[0.502s] Level 1:colcon.colcon_core.package_discovery:discover_packages(ignore) check parameters
[0.502s] Level 1:colcon.colcon_core.package_discovery:discover_packages(path) check parameters
[0.502s] Level 1:colcon.colcon_core.package_discovery:discover_packages(colcon_meta) discover
[0.503s] Level 1:colcon.colcon_core.package_discovery:discover_packages(recursive) discover
[0.503s] INFO:colcon.colcon_core.package_discovery:Crawling recursively for packages in '/home/menna/task2-surveillance_system'
[0.503s] Level 1:colcon.colcon_core.package_identification:_identify(.) by extensions ['ignore', 'ignore_ament_install']
[0.503s] Level 1:colcon.colcon_core.package_identification:_identify(.) by extension 'ignore'
[0.503s] Level 1:colcon.colcon_core.package_identification:_identify(.) by extension 'ignore_ament_install'
[0.503s] Level 1:colcon.colcon_core.package_identification:_identify(.) by extensions ['colcon_pkg']
[0.503s] Level 1:colcon.colcon_core.package_identification:_identify(.) by extension 'colcon_pkg'
[0.503s] Level 1:colcon.colcon_core.package_identification:_identify(.) by extensions ['colcon_meta']
[0.503s] Level 1:colcon.colcon_core.package_identification:_identify(.) by extension 'colcon_meta'
[0.503s] Level 1:colcon.colcon_core.package_identification:_identify(.) by extensions ['ros']
[0.503s] Level 1:colcon.colcon_core.package_identification:_identify(.) by extension 'ros'
[0.588s] Level 1:colcon.colcon_core.package_identification:_identify(.) by extensions ['cmake', 'python']
[0.588s] Level 1:colcon.colcon_core.package_identification:_identify(.) by extension 'cmake'
[0.588s] Level 1:colcon.colcon_core.package_identification:_identify(.) by extension 'python'
[0.588s] Level 1:colcon.colcon_core.package_identification:_identify(.) by extensions ['python_setup_py']
[0.589s] Level 1:colcon.colcon_core.package_identification:_identify(.) by extension 'python_setup_py'
[0.589s] Level 1:colcon.colcon_core.package_identification:_identify(Depth-Anything-V2) by extensions ['ignore', 'ignore_ament_install']
[0.592s] Level 1:colcon.colcon_core.package_identification:_identify(Depth-Anything-V2) by extension 'ignore'
[0.592s] Level 1:colcon.colcon_core.package_identification:_identify(Depth-Anything-V2) by extension 'ignore_ament_install'
[0.592s] Level 1:colcon.colcon_core.package_identification:_identify(Depth-Anything-V2) by extensions ['colcon_pkg']
[0.592s] Level 1:colcon.colcon_core.package_identification:_identify(Depth-Anything-V2) by extension 'colcon_pkg'
[0.592s] Level 1:colcon.colcon_core.package_identification:_identify(Depth-Anything-V2) by extensions ['colcon_meta']
[0.592s] Level 1:colcon.colcon_core.package_identification:_identify(Depth-Anything-V2) by extension 'colcon_meta'
[0.592s] Level 1:colcon.colcon_core.package_identification:_identify(Depth-Anything-V2) by extensions ['ros']
[0.592s] Level 1:colcon.colcon_core.package_identification:_identify(Depth-Anything-V2) by extension 'ros'
[0.593s] Level 1:colcon.colcon_core.package_identification:_identify(Depth-Anything-V2) by extensions ['cmake', 'python']
[0.593s] Level 1:colcon.colcon_core.package_identification:_identify(Depth-Anything-V2) by extension 'cmake'
[0.593s] Level 1:colcon.colcon_core.package_identification:_identify(Depth-Anything-V2) by extension 'python'
[0.593s] Level 1:colcon.colcon_core.package_identification:_identify(Depth-Anything-V2) by extensions ['python_setup_py']
[0.593s] Level 1:colcon.colcon_core.package_identification:_identify(Depth-Anything-V2) by extension 'python_setup_py'
[0.593s] Level 1:colcon.colcon_core.package_identification:_identify(Depth-Anything-V2/assets) by extensions ['ignore', 'ignore_ament_install']
[0.593s] Level 1:colcon.colcon_core.package_identification:_identify(Depth-Anything-V2/assets) by extension 'ignore'
[0.593s] Level 1:colcon.colcon_core.package_identification:_identify(Depth-Anything-V2/assets) by extension 'ignore_ament_install'
[0.593s] Level 1:colcon.colcon_core.package_identification:_identify(Depth-Anything-V2/assets) by extensions ['colcon_pkg']
[0.594s] Level 1:colcon.colcon_core.package_identification:_identify(Depth-Anything-V2/assets) by extension 'colcon_pkg'
[0.594s] Level 1:colcon.colcon_core.package_identification:_identify(Depth-Anything-V2/assets) by extensions ['colcon_meta']
[0.594s] Level 1:colcon.colcon_core.package_identification:_identify(Depth-Anything-V2/assets) by extension 'colcon_meta'
[0.594s] Level 1:colcon.colcon_core.package_identification:_identify(Depth-Anything-V2/assets) by extensions ['ros']
[0.594s] Level 1:colcon.colcon_core.package_identification:_identify(Depth-Anything-V2/assets) by extension 'ros'
[0.594s] Level 1:colcon.colcon_core.package_identification:_identify(Depth-Anything-V2/assets) by extensions ['cmake', 'python']
[0.594s] Level 1:colcon.colcon_core.package_identification:_identify(Depth-Anything-V2/assets) by extension 'cmake'
[0.594s] Level 1:colcon.colcon_core.package_identification:_identify(Depth-Anything-V2/assets) by extension 'python'
[0.594s] Level 1:colcon.colcon_core.package_identification:_identify(Depth-Anything-V2/assets) by extensions ['python_setup_py']
[0.594s] Level 1:colcon.colcon_core.package_identification:_identify(Depth-Anything-V2/assets) by extension 'python_setup_py'
[0.594s] Level 1:colcon.colcon_core.package_identification:_identify(Depth-Anything-V2/assets/examples) by extensions ['ignore', 'ignore_ament_install']
[0.595s] Level 1:colcon.colcon_core.package_identification:_identify(Depth-Anything-V2/assets/examples) by extension 'ignore'
[0.595s] Level 1:colcon.colcon_core.package_identification:_identify(Depth-Anything-V2/assets/examples) by extension 'ignore_ament_install'
[0.595s] Level 1:colcon.colcon_core.package_identification:_identify(Depth-Anything-V2/assets/examples) by extensions ['colcon_pkg']
[0.595s] Level 1:colcon.colcon_core.package_identification:_identify(Depth-Anything-V2/assets/examples) by extension 'colcon_pkg'
[0.598s] Level 1:colcon.colcon_core.package_identification:_identify(Depth-Anything-V2/assets/examples) by extensions ['colcon_meta']
[0.598s] Level 1:colcon.colcon_core.package_identification:_identify(Depth-Anything-V2/assets/examples) by extension 'colcon_meta'
[0.598s] Level 1:colcon.colcon_core.package_identification:_identify(Depth-Anything-V2/assets/examples) by extensions ['ros']
[0.598s] Level 1:colcon.colcon_core.package_identification:_identify(Depth-Anything-V2/assets/examples) by extension 'ros'
[0.598s] Level 1:colcon.colcon_core.package_identification:_identify(Depth-Anything-V2/assets/examples) by extensions ['cmake', 'python']
[0.598s] Level 1:colcon.colcon_core.package_identification:_identify(Depth-Anything-V2/assets/examples) by extension 'cmake'
[0.598s] Level 1:colcon.colcon_core.package_identification:_identify(Depth-Anything-V2/assets/examples) by extension 'python'
[0.598s] Level 1:colcon.colcon_core.package_identification:_identify(Depth-Anything-V2/assets/examples) by extensions ['python_setup_py']
[0.599s] Level 1:colcon.colcon_core.package_identification:_identify(Depth-Anything-V2/assets/examples) by extension 'python_setup_py'
[0.599s] Level 1:colcon.colcon_core.package_identification:_identify(Depth-Anything-V2/assets/examples_video) by extensions ['ignore', 'ignore_ament_install']
[0.599s] Level 1:colcon.colcon_core.package_identification:_identify(Depth-Anything-V2/assets/examples_video) by extension 'ignore'
[0.599s] Level 1:colcon.colcon_core.package_identification:_identify(Depth-Anything-V2/assets/examples_video) by extension 'ignore_ament_install'
[0.599s] Level 1:colcon.colcon_core.package_identification:_identify(Depth-Anything-V2/assets/examples_video) by extensions ['colcon_pkg']
[0.599s] Level 1:colcon.colcon_core.package_identification:_identify(Depth-Anything-V2/assets/examples_video) by extension 'colcon_pkg'
[0.599s] Level 1:colcon.colcon_core.package_identification:_identify(Depth-Anything-V2/assets/examples_video) by extensions ['colcon_meta']
[0.599s] Level 1:colcon.colcon_core.package_identification:_identify(Depth-Anything-V2/assets/examples_video) by extension 'colcon_meta'
[0.599s] Level 1:colcon.colcon_core.package_identification:_identify(Depth-Anything-V2/assets/examples_video) by extensions ['ros']
[0.599s] Level 1:colcon.colcon_core.package_identification:_identify(Depth-Anything-V2/assets/examples_video) by extension 'ros'
[0.600s] Level 1:colcon.colcon_core.package_identification:_identify(Depth-Anything-V2/assets/examples_video) by extensions ['cmake', 'python']
[0.600s] Level 1:colcon.colcon_core.package_identification:_identify(Depth-Anything-V2/assets/examples_video) by extension 'cmake'
[0.600s] Level 1:colcon.colcon_core.package_identification:_identify(Depth-Anything-V2/assets/examples_video) by extension 'python'
[0.600s] Level 1:colcon.colcon_core.package_identification:_identify(Depth-Anything-V2/assets/examples_video) by extensions ['python_setup_py']
[0.600s] Level 1:colcon.colcon_core.package_identification:_identify(Depth-Anything-V2/assets/examples_video) by extension 'python_setup_py'
[0.600s] Level 1:colcon.colcon_core.package_identification:_identify(Depth-Anything-V2/depth_anything_v2) by extensions ['ignore', 'ignore_ament_install']
[0.600s] Level 1:colcon.colcon_core.package_identification:_identify(Depth-Anything-V2/depth_anything_v2) by extension 'ignore'
[0.600s] Level 1:colcon.colcon_core.package_identification:_identify(Depth-Anything-V2/depth_anything_v2) by extension 'ignore_ament_install'
[0.600s] Level 1:colcon.colcon_core.package_identification:_identify(Depth-Anything-V2/depth_anything_v2) by extensions ['colcon_pkg']
[0.600s] Level 1:colcon.colcon_core.package_identification:_identify(Depth-Anything-V2/depth_anything_v2) by extension 'colcon_pkg'
[0.601s] Level 1:colcon.colcon_core.package_identification:_identify(Depth-Anything-V2/depth_anything_v2) by extensions ['colcon_meta']
[0.601s] Level 1:colcon.colcon_core.package_identification:_identify(Depth-Anything-V2/depth_anything_v2) by extension 'colcon_meta'
[0.601s] Level 1:colcon.colcon_core.package_identification:_identify(Depth-Anything-V2/depth_anything_v2) by extensions ['ros']
[0.601s] Level 1:colcon.colcon_core.package_identification:_identify(Depth-Anything-V2/depth_anything_v2) by extension 'ros'
[0.604s] Level 1:colcon.colcon_core.package_identification:_identify(Depth-Anything-V2/depth_anything_v2) by extensions ['cmake', 'python']
[0.604s] Level 1:colcon.colcon_core.package_identification:_identify(Depth-Anything-V2/depth_anything_v2) by extension 'cmake'
[0.604s] Level 1:colcon.colcon_core.package_identification:_identify(Depth-Anything-V2/depth_anything_v2) by extension 'python'
[0.604s] Level 1:colcon.colcon_core.package_identification:_identify(Depth-Anything-V2/depth_anything_v2) by extensions ['python_setup_py']
[0.604s] Level 1:colcon.colcon_core.package_identification:_identify(Depth-Anything-V2/depth_anything_v2) by extension 'python_setup_py'
[0.604s] Level 1:colcon.colcon_core.package_identification:_identify(Depth-Anything-V2/depth_anything_v2/dinov2_layers) by extensions ['ignore', 'ignore_ament_install']
[0.604s] Level 1:colcon.colcon_core.package_identification:_identify(Depth-Anything-V2/depth_anything_v2/dinov2_layers) by extension 'ignore'
[0.604s] Level 1:colcon.colcon_core.package_identification:_identify(Depth-Anything-V2/depth_anything_v2/dinov2_layers) by extension 'ignore_ament_install'
[0.604s] Level 1:colcon.colcon_core.package_identification:_identify(Depth-Anything-V2/depth_anything_v2/dinov2_layers) by extensions ['colcon_pkg']
[0.605s] Level 1:colcon.colcon_core.package_identification:_identify(Depth-Anything-V2/depth_anything_v2/dinov2_layers) by extension 'colcon_pkg'
[0.605s] Level 1:colcon.colcon_core.package_identification:_identify(Depth-Anything-V2/depth_anything_v2/dinov2_layers) by extensions ['colcon_meta']
[0.605s] Level 1:colcon.colcon_core.package_identification:_identify(Depth-Anything-V2/depth_anything_v2/dinov2_layers) by extension 'colcon_meta'
[0.605s] Level 1:colcon.colcon_core.package_identification:_identify(Depth-Anything-V2/depth_anything_v2/dinov2_layers) by extensions ['ros']
[0.605s] Level 1:colcon.colcon_core.package_identification:_identify(Depth-Anything-V2/depth_anything_v2/dinov2_layers) by extension 'ros'
[0.605s] Level 1:colcon.colcon_core.package_identification:_identify(Depth-Anything-V2/depth_anything_v2/dinov2_layers) by extensions ['cmake', 'python']
[0.605s] Level 1:colcon.colcon_core.package_identification:_identify(Depth-Anything-V2/depth_anything_v2/dinov2_layers) by extension 'cmake'
[0.605s] Level 1:colcon.colcon_core.package_identification:_identify(Depth-Anything-V2/depth_anything_v2/dinov2_layers) by extension 'python'
[0.605s] Level 1:colcon.colcon_core.package_identification:_identify(Depth-Anything-V2/depth_anything_v2/dinov2_layers) by extensions ['python_setup_py']
[0.605s] Level 1:colcon.colcon_core.package_identification:_identify(Depth-Anything-V2/depth_anything_v2/dinov2_layers) by extension 'python_setup_py'
[0.605s] Level 1:colcon.colcon_core.package_identification:_identify(Depth-Anything-V2/depth_anything_v2/util) by extensions ['ignore', 'ignore_ament_install']
[0.605s] Level 1:colcon.colcon_core.package_identification:_identify(Depth-Anything-V2/depth_anything_v2/util) by extension 'ignore'
[0.605s] Level 1:colcon.colcon_core.package_identification:_identify(Depth-Anything-V2/depth_anything_v2/util) by extension 'ignore_ament_install'
[0.605s] Level 1:colcon.colcon_core.package_identification:_identify(Depth-Anything-V2/depth_anything_v2/util) by extensions ['colcon_pkg']
[0.606s] Level 1:colcon.colcon_core.package_identification:_identify(Depth-Anything-V2/depth_anything_v2/util) by extension 'colcon_pkg'
[0.606s] Level 1:colcon.colcon_core.package_identification:_identify(Depth-Anything-V2/depth_anything_v2/util) by extensions ['colcon_meta']
[0.606s] Level 1:colcon.colcon_core.package_identification:_identify(Depth-Anything-V2/depth_anything_v2/util) by extension 'colcon_meta'
[0.606s] Level 1:colcon.colcon_core.package_identification:_identify(Depth-Anything-V2/depth_anything_v2/util) by extensions ['ros']
[0.606s] Level 1:colcon.colcon_core.package_identification:_identify(Depth-Anything-V2/depth_anything_v2/util) by extension 'ros'
[0.606s] Level 1:colcon.colcon_core.package_identification:_identify(Depth-Anything-V2/depth_anything_v2/util) by extensions ['cmake', 'python']
[0.606s] Level 1:colcon.colcon_core.package_identification:_identify(Depth-Anything-V2/depth_anything_v2/util) by extension 'cmake'
[0.606s] Level 1:colcon.colcon_core.package_identification:_identify(Depth-Anything-V2/depth_anything_v2/util) by extension 'python'
[0.606s] Level 1:colcon.colcon_core.package_identification:_identify(Depth-Anything-V2/depth_anything_v2/util) by extensions ['python_setup_py']
[0.606s] Level 1:colcon.colcon_core.package_identification:_identify(Depth-Anything-V2/depth_anything_v2/util) by extension 'python_setup_py'
[0.606s] Level 1:colcon.colcon_core.package_identification:_identify(Depth-Anything-V2/metric_depth) by extensions ['ignore', 'ignore_ament_install']
[0.607s] Level 1:colcon.colcon_core.package_identification:_identify(Depth-Anything-V2/metric_depth) by extension 'ignore'
[0.607s] Level 1:colcon.colcon_core.package_identification:_identify(Depth-Anything-V2/metric_depth) by extension 'ignore_ament_install'
[0.607s] Level 1:colcon.colcon_core.package_identification:_identify(Depth-Anything-V2/metric_depth) by extensions ['colcon_pkg']
[0.610s] Level 1:colcon.colcon_core.package_identification:_identify(Depth-Anything-V2/metric_depth) by extension 'colcon_pkg'
[0.610s] Level 1:colcon.colcon_core.package_identification:_identify(Depth-Anything-V2/metric_depth) by extensions ['colcon_meta']
[0.610s] Level 1:colcon.colcon_core.package_identification:_identify(Depth-Anything-V2/metric_depth) by extension 'colcon_meta'
[0.610s] Level 1:colcon.colcon_core.package_identification:_identify(Depth-Anything-V2/metric_depth) by extensions ['ros']
[0.610s] Level 1:colcon.colcon_core.package_identification:_identify(Depth-Anything-V2/metric_depth) by extension 'ros'
[0.610s] Level 1:colcon.colcon_core.package_identification:_identify(Depth-Anything-V2/metric_depth) by extensions ['cmake', 'python']
[0.610s] Level 1:colcon.colcon_core.package_identification:_identify(Depth-Anything-V2/metric_depth) by extension 'cmake'
[0.610s] Level 1:colcon.colcon_core.package_identification:_identify(Depth-Anything-V2/metric_depth) by extension 'python'
[0.611s] Level 1:colcon.colcon_core.package_identification:_identify(Depth-Anything-V2/metric_depth) by extensions ['python_setup_py']
[0.611s] Level 1:colcon.colcon_core.package_identification:_identify(Depth-Anything-V2/metric_depth) by extension 'python_setup_py'
[0.611s] Level 1:colcon.colcon_core.package_identification:_identify(Depth-Anything-V2/metric_depth/assets) by extensions ['ignore', 'ignore_ament_install']
[0.611s] Level 1:colcon.colcon_core.package_identification:_identify(Depth-Anything-V2/metric_depth/assets) by extension 'ignore'
[0.611s] Level 1:colcon.colcon_core.package_identification:_identify(Depth-Anything-V2/metric_depth/assets) by extension 'ignore_ament_install'
[0.611s] Level 1:colcon.colcon_core.package_identification:_identify(Depth-Anything-V2/metric_depth/assets) by extensions ['colcon_pkg']
[0.611s] Level 1:colcon.colcon_core.package_identification:_identify(Depth-Anything-V2/metric_depth/assets) by extension 'colcon_pkg'
[0.611s] Level 1:colcon.colcon_core.package_identification:_identify(Depth-Anything-V2/metric_depth/assets) by extensions ['colcon_meta']
[0.611s] Level 1:colcon.colcon_core.package_identification:_identify(Depth-Anything-V2/metric_depth/assets) by extension 'colcon_meta'
[0.611s] Level 1:colcon.colcon_core.package_identification:_identify(Depth-Anything-V2/metric_depth/assets) by extensions ['ros']
[0.611s] Level 1:colcon.colcon_core.package_identification:_identify(Depth-Anything-V2/metric_depth/assets) by extension 'ros'
[0.611s] Level 1:colcon.colcon_core.package_identification:_identify(Depth-Anything-V2/metric_depth/assets) by extensions ['cmake', 'python']
[0.611s] Level 1:colcon.colcon_core.package_identification:_identify(Depth-Anything-V2/metric_depth/assets) by extension 'cmake'
[0.611s] Level 1:colcon.colcon_core.package_identification:_identify(Depth-Anything-V2/metric_depth/assets) by extension 'python'
[0.612s] Level 1:colcon.colcon_core.package_identification:_identify(Depth-Anything-V2/metric_depth/assets) by extensions ['python_setup_py']
[0.612s] Level 1:colcon.colcon_core.package_identification:_identify(Depth-Anything-V2/metric_depth/assets) by extension 'python_setup_py'
[0.612s] Level 1:colcon.colcon_core.package_identification:_identify(Depth-Anything-V2/metric_depth/dataset) by extensions ['ignore', 'ignore_ament_install']
[0.612s] Level 1:colcon.colcon_core.package_identification:_identify(Depth-Anything-V2/metric_depth/dataset) by extension 'ignore'
[0.612s] Level 1:colcon.colcon_core.package_identification:_identify(Depth-Anything-V2/metric_depth/dataset) by extension 'ignore_ament_install'
[0.612s] Level 1:colcon.colcon_core.package_identification:_identify(Depth-Anything-V2/metric_depth/dataset) by extensions ['colcon_pkg']
[0.612s] Level 1:colcon.colcon_core.package_identification:_identify(Depth-Anything-V2/metric_depth/dataset) by extension 'colcon_pkg'
[0.612s] Level 1:colcon.colcon_core.package_identification:_identify(Depth-Anything-V2/metric_depth/dataset) by extensions ['colcon_meta']
[0.612s] Level 1:colcon.colcon_core.package_identification:_identify(Depth-Anything-V2/metric_depth/dataset) by extension 'colcon_meta'
[0.612s] Level 1:colcon.colcon_core.package_identification:_identify(Depth-Anything-V2/metric_depth/dataset) by extensions ['ros']
[0.612s] Level 1:colcon.colcon_core.package_identification:_identify(Depth-Anything-V2/metric_depth/dataset) by extension 'ros'
[0.612s] Level 1:colcon.colcon_core.package_identification:_identify(Depth-Anything-V2/metric_depth/dataset) by extensions ['cmake', 'python']
[0.612s] Level 1:colcon.colcon_core.package_identification:_identify(Depth-Anything-V2/metric_depth/dataset) by extension 'cmake'
[0.612s] Level 1:colcon.colcon_core.package_identification:_identify(Depth-Anything-V2/metric_depth/dataset) by extension 'python'
[0.613s] Level 1:colcon.colcon_core.package_identification:_identify(Depth-Anything-V2/metric_depth/dataset) by extensions ['python_setup_py']
[0.613s] Level 1:colcon.colcon_core.package_identification:_identify(Depth-Anything-V2/metric_depth/dataset) by extension 'python_setup_py'
[0.613s] Level 1:colcon.colcon_core.package_identification:_identify(Depth-Anything-V2/metric_depth/dataset/splits) by extensions ['ignore', 'ignore_ament_install']
[0.613s] Level 1:colcon.colcon_core.package_identification:_identify(Depth-Anything-V2/metric_depth/dataset/splits) by extension 'ignore'
[0.616s] Level 1:colcon.colcon_core.package_identification:_identify(Depth-Anything-V2/metric_depth/dataset/splits) by extension 'ignore_ament_install'
[0.616s] Level 1:colcon.colcon_core.package_identification:_identify(Depth-Anything-V2/metric_depth/dataset/splits) by extensions ['colcon_pkg']
[0.616s] Level 1:colcon.colcon_core.package_identification:_identify(Depth-Anything-V2/metric_depth/dataset/splits) by extension 'colcon_pkg'
[0.616s] Level 1:colcon.colcon_core.package_identification:_identify(Depth-Anything-V2/metric_depth/dataset/splits) by extensions ['colcon_meta']
[0.616s] Level 1:colcon.colcon_core.package_identification:_identify(Depth-Anything-V2/metric_depth/dataset/splits) by extension 'colcon_meta'
[0.616s] Level 1:colcon.colcon_core.package_identification:_identify(Depth-Anything-V2/metric_depth/dataset/splits) by extensions ['ros']
[0.616s] Level 1:colcon.colcon_core.package_identification:_identify(Depth-Anything-V2/metric_depth/dataset/splits) by extension 'ros'
[0.616s] Level 1:colcon.colcon_core.package_identification:_identify(Depth-Anything-V2/metric_depth/dataset/splits) by extensions ['cmake', 'python']
[0.617s] Level 1:colcon.colcon_core.package_identification:_identify(Depth-Anything-V2/metric_depth/dataset/splits) by extension 'cmake'
[0.617s] Level 1:colcon.colcon_core.package_identification:_identify(Depth-Anything-V2/metric_depth/dataset/splits) by extension 'python'
[0.617s] Level 1:colcon.colcon_core.package_identification:_identify(Depth-Anything-V2/metric_depth/dataset/splits) by extensions ['python_setup_py']
[0.617s] Level 1:colcon.colcon_core.package_identification:_identify(Depth-Anything-V2/metric_depth/dataset/splits) by extension 'python_setup_py'
[0.617s] Level 1:colcon.colcon_core.package_identification:_identify(Depth-Anything-V2/metric_depth/dataset/splits/hypersim) by extensions ['ignore', 'ignore_ament_install']
[0.617s] Level 1:colcon.colcon_core.package_identification:_identify(Depth-Anything-V2/metric_depth/dataset/splits/hypersim) by extension 'ignore'
[0.617s] Level 1:colcon.colcon_core.package_identification:_identify(Depth-Anything-V2/metric_depth/dataset/splits/hypersim) by extension 'ignore_ament_install'
[0.617s] Level 1:colcon.colcon_core.package_identification:_identify(Depth-Anything-V2/metric_depth/dataset/splits/hypersim) by extensions ['colcon_pkg']
[0.617s] Level 1:colcon.colcon_core.package_identification:_identify(Depth-Anything-V2/metric_depth/dataset/splits/hypersim) by extension 'colcon_pkg'
[0.617s] Level 1:colcon.colcon_core.package_identification:_identify(Depth-Anything-V2/metric_depth/dataset/splits/hypersim) by extensions ['colcon_meta']
[0.617s] Level 1:colcon.colcon_core.package_identification:_identify(Depth-Anything-V2/metric_depth/dataset/splits/hypersim) by extension 'colcon_meta'
[0.617s] Level 1:colcon.colcon_core.package_identification:_identify(Depth-Anything-V2/metric_depth/dataset/splits/hypersim) by extensions ['ros']
[0.617s] Level 1:colcon.colcon_core.package_identification:_identify(Depth-Anything-V2/metric_depth/dataset/splits/hypersim) by extension 'ros'
[0.618s] Level 1:colcon.colcon_core.package_identification:_identify(Depth-Anything-V2/metric_depth/dataset/splits/hypersim) by extensions ['cmake', 'python']
[0.618s] Level 1:colcon.colcon_core.package_identification:_identify(Depth-Anything-V2/metric_depth/dataset/splits/hypersim) by extension 'cmake'
[0.618s] Level 1:colcon.colcon_core.package_identification:_identify(Depth-Anything-V2/metric_depth/dataset/splits/hypersim) by extension 'python'
[0.618s] Level 1:colcon.colcon_core.package_identification:_identify(Depth-Anything-V2/metric_depth/dataset/splits/hypersim) by extensions ['python_setup_py']
[0.618s] Level 1:colcon.colcon_core.package_identification:_identify(Depth-Anything-V2/metric_depth/dataset/splits/hypersim) by extension 'python_setup_py'
[0.618s] Level 1:colcon.colcon_core.package_identification:_identify(Depth-Anything-V2/metric_depth/dataset/splits/kitti) by extensions ['ignore', 'ignore_ament_install']
[0.618s] Level 1:colcon.colcon_core.package_identification:_identify(Depth-Anything-V2/metric_depth/dataset/splits/kitti) by extension 'ignore'
[0.618s] Level 1:colcon.colcon_core.package_identification:_identify(Depth-Anything-V2/metric_depth/dataset/splits/kitti) by extension 'ignore_ament_install'
[0.619s] Level 1:colcon.colcon_core.package_identification:_identify(Depth-Anything-V2/metric_depth/dataset/splits/kitti) by extensions ['colcon_pkg']
[0.619s] Level 1:colcon.colcon_core.package_identification:_identify(Depth-Anything-V2/metric_depth/dataset/splits/kitti) by extension 'colcon_pkg'
[0.619s] Level 1:colcon.colcon_core.package_identification:_identify(Depth-Anything-V2/metric_depth/dataset/splits/kitti) by extensions ['colcon_meta']
[0.619s] Level 1:colcon.colcon_core.package_identification:_identify(Depth-Anything-V2/metric_depth/dataset/splits/kitti) by extension 'colcon_meta'
[0.622s] Level 1:colcon.colcon_core.package_identification:_identify(Depth-Anything-V2/metric_depth/dataset/splits/kitti) by extensions ['ros']
[0.622s] Level 1:colcon.colcon_core.package_identification:_identify(Depth-Anything-V2/metric_depth/dataset/splits/kitti) by extension 'ros'
[0.622s] Level 1:colcon.colcon_core.package_identification:_identify(Depth-Anything-V2/metric_depth/dataset/splits/kitti) by extensions ['cmake', 'python']
[0.622s] Level 1:colcon.colcon_core.package_identification:_identify(Depth-Anything-V2/metric_depth/dataset/splits/kitti) by extension 'cmake'
[0.622s] Level 1:colcon.colcon_core.package_identification:_identify(Depth-Anything-V2/metric_depth/dataset/splits/kitti) by extension 'python'
[0.622s] Level 1:colcon.colcon_core.package_identification:_identify(Depth-Anything-V2/metric_depth/dataset/splits/kitti) by extensions ['python_setup_py']
[0.622s] Level 1:colcon.colcon_core.package_identification:_identify(Depth-Anything-V2/metric_depth/dataset/splits/kitti) by extension 'python_setup_py'
[0.623s] Level 1:colcon.colcon_core.package_identification:_identify(Depth-Anything-V2/metric_depth/dataset/splits/vkitti2) by extensions ['ignore', 'ignore_ament_install']
[0.623s] Level 1:colcon.colcon_core.package_identification:_identify(Depth-Anything-V2/metric_depth/dataset/splits/vkitti2) by extension 'ignore'
[0.623s] Level 1:colcon.colcon_core.package_identification:_identify(Depth-Anything-V2/metric_depth/dataset/splits/vkitti2) by extension 'ignore_ament_install'
[0.623s] Level 1:colcon.colcon_core.package_identification:_identify(Depth-Anything-V2/metric_depth/dataset/splits/vkitti2) by extensions ['colcon_pkg']
[0.623s] Level 1:colcon.colcon_core.package_identification:_identify(Depth-Anything-V2/metric_depth/dataset/splits/vkitti2) by extension 'colcon_pkg'
[0.623s] Level 1:colcon.colcon_core.package_identification:_identify(Depth-Anything-V2/metric_depth/dataset/splits/vkitti2) by extensions ['colcon_meta']
[0.623s] Level 1:colcon.colcon_core.package_identification:_identify(Depth-Anything-V2/metric_depth/dataset/splits/vkitti2) by extension 'colcon_meta'
[0.623s] Level 1:colcon.colcon_core.package_identification:_identify(Depth-Anything-V2/metric_depth/dataset/splits/vkitti2) by extensions ['ros']
[0.623s] Level 1:colcon.colcon_core.package_identification:_identify(Depth-Anything-V2/metric_depth/dataset/splits/vkitti2) by extension 'ros'
[0.623s] Level 1:colcon.colcon_core.package_identification:_identify(Depth-Anything-V2/metric_depth/dataset/splits/vkitti2) by extensions ['cmake', 'python']
[0.623s] Level 1:colcon.colcon_core.package_identification:_identify(Depth-Anything-V2/metric_depth/dataset/splits/vkitti2) by extension 'cmake'
[0.623s] Level 1:colcon.colcon_core.package_identification:_identify(Depth-Anything-V2/metric_depth/dataset/splits/vkitti2) by extension 'python'
[0.623s] Level 1:colcon.colcon_core.package_identification:_identify(Depth-Anything-V2/metric_depth/dataset/splits/vkitti2) by extensions ['python_setup_py']
[0.623s] Level 1:colcon.colcon_core.package_identification:_identify(Depth-Anything-V2/metric_depth/dataset/splits/vkitti2) by extension 'python_setup_py'
[0.624s] Level 1:colcon.colcon_core.package_identification:_identify(Depth-Anything-V2/metric_depth/depth_anything_v2) by extensions ['ignore', 'ignore_ament_install']
[0.624s] Level 1:colcon.colcon_core.package_identification:_identify(Depth-Anything-V2/metric_depth/depth_anything_v2) by extension 'ignore'
[0.624s] Level 1:colcon.colcon_core.package_identification:_identify(Depth-Anything-V2/metric_depth/depth_anything_v2) by extension 'ignore_ament_install'
[0.624s] Level 1:colcon.colcon_core.package_identification:_identify(Depth-Anything-V2/metric_depth/depth_anything_v2) by extensions ['colcon_pkg']
[0.624s] Level 1:colcon.colcon_core.package_identification:_identify(Depth-Anything-V2/metric_depth/depth_anything_v2) by extension 'colcon_pkg'
[0.624s] Level 1:colcon.colcon_core.package_identification:_identify(Depth-Anything-V2/metric_depth/depth_anything_v2) by extensions ['colcon_meta']
[0.624s] Level 1:colcon.colcon_core.package_identification:_identify(Depth-Anything-V2/metric_depth/depth_anything_v2) by extension 'colcon_meta'
[0.624s] Level 1:colcon.colcon_core.package_identification:_identify(Depth-Anything-V2/metric_depth/depth_anything_v2) by extensions ['ros']
[0.624s] Level 1:colcon.colcon_core.package_identification:_identify(Depth-Anything-V2/metric_depth/depth_anything_v2) by extension 'ros'
[0.624s] Level 1:colcon.colcon_core.package_identification:_identify(Depth-Anything-V2/metric_depth/depth_anything_v2) by extensions ['cmake', 'python']
[0.624s] Level 1:colcon.colcon_core.package_identification:_identify(Depth-Anything-V2/metric_depth/depth_anything_v2) by extension 'cmake'
[0.624s] Level 1:colcon.colcon_core.package_identification:_identify(Depth-Anything-V2/metric_depth/depth_anything_v2) by extension 'python'
[0.624s] Level 1:colcon.colcon_core.package_identification:_identify(Depth-Anything-V2/metric_depth/depth_anything_v2) by extensions ['python_setup_py']
[0.624s] Level 1:colcon.colcon_core.package_identification:_identify(Depth-Anything-V2/metric_depth/depth_anything_v2) by extension 'python_setup_py'
[0.625s] Level 1:colcon.colcon_core.package_identification:_identify(Depth-Anything-V2/metric_depth/depth_anything_v2/dinov2_layers) by extensions ['ignore', 'ignore_ament_install']
[0.625s] Level 1:colcon.colcon_core.package_identification:_identify(Depth-Anything-V2/metric_depth/depth_anything_v2/dinov2_layers) by extension 'ignore'
[0.625s] Level 1:colcon.colcon_core.package_identification:_identify(Depth-Anything-V2/metric_depth/depth_anything_v2/dinov2_layers) by extension 'ignore_ament_install'
[0.628s] Level 1:colcon.colcon_core.package_identification:_identify(Depth-Anything-V2/metric_depth/depth_anything_v2/dinov2_layers) by extensions ['colcon_pkg']
[0.628s] Level 1:colcon.colcon_core.package_identification:_identify(Depth-Anything-V2/metric_depth/depth_anything_v2/dinov2_layers) by extension 'colcon_pkg'
[0.628s] Level 1:colcon.colcon_core.package_identification:_identify(Depth-Anything-V2/metric_depth/depth_anything_v2/dinov2_layers) by extensions ['colcon_meta']
[0.628s] Level 1:colcon.colcon_core.package_identification:_identify(Depth-Anything-V2/metric_depth/depth_anything_v2/dinov2_layers) by extension 'colcon_meta'
[0.628s] Level 1:colcon.colcon_core.package_identification:_identify(Depth-Anything-V2/metric_depth/depth_anything_v2/dinov2_layers) by extensions ['ros']
[0.628s] Level 1:colcon.colcon_core.package_identification:_identify(Depth-Anything-V2/metric_depth/depth_anything_v2/dinov2_layers) by extension 'ros'
[0.628s] Level 1:colcon.colcon_core.package_identification:_identify(Depth-Anything-V2/metric_depth/depth_anything_v2/dinov2_layers) by extensions ['cmake', 'python']
[0.628s] Level 1:colcon.colcon_core.package_identification:_identify(Depth-Anything-V2/metric_depth/depth_anything_v2/dinov2_layers) by extension 'cmake'
[0.628s] Level 1:colcon.colcon_core.package_identification:_identify(Depth-Anything-V2/metric_depth/depth_anything_v2/dinov2_layers) by extension 'python'
[0.628s] Level 1:colcon.colcon_core.package_identification:_identify(Depth-Anything-V2/metric_depth/depth_anything_v2/dinov2_layers) by extensions ['python_setup_py']
[0.628s] Level 1:colcon.colcon_core.package_identification:_identify(Depth-Anything-V2/metric_depth/depth_anything_v2/dinov2_layers) by extension 'python_setup_py'
[0.629s] Level 1:colcon.colcon_core.package_identification:_identify(Depth-Anything-V2/metric_depth/depth_anything_v2/util) by extensions ['ignore', 'ignore_ament_install']
[0.629s] Level 1:colcon.colcon_core.package_identification:_identify(Depth-Anything-V2/metric_depth/depth_anything_v2/util) by extension 'ignore'
[0.629s] Level 1:colcon.colcon_core.package_identification:_identify(Depth-Anything-V2/metric_depth/depth_anything_v2/util) by extension 'ignore_ament_install'
[0.629s] Level 1:colcon.colcon_core.package_identification:_identify(Depth-Anything-V2/metric_depth/depth_anything_v2/util) by extensions ['colcon_pkg']
[0.629s] Level 1:colcon.colcon_core.package_identification:_identify(Depth-Anything-V2/metric_depth/depth_anything_v2/util) by extension 'colcon_pkg'
[0.629s] Level 1:colcon.colcon_core.package_identification:_identify(Depth-Anything-V2/metric_depth/depth_anything_v2/util) by extensions ['colcon_meta']
[0.629s] Level 1:colcon.colcon_core.package_identification:_identify(Depth-Anything-V2/metric_depth/depth_anything_v2/util) by extension 'colcon_meta'
[0.629s] Level 1:colcon.colcon_core.package_identification:_identify(Depth-Anything-V2/metric_depth/depth_anything_v2/util) by extensions ['ros']
[0.629s] Level 1:colcon.colcon_core.package_identification:_identify(Depth-Anything-V2/metric_depth/depth_anything_v2/util) by extension 'ros'
[0.629s] Level 1:colcon.colcon_core.package_identification:_identify(Depth-Anything-V2/metric_depth/depth_anything_v2/util) by extensions ['cmake', 'python']
[0.629s] Level 1:colcon.colcon_core.package_identification:_identify(Depth-Anything-V2/metric_depth/depth_anything_v2/util) by extension 'cmake'
[0.629s] Level 1:colcon.colcon_core.package_identification:_identify(Depth-Anything-V2/metric_depth/depth_anything_v2/util) by extension 'python'
[0.629s] Level 1:colcon.colcon_core.package_identification:_identify(Depth-Anything-V2/metric_depth/depth_anything_v2/util) by extensions ['python_setup_py']
[0.629s] Level 1:colcon.colcon_core.package_identification:_identify(Depth-Anything-V2/metric_depth/depth_anything_v2/util) by extension 'python_setup_py'
[0.630s] Level 1:colcon.colcon_core.package_identification:_identify(Depth-Anything-V2/metric_depth/util) by extensions ['ignore', 'ignore_ament_install']
[0.630s] Level 1:colcon.colcon_core.package_identification:_identify(Depth-Anything-V2/metric_depth/util) by extension 'ignore'
[0.630s] Level 1:colcon.colcon_core.package_identification:_identify(Depth-Anything-V2/metric_depth/util) by extension 'ignore_ament_install'
[0.630s] Level 1:colcon.colcon_core.package_identification:_identify(Depth-Anything-V2/metric_depth/util) by extensions ['colcon_pkg']
[0.630s] Level 1:colcon.colcon_core.package_identification:_identify(Depth-Anything-V2/metric_depth/util) by extension 'colcon_pkg'
[0.630s] Level 1:colcon.colcon_core.package_identification:_identify(Depth-Anything-V2/metric_depth/util) by extensions ['colcon_meta']
[0.630s] Level 1:colcon.colcon_core.package_identification:_identify(Depth-Anything-V2/metric_depth/util) by extension 'colcon_meta'
[0.630s] Level 1:colcon.colcon_core.package_identification:_identify(Depth-Anything-V2/metric_depth/util) by extensions ['ros']
[0.630s] Level 1:colcon.colcon_core.package_identification:_identify(Depth-Anything-V2/metric_depth/util) by extension 'ros'
[0.630s] Level 1:colcon.colcon_core.package_identification:_identify(Depth-Anything-V2/metric_depth/util) by extensions ['cmake', 'python']
[0.630s] Level 1:colcon.colcon_core.package_identification:_identify(Depth-Anything-V2/metric_depth/util) by extension 'cmake'
[0.630s] Level 1:colcon.colcon_core.package_identification:_identify(Depth-Anything-V2/metric_depth/util) by extension 'python'
[0.631s] Level 1:colcon.colcon_core.package_identification:_identify(Depth-Anything-V2/metric_depth/util) by extensions ['python_setup_py']
[0.631s] Level 1:colcon.colcon_core.package_identification:_identify(Depth-Anything-V2/metric_depth/util) by extension 'python_setup_py'
[0.631s] Level 1:colcon.colcon_core.package_identification:_identify(build) by extensions ['ignore', 'ignore_ament_install']
[0.634s] Level 1:colcon.colcon_core.package_identification:_identify(build) by extension 'ignore'
[0.634s] Level 1:colcon.colcon_core.package_identification:_identify(build) ignored
[0.634s] Level 1:colcon.colcon_core.package_identification:_identify(install) by extensions ['ignore', 'ignore_ament_install']
[0.634s] Level 1:colcon.colcon_core.package_identification:_identify(install) by extension 'ignore'
[0.634s] Level 1:colcon.colcon_core.package_identification:_identify(install) ignored
[0.635s] Level 1:colcon.colcon_core.package_identification:_identify(log) by extensions ['ignore', 'ignore_ament_install']
[0.635s] Level 1:colcon.colcon_core.package_identification:_identify(log) by extension 'ignore'
[0.635s] Level 1:colcon.colcon_core.package_identification:_identify(log) ignored
[0.635s] Level 1:colcon.colcon_core.package_identification:_identify(src) by extensions ['ignore', 'ignore_ament_install']
[0.635s] Level 1:colcon.colcon_core.package_identification:_identify(src) by extension 'ignore'
[0.635s] Level 1:colcon.colcon_core.package_identification:_identify(src) by extension 'ignore_ament_install'
[0.635s] Level 1:colcon.colcon_core.package_identification:_identify(src) by extensions ['colcon_pkg']
[0.635s] Level 1:colcon.colcon_core.package_identification:_identify(src) by extension 'colcon_pkg'
[0.635s] Level 1:colcon.colcon_core.package_identification:_identify(src) by extensions ['colcon_meta']
[0.635s] Level 1:colcon.colcon_core.package_identification:_identify(src) by extension 'colcon_meta'
[0.636s] Level 1:colcon.colcon_core.package_identification:_identify(src) by extensions ['ros']
[0.636s] Level 1:colcon.colcon_core.package_identification:_identify(src) by extension 'ros'
[0.636s] Level 1:colcon.colcon_core.package_identification:_identify(src) by extensions ['cmake', 'python']
[0.636s] Level 1:colcon.colcon_core.package_identification:_identify(src) by extension 'cmake'
[0.636s] Level 1:colcon.colcon_core.package_identification:_identify(src) by extension 'python'
[0.636s] Level 1:colcon.colcon_core.package_identification:_identify(src) by extensions ['python_setup_py']
[0.636s] Level 1:colcon.colcon_core.package_identification:_identify(src) by extension 'python_setup_py'
[0.636s] Level 1:colcon.colcon_core.package_identification:_identify(src/smart_surveillance) by extensions ['ignore', 'ignore_ament_install']
[0.636s] Level 1:colcon.colcon_core.package_identification:_identify(src/smart_surveillance) by extension 'ignore'
[0.636s] Level 1:colcon.colcon_core.package_identification:_identify(src/smart_surveillance) by extension 'ignore_ament_install'
[0.637s] Level 1:colcon.colcon_core.package_identification:_identify(src/smart_surveillance) by extensions ['colcon_pkg']
[0.637s] Level 1:colcon.colcon_core.package_identification:_identify(src/smart_surveillance) by extension 'colcon_pkg'
[0.637s] Level 1:colcon.colcon_core.package_identification:_identify(src/smart_surveillance) by extensions ['colcon_meta']
[0.637s] Level 1:colcon.colcon_core.package_identification:_identify(src/smart_surveillance) by extension 'colcon_meta'
[0.637s] Level 1:colcon.colcon_core.package_identification:_identify(src/smart_surveillance) by extensions ['ros']
[0.640s] Level 1:colcon.colcon_core.package_identification:_identify(src/smart_surveillance) by extension 'ros'
[0.647s] DEBUG:colcon.colcon_core.package_identification:Package 'src/smart_surveillance' with type 'ros.ament_python' and name 'smart_surveillance'
[0.648s] Level 1:colcon.colcon_core.package_identification:_identify(src/surveillance_interfaces) by extensions ['ignore', 'ignore_ament_install']
[0.648s] Level 1:colcon.colcon_core.package_identification:_identify(src/surveillance_interfaces) by extension 'ignore'
[0.648s] Level 1:colcon.colcon_core.package_identification:_identify(src/surveillance_interfaces) by extension 'ignore_ament_install'
[0.648s] Level 1:colcon.colcon_core.package_identification:_identify(src/surveillance_interfaces) by extensions ['colcon_pkg']
[0.648s] Level 1:colcon.colcon_core.package_identification:_identify(src/surveillance_interfaces) by extension 'colcon_pkg'
[0.648s] Level 1:colcon.colcon_core.package_identification:_identify(src/surveillance_interfaces) by extensions ['colcon_meta']
[0.648s] Level 1:colcon.colcon_core.package_identification:_identify(src/surveillance_interfaces) by extension 'colcon_meta'
[0.648s] Level 1:colcon.colcon_core.package_identification:_identify(src/surveillance_interfaces) by extensions ['ros']
[0.648s] Level 1:colcon.colcon_core.package_identification:_identify(src/surveillance_interfaces) by extension 'ros'
[0.652s] DEBUG:colcon.colcon_core.package_identification:Package 'src/surveillance_interfaces' with type 'ros.ament_cmake' and name 'surveillance_interfaces'
[0.652s] Level 1:colcon.colcon_core.package_discovery:discover_packages(recursive) using defaults
[0.652s] Level 1:colcon.colcon_core.package_discovery:discover_packages(ignore) discover
[0.653s] Level 1:colcon.colcon_core.package_discovery:discover_packages(ignore) using defaults
[0.653s] Level 1:colcon.colcon_core.package_discovery:discover_packages(path) discover
[0.653s] Level 1:colcon.colcon_core.package_discovery:discover_packages(path) using defaults
[0.713s] Level 1:colcon.colcon_core.package_discovery:discover_packages(prefix_path) check parameters
[0.713s] Level 1:colcon.colcon_core.package_discovery:discover_packages(prefix_path) discover
[0.720s] DEBUG:colcon.colcon_installed_package_information.package_discovery:Found 2 installed packages in /home/menna/task2-surveillance_system/install
[0.720s] DEBUG:colcon.colcon_installed_package_information.package_discovery:Found 1 installed packages in /home/menna/Distributed-Smart-Security-Surveillance-System-using-ROS2/install
[0.721s] DEBUG:colcon.colcon_installed_package_information.package_discovery:Found 1 installed packages in /home/menna/Distributed_Smart_Security_Surveillance_System_ws/install
[0.727s] DEBUG:colcon.colcon_installed_package_information.package_discovery:Found 287 installed packages in /opt/ros/jazzy
[0.732s] Level 1:colcon.colcon_core.package_discovery:discover_packages(prefix_path) using defaults
[0.975s] Level 5:colcon.colcon_core.verb:set package 'surveillance_interfaces' build argument 'cmake_args' from command line to 'None'
[0.975s] Level 5:colcon.colcon_core.verb:set package 'surveillance_interfaces' build argument 'cmake_target' from command line to 'None'
[0.975s] Level 5:colcon.colcon_core.verb:set package 'surveillance_interfaces' build argument 'cmake_target_skip_unavailable' from command line to 'False'
[0.975s] Level 5:colcon.colcon_core.verb:set package 'surveillance_interfaces' build argument 'cmake_clean_cache' from command line to 'False'
[0.975s] Level 5:colcon.colcon_core.verb:set package 'surveillance_interfaces' build argument 'cmake_clean_first' from command line to 'False'
[0.975s] Level 5:colcon.colcon_core.verb:set package 'surveillance_interfaces' build argument 'cmake_force_configure' from command line to 'False'
[0.975s] Level 5:colcon.colcon_core.verb:set package 'surveillance_interfaces' build argument 'ament_cmake_args' from command line to 'None'
[0.975s] Level 5:colcon.colcon_core.verb:set package 'surveillance_interfaces' build argument 'catkin_cmake_args' from command line to 'None'
[0.975s] Level 5:colcon.colcon_core.verb:set package 'surveillance_interfaces' build argument 'catkin_skip_building_tests' from command line to 'False'
[0.975s] DEBUG:colcon.colcon_core.verb:Building package 'surveillance_interfaces' with the following arguments: {'ament_cmake_args': None, 'build_base': '/home/menna/task2-surveillance_system/build/surveillance_interfaces', 'catkin_cmake_args': None, 'catkin_skip_building_tests': False, 'cmake_args': None, 'cmake_clean_cache': False, 'cmake_clean_first': False, 'cmake_force_configure': False, 'cmake_target': None, 'cmake_target_skip_unavailable': False, 'install_base': '/home/menna/task2-surveillance_system/install/surveillance_interfaces', 'merge_install': False, 'path': '/home/menna/task2-surveillance_system/src/surveillance_interfaces', 'symlink_install': False, 'test_result_base': None}
[0.976s] Level 5:colcon.colcon_core.verb:set package 'smart_surveillance' build argument 'cmake_args' from command line to 'None'
[0.976s] Level 5:colcon.colcon_core.verb:set package 'smart_surveillance' build argument 'cmake_target' from command line to 'None'
[0.976s] Level 5:colcon.colcon_core.verb:set package 'smart_surveillance' build argument 'cmake_target_skip_unavailable' from command line to 'False'
[0.976s] Level 5:colcon.colcon_core.verb:set package 'smart_surveillance' build argument 'cmake_clean_cache' from command line to 'False'
[0.983s] Level 5:colcon.colcon_core.verb:set package 'smart_surveillance' build argument 'cmake_clean_first' from command line to 'False'
[0.983s] Level 5:colcon.colcon_core.verb:set package 'smart_surveillance' build argument 'cmake_force_configure' from command line to 'False'
[0.983s] Level 5:colcon.colcon_core.verb:set package 'smart_surveillance' build argument 'ament_cmake_args' from command line to 'None'
[0.983s] Level 5:colcon.colcon_core.verb:set package 'smart_surveillance' build argument 'catkin_cmake_args' from command line to 'None'
[0.983s] Level 5:colcon.colcon_core.verb:set package 'smart_surveillance' build argument 'catkin_skip_building_tests' from command line to 'False'
[0.983s] DEBUG:colcon.colcon_core.verb:Building package 'smart_surveillance' with the following arguments: {'ament_cmake_args': None, 'build_base': '/home/menna/task2-surveillance_system/build/smart_surveillance', 'catkin_cmake_args': None, 'catkin_skip_building_tests': False, 'cmake_args': None, 'cmake_clean_cache': False, 'cmake_clean_first': False, 'cmake_force_configure': False, 'cmake_target': None, 'cmake_target_skip_unavailable': False, 'install_base': '/home/menna/task2-surveillance_system/install/smart_surveillance', 'merge_install': False, 'path': '/home/menna/task2-surveillance_system/src/smart_surveillance', 'symlink_install': False, 'test_result_base': None}
[0.983s] INFO:colcon.colcon_core.executor:Executing jobs using 'parallel' executor
[0.986s] DEBUG:colcon.colcon_parallel_executor.executor.parallel:run_until_complete
[0.986s] INFO:colcon.colcon_ros.task.ament_cmake.build:Building ROS package in '/home/menna/task2-surveillance_system/src/surveillance_interfaces' with build type 'ament_cmake'
[0.986s] INFO:colcon.colcon_cmake.task.cmake.build:Building CMake package in '/home/menna/task2-surveillance_system/src/surveillance_interfaces'
[0.992s] INFO:colcon.colcon_core.plugin_system:Skipping extension 'colcon_core.shell.bat': Not used on non-Windows systems
[0.992s] INFO:colcon.colcon_core.shell:Skip shell extension 'powershell' for command environment: Not usable outside of PowerShell
[0.992s] DEBUG:colcon.colcon_core.shell:Skip shell extension 'dsv' for command environment
[1.027s] DEBUG:colcon.colcon_core.event_handler.log_command:Invoking command in '/home/menna/task2-surveillance_system/build/surveillance_interfaces': CMAKE_PREFIX_PATH=${CMAKE_PREFIX_PATH}:/home/menna/Distributed-Smart-Security-Surveillance-System-using-ROS2/install/security_surveillance_system:/home/menna/Distributed_Smart_Security_Surveillance_System_ws/install/security_surveillance_system:/home/menna/task2-surveillance_system/install/smart_surveillance:/opt/ros/jazzy DEBUGINFOD_URLS=https://debuginfod.ubuntu.com PS1=${debian_chroot:+($debian_chroot)}\[\033[01;32m\]\u@\h\[\033[00m\]:\[\033[01;34m\]\w\[\033[00m\]\$ VIRTUAL_ENV_PROMPT=(venv-ardupilot) /usr/bin/cmake --build /home/menna/task2-surveillance_system/build/surveillance_interfaces -- -j8 -l8
[3.994s] DEBUG:colcon.colcon_core.event_handler.log_command:Invoked command in '/home/menna/task2-surveillance_system/build/surveillance_interfaces' returned '0': CMAKE_PREFIX_PATH=${CMAKE_PREFIX_PATH}:/home/menna/Distributed-Smart-Security-Surveillance-System-using-ROS2/install/security_surveillance_system:/home/menna/Distributed_Smart_Security_Surveillance_System_ws/install/security_surveillance_system:/home/menna/task2-surveillance_system/install/smart_surveillance:/opt/ros/jazzy DEBUGINFOD_URLS=https://debuginfod.ubuntu.com PS1=${debian_chroot:+($debian_chroot)}\[\033[01;32m\]\u@\h\[\033[00m\]:\[\033[01;34m\]\w\[\033[00m\]\$ VIRTUAL_ENV_PROMPT=(venv-ardupilot) /usr/bin/cmake --build /home/menna/task2-surveillance_system/build/surveillance_interfaces -- -j8 -l8
[4.025s] DEBUG:colcon.colcon_core.event_handler.log_command:Invoking command in '/home/menna/task2-surveillance_system/build/surveillance_interfaces': CMAKE_PREFIX_PATH=${CMAKE_PREFIX_PATH}:/home/menna/Distributed-Smart-Security-Surveillance-System-using-ROS2/install/security_surveillance_system:/home/menna/Distributed_Smart_Security_Surveillance_System_ws/install/security_surveillance_system:/home/menna/task2-surveillance_system/install/smart_surveillance:/opt/ros/jazzy DEBUGINFOD_URLS=https://debuginfod.ubuntu.com PS1=${debian_chroot:+($debian_chroot)}\[\033[01;32m\]\u@\h\[\033[00m\]:\[\033[01;34m\]\w\[\033[00m\]\$ VIRTUAL_ENV_PROMPT=(venv-ardupilot) /usr/bin/cmake --install /home/menna/task2-surveillance_system/build/surveillance_interfaces
[4.282s] Level 1:colcon.colcon_core.environment:create_environment_scripts_only(surveillance_interfaces)
[4.282s] DEBUG:colcon.colcon_core.event_handler.log_command:Invoked command in '/home/menna/task2-surveillance_system/build/surveillance_interfaces' returned '0': CMAKE_PREFIX_PATH=${CMAKE_PREFIX_PATH}:/home/menna/Distributed-Smart-Security-Surveillance-System-using-ROS2/install/security_surveillance_system:/home/menna/Distributed_Smart_Security_Surveillance_System_ws/install/security_surveillance_system:/home/menna/task2-surveillance_system/install/smart_surveillance:/opt/ros/jazzy DEBUGINFOD_URLS=https://debuginfod.ubuntu.com PS1=${debian_chroot:+($debian_chroot)}\[\033[01;32m\]\u@\h\[\033[00m\]:\[\033[01;34m\]\w\[\033[00m\]\$ VIRTUAL_ENV_PROMPT=(venv-ardupilot) /usr/bin/cmake --install /home/menna/task2-surveillance_system/build/surveillance_interfaces
[4.286s] Level 1:colcon.colcon_core.environment:checking '/home/menna/task2-surveillance_system/install/surveillance_interfaces' for CMake module files
[4.287s] Level 1:colcon.colcon_core.environment:checking '/home/menna/task2-surveillance_system/install/surveillance_interfaces' for CMake config files
[4.288s] Level 1:colcon.colcon_core.shell:create_environment_hook('surveillance_interfaces', 'cmake_prefix_path')
[4.288s] INFO:colcon.colcon_core.shell:Creating environment hook '/home/menna/task2-surveillance_system/install/surveillance_interfaces/share/surveillance_interfaces/hook/cmake_prefix_path.ps1'
[4.291s] INFO:colcon.colcon_core.shell:Creating environment descriptor '/home/menna/task2-surveillance_system/install/surveillance_interfaces/share/surveillance_interfaces/hook/cmake_prefix_path.dsv'
[4.292s] INFO:colcon.colcon_core.shell:Creating environment hook '/home/menna/task2-surveillance_system/install/surveillance_interfaces/share/surveillance_interfaces/hook/cmake_prefix_path.sh'
[4.294s] Level 1:colcon.colcon_core.environment:checking '/home/menna/task2-surveillance_system/install/surveillance_interfaces/lib'
[4.294s] Level 1:colcon.colcon_core.shell:create_environment_hook('surveillance_interfaces', 'ld_library_path_lib')
[4.294s] INFO:colcon.colcon_core.shell:Creating environment hook '/home/menna/task2-surveillance_system/install/surveillance_interfaces/share/surveillance_interfaces/hook/ld_library_path_lib.ps1'
[4.295s] INFO:colcon.colcon_core.shell:Creating environment descriptor '/home/menna/task2-surveillance_system/install/surveillance_interfaces/share/surveillance_interfaces/hook/ld_library_path_lib.dsv'
[4.295s] INFO:colcon.colcon_core.shell:Creating environment hook '/home/menna/task2-surveillance_system/install/surveillance_interfaces/share/surveillance_interfaces/hook/ld_library_path_lib.sh'
[4.296s] Level 1:colcon.colcon_core.environment:checking '/home/menna/task2-surveillance_system/install/surveillance_interfaces/bin'
[4.296s] Level 1:colcon.colcon_core.environment:checking '/home/menna/task2-surveillance_system/install/surveillance_interfaces/lib/pkgconfig/surveillance_interfaces.pc'
[4.296s] Level 1:colcon.colcon_core.environment:checking '/home/menna/task2-surveillance_system/install/surveillance_interfaces/lib/python3.12/site-packages'
[4.297s] Level 1:colcon.colcon_core.shell:create_environment_hook('surveillance_interfaces', 'pythonpath')
[4.297s] INFO:colcon.colcon_core.shell:Creating environment hook '/home/menna/task2-surveillance_system/install/surveillance_interfaces/share/surveillance_interfaces/hook/pythonpath.ps1'
[4.297s] INFO:colcon.colcon_core.shell:Creating environment descriptor '/home/menna/task2-surveillance_system/install/surveillance_interfaces/share/surveillance_interfaces/hook/pythonpath.dsv'
[4.298s] INFO:colcon.colcon_core.shell:Creating environment hook '/home/menna/task2-surveillance_system/install/surveillance_interfaces/share/surveillance_interfaces/hook/pythonpath.sh'
[4.299s] Level 1:colcon.colcon_core.environment:checking '/home/menna/task2-surveillance_system/install/surveillance_interfaces/bin'
[4.299s] INFO:colcon.colcon_core.shell:Creating package script '/home/menna/task2-surveillance_system/install/surveillance_interfaces/share/surveillance_interfaces/package.ps1'
[4.301s] INFO:colcon.colcon_core.shell:Creating package descriptor '/home/menna/task2-surveillance_system/install/surveillance_interfaces/share/surveillance_interfaces/package.dsv'
[4.301s] INFO:colcon.colcon_core.shell:Creating package script '/home/menna/task2-surveillance_system/install/surveillance_interfaces/share/surveillance_interfaces/package.sh'
[4.302s] INFO:colcon.colcon_core.shell:Creating package script '/home/menna/task2-surveillance_system/install/surveillance_interfaces/share/surveillance_interfaces/package.bash'
[4.303s] INFO:colcon.colcon_core.shell:Creating package script '/home/menna/task2-surveillance_system/install/surveillance_interfaces/share/surveillance_interfaces/package.zsh'
[4.304s] Level 1:colcon.colcon_core.environment:create_file_with_runtime_dependencies(/home/menna/task2-surveillance_system/install/surveillance_interfaces/share/colcon-core/packages/surveillance_interfaces)
[4.305s] Level 1:colcon.colcon_core.environment:create_environment_scripts_only(surveillance_interfaces)
[4.305s] Level 1:colcon.colcon_core.environment:checking '/home/menna/task2-surveillance_system/install/surveillance_interfaces' for CMake module files
[4.306s] Level 1:colcon.colcon_core.environment:checking '/home/menna/task2-surveillance_system/install/surveillance_interfaces' for CMake config files
[4.307s] Level 1:colcon.colcon_core.shell:create_environment_hook('surveillance_interfaces', 'cmake_prefix_path')
[4.307s] INFO:colcon.colcon_core.shell:Creating environment hook '/home/menna/task2-surveillance_system/install/surveillance_interfaces/share/surveillance_interfaces/hook/cmake_prefix_path.ps1'
[4.308s] INFO:colcon.colcon_core.shell:Creating environment descriptor '/home/menna/task2-surveillance_system/install/surveillance_interfaces/share/surveillance_interfaces/hook/cmake_prefix_path.dsv'
[4.308s] INFO:colcon.colcon_core.shell:Creating environment hook '/home/menna/task2-surveillance_system/install/surveillance_interfaces/share/surveillance_interfaces/hook/cmake_prefix_path.sh'
[4.309s] Level 1:colcon.colcon_core.environment:checking '/home/menna/task2-surveillance_system/install/surveillance_interfaces/lib'
[4.309s] Level 1:colcon.colcon_core.shell:create_environment_hook('surveillance_interfaces', 'ld_library_path_lib')
[4.310s] INFO:colcon.colcon_core.shell:Creating environment hook '/home/menna/task2-surveillance_system/install/surveillance_interfaces/share/surveillance_interfaces/hook/ld_library_path_lib.ps1'
[4.310s] INFO:colcon.colcon_core.shell:Creating environment descriptor '/home/menna/task2-surveillance_system/install/surveillance_interfaces/share/surveillance_interfaces/hook/ld_library_path_lib.dsv'
[4.311s] INFO:colcon.colcon_core.shell:Creating environment hook '/home/menna/task2-surveillance_system/install/surveillance_interfaces/share/surveillance_interfaces/hook/ld_library_path_lib.sh'
[4.311s] Level 1:colcon.colcon_core.environment:checking '/home/menna/task2-surveillance_system/install/surveillance_interfaces/bin'
[4.311s] Level 1:colcon.colcon_core.environment:checking '/home/menna/task2-surveillance_system/install/surveillance_interfaces/lib/pkgconfig/surveillance_interfaces.pc'
[4.312s] Level 1:colcon.colcon_core.environment:checking '/home/menna/task2-surveillance_system/install/surveillance_interfaces/lib/python3.12/site-packages'
[4.312s] Level 1:colcon.colcon_core.shell:create_environment_hook('surveillance_interfaces', 'pythonpath')
[4.312s] INFO:colcon.colcon_core.shell:Creating environment hook '/home/menna/task2-surveillance_system/install/surveillance_interfaces/share/surveillance_interfaces/hook/pythonpath.ps1'
[4.313s] INFO:colcon.colcon_core.shell:Creating environment descriptor '/home/menna/task2-surveillance_system/install/surveillance_interfaces/share/surveillance_interfaces/hook/pythonpath.dsv'
[4.313s] INFO:colcon.colcon_core.shell:Creating environment hook '/home/menna/task2-surveillance_system/install/surveillance_interfaces/share/surveillance_interfaces/hook/pythonpath.sh'
[4.314s] Level 1:colcon.colcon_core.environment:checking '/home/menna/task2-surveillance_system/install/surveillance_interfaces/bin'
[4.315s] INFO:colcon.colcon_core.shell:Creating package script '/home/menna/task2-surveillance_system/install/surveillance_interfaces/share/surveillance_interfaces/package.ps1'
[4.316s] INFO:colcon.colcon_core.shell:Creating package descriptor '/home/menna/task2-surveillance_system/install/surveillance_interfaces/share/surveillance_interfaces/package.dsv'
[4.317s] INFO:colcon.colcon_core.shell:Creating package script '/home/menna/task2-surveillance_system/install/surveillance_interfaces/share/surveillance_interfaces/package.sh'
[4.321s] INFO:colcon.colcon_core.shell:Creating package script '/home/menna/task2-surveillance_system/install/surveillance_interfaces/share/surveillance_interfaces/package.bash'
[4.321s] INFO:colcon.colcon_core.shell:Creating package script '/home/menna/task2-surveillance_system/install/surveillance_interfaces/share/surveillance_interfaces/package.zsh'
[4.322s] Level 1:colcon.colcon_core.environment:create_file_with_runtime_dependencies(/home/menna/task2-surveillance_system/install/surveillance_interfaces/share/colcon-core/packages/surveillance_interfaces)
[4.323s] INFO:colcon.colcon_ros.task.ament_python.build:Building ROS package in '/home/menna/task2-surveillance_system/src/smart_surveillance' with build type 'ament_python'
[4.323s] Level 1:colcon.colcon_core.shell:create_environment_hook('smart_surveillance', 'ament_prefix_path')
[4.324s] INFO:colcon.colcon_core.shell:Creating environment hook '/home/menna/task2-surveillance_system/install/smart_surveillance/share/smart_surveillance/hook/ament_prefix_path.ps1'
[4.326s] INFO:colcon.colcon_core.shell:Creating environment descriptor '/home/menna/task2-surveillance_system/install/smart_surveillance/share/smart_surveillance/hook/ament_prefix_path.dsv'
[4.326s] INFO:colcon.colcon_core.shell:Creating environment hook '/home/menna/task2-surveillance_system/install/smart_surveillance/share/smart_surveillance/hook/ament_prefix_path.sh'
[4.327s] INFO:colcon.colcon_core.shell:Skip shell extension 'powershell' for command environment: Not usable outside of PowerShell
[4.327s] DEBUG:colcon.colcon_core.shell:Skip shell extension 'dsv' for command environment
[4.758s] WARNING:colcon.colcon_ros.task.ament_python.build:Package 'smart_surveillance' doesn't explicitly install a marker in the package index (colcon-ros currently does it implicitly but that fallback will be removed in the future)
[4.759s] WARNING:colcon.colcon_ros.task.ament_python.build:Package 'smart_surveillance' doesn't explicitly install the 'package.xml' file (colcon-ros currently does it implicitly but that fallback will be removed in the future)
[4.760s] INFO:colcon.colcon_core.task.python.build:Building Python package in '/home/menna/task2-surveillance_system/src/smart_surveillance'
[4.760s] INFO:colcon.colcon_core.shell:Skip shell extension 'powershell' for command environment: Not usable outside of PowerShell
[4.760s] DEBUG:colcon.colcon_core.shell:Skip shell extension 'dsv' for command environment
[6.391s] DEBUG:colcon.colcon_core.event_handler.log_command:Invoking command in '/home/menna/task2-surveillance_system/src/smart_surveillance': DEBUGINFOD_URLS=https://debuginfod.ubuntu.com PS1=${debian_chroot:+($debian_chroot)}\[\033[01;32m\]\u@\h\[\033[00m\]:\[\033[01;34m\]\w\[\033[00m\]\$ PYTHONPATH=/home/menna/task2-surveillance_system/build/smart_surveillance/prefix_override:/usr/lib/python3/dist-packages/colcon_core/task/python/colcon_distutils_commands:/home/menna/task2-surveillance_system/install/smart_surveillance/lib/python3.12/site-packages:/home/menna/task2-surveillance_system/install/surveillance_interfaces/lib/python3.12/site-packages:/home/menna/Distributed-Smart-Security-Surveillance-System-using-ROS2/install/security_surveillance_system/lib/python3.12/site-packages:/home/menna/Distributed_Smart_Security_Surveillance_System_ws/install/security_surveillance_system/lib/python3.12/site-packages:/home/menna/task2-surveillance_system/install/smart_surveillance/lib/python3.12/site-packages:/opt/ros/jazzy/lib/python3.12/site-packages VIRTUAL_ENV_PROMPT=(venv-ardupilot) /usr/bin/python3 -W ignore:setup.py install is deprecated -W ignore:easy_install command is deprecated setup.py egg_info --egg-base ../../build/smart_surveillance build --build-base /home/menna/task2-surveillance_system/build/smart_surveillance/build install --record /home/menna/task2-surveillance_system/build/smart_surveillance/install.log --single-version-externally-managed
[7.672s] Level 1:colcon.colcon_core.environment:checking '/home/menna/task2-surveillance_system/install/smart_surveillance' for CMake module files
[7.673s] Level 1:colcon.colcon_core.environment:checking '/home/menna/task2-surveillance_system/install/smart_surveillance' for CMake config files
[7.674s] Level 1:colcon.colcon_core.environment:checking '/home/menna/task2-surveillance_system/install/smart_surveillance/lib'
[7.674s] Level 1:colcon.colcon_core.environment:checking '/home/menna/task2-surveillance_system/install/smart_surveillance/bin'
[7.674s] Level 1:colcon.colcon_core.environment:checking '/home/menna/task2-surveillance_system/install/smart_surveillance/lib/pkgconfig/smart_surveillance.pc'
[7.674s] Level 1:colcon.colcon_core.environment:checking '/home/menna/task2-surveillance_system/install/smart_surveillance/lib/python3.12/site-packages'
[7.675s] Level 1:colcon.colcon_core.shell:create_environment_hook('smart_surveillance', 'pythonpath')
[7.679s] INFO:colcon.colcon_core.shell:Creating environment hook '/home/menna/task2-surveillance_system/install/smart_surveillance/share/smart_surveillance/hook/pythonpath.ps1'
[7.679s] DEBUG:colcon.colcon_core.event_handler.log_command:Invoked command in '/home/menna/task2-surveillance_system/src/smart_surveillance' returned '0': DEBUGINFOD_URLS=https://debuginfod.ubuntu.com PS1=${debian_chroot:+($debian_chroot)}\[\033[01;32m\]\u@\h\[\033[00m\]:\[\033[01;34m\]\w\[\033[00m\]\$ PYTHONPATH=/home/menna/task2-surveillance_system/build/smart_surveillance/prefix_override:/usr/lib/python3/dist-packages/colcon_core/task/python/colcon_distutils_commands:/home/menna/task2-surveillance_system/install/smart_surveillance/lib/python3.12/site-packages:/home/menna/task2-surveillance_system/install/surveillance_interfaces/lib/python3.12/site-packages:/home/menna/Distributed-Smart-Security-Surveillance-System-using-ROS2/install/security_surveillance_system/lib/python3.12/site-packages:/home/menna/Distributed_Smart_Security_Surveillance_System_ws/install/security_surveillance_system/lib/python3.12/site-packages:/home/menna/task2-surveillance_system/install/smart_surveillance/lib/python3.12/site-packages:/opt/ros/jazzy/lib/python3.12/site-packages VIRTUAL_ENV_PROMPT=(venv-ardupilot) /usr/bin/python3 -W ignore:setup.py install is deprecated -W ignore:easy_install command is deprecated setup.py egg_info --egg-base ../../build/smart_surveillance build --build-base /home/menna/task2-surveillance_system/build/smart_surveillance/build install --record /home/menna/task2-surveillance_system/build/smart_surveillance/install.log --single-version-externally-managed
[7.680s] INFO:colcon.colcon_core.shell:Creating environment descriptor '/home/menna/task2-surveillance_system/install/smart_surveillance/share/smart_surveillance/hook/pythonpath.dsv'
[7.681s] INFO:colcon.colcon_core.shell:Creating environment hook '/home/menna/task2-surveillance_system/install/smart_surveillance/share/smart_surveillance/hook/pythonpath.sh'
[7.686s] Level 1:colcon.colcon_core.environment:checking '/home/menna/task2-surveillance_system/install/smart_surveillance/bin'
[7.686s] Level 1:colcon.colcon_core.environment:create_environment_scripts_only(smart_surveillance)
[7.686s] INFO:colcon.colcon_core.shell:Creating package script '/home/menna/task2-surveillance_system/install/smart_surveillance/share/smart_surveillance/package.ps1'
[7.687s] INFO:colcon.colcon_core.shell:Creating package descriptor '/home/menna/task2-surveillance_system/install/smart_surveillance/share/smart_surveillance/package.dsv'
[7.688s] INFO:colcon.colcon_core.shell:Creating package script '/home/menna/task2-surveillance_system/install/smart_surveillance/share/smart_surveillance/package.sh'
[7.692s] INFO:colcon.colcon_core.shell:Creating package script '/home/menna/task2-surveillance_system/install/smart_surveillance/share/smart_surveillance/package.bash'
[7.693s] INFO:colcon.colcon_core.shell:Creating package script '/home/menna/task2-surveillance_system/install/smart_surveillance/share/smart_surveillance/package.zsh'
[7.693s] Level 1:colcon.colcon_core.environment:create_file_with_runtime_dependencies(/home/menna/task2-surveillance_system/install/smart_surveillance/share/colcon-core/packages/smart_surveillance)
[7.694s] DEBUG:colcon.colcon_parallel_executor.executor.parallel:closing loop
[7.694s] DEBUG:colcon.colcon_parallel_executor.executor.parallel:loop closed
[7.694s] DEBUG:colcon.colcon_parallel_executor.executor.parallel:run_until_complete finished with '0'
[7.694s] DEBUG:colcon.colcon_core.event_reactor:joining thread
[7.714s] INFO:colcon.colcon_core.plugin_system:Skipping extension 'colcon_notification.desktop_notification.terminal_notifier': Not used on non-Darwin systems
[7.714s] INFO:colcon.colcon_core.plugin_system:Skipping extension 'colcon_notification.desktop_notification.win32': Not used on non-Windows systems
[7.717s] INFO:colcon.colcon_notification.desktop_notification:Sending desktop notification using 'notify2'
[7.747s] DEBUG:colcon.colcon_core.event_reactor:joined thread
[7.747s] INFO:colcon.colcon_core.shell:Creating prefix script '/home/menna/task2-surveillance_system/install/local_setup.ps1'
[7.752s] INFO:colcon.colcon_core.shell:Creating prefix util module '/home/menna/task2-surveillance_system/install/_local_setup_util_ps1.py'
[7.759s] INFO:colcon.colcon_core.shell:Creating prefix chain script '/home/menna/task2-surveillance_system/install/setup.ps1'
[7.765s] INFO:colcon.colcon_core.shell:Creating prefix script '/home/menna/task2-surveillance_system/install/local_setup.sh'
[7.766s] INFO:colcon.colcon_core.shell:Creating prefix util module '/home/menna/task2-surveillance_system/install/_local_setup_util_sh.py'
[7.767s] INFO:colcon.colcon_core.shell:Creating prefix chain script '/home/menna/task2-surveillance_system/install/setup.sh'
[7.769s] INFO:colcon.colcon_core.shell:Creating prefix script '/home/menna/task2-surveillance_system/install/local_setup.bash'
[7.774s] INFO:colcon.colcon_core.shell:Creating prefix chain script '/home/menna/task2-surveillance_system/install/setup.bash'
[7.779s] INFO:colcon.colcon_core.shell:Creating prefix script '/home/menna/task2-surveillance_system/install/local_setup.zsh'
[7.780s] INFO:colcon.colcon_core.shell:Creating prefix chain script '/home/menna/task2-surveillance_system/install/setup.zsh'
