[0.035s] Invoking command in '/home/menna/task2-surveillance_system/build/surveillance_interfaces': CMAKE_PREFIX_PATH=${CMAKE_PREFIX_PATH}:/home/menna/Distributed-Smart-Security-Surveillance-System-using-ROS2/install/security_surveillance_system:/home/menna/Distributed_Smart_Security_Surveillance_System_ws/install/security_surveillance_system:/home/menna/task2-surveillance_system/install/smart_surveillance:/opt/ros/jazzy DEBUGINFOD_URLS=https://debuginfod.ubuntu.com PS1=${debian_chroot:+($debian_chroot)}\[\033[01;32m\]\u@\h\[\033[00m\]:\[\033[01;34m\]\w\[\033[00m\]\$ VIRTUAL_ENV_PROMPT=(venv-ardupilot) /usr/bin/cmake --build /home/menna/task2-surveillance_system/build/surveillance_interfaces -- -j8 -l8
[0.220s] [  2%] Built target surveillance_interfaces__rosidl_generator_type_description
[0.321s] [  2%] Built target ament_cmake_python_copy_surveillance_interfaces
[0.381s] [ 17%] Built target surveillance_interfaces__rosidl_generator_c
[1.391s] running egg_info
[1.500s] writing surveillance_interfaces.egg-info/PKG-INFO
[1.503s] writing dependency_links to surveillance_interfaces.egg-info/dependency_links.txt
[1.504s] writing top-level names to surveillance_interfaces.egg-info/top_level.txt
[1.813s] reading manifest file 'surveillance_interfaces.egg-info/SOURCES.txt'
[1.815s] writing manifest file 'surveillance_interfaces.egg-info/SOURCES.txt'
[1.879s] [ 17%] Built target ament_cmake_python_build_surveillance_interfaces_egg
[1.966s] [ 26%] Built target surveillance_interfaces__rosidl_typesupport_c
[2.040s] [ 35%] Built target surveillance_interfaces__rosidl_typesupport_introspection_c
[2.138s] [ 44%] Built target surveillance_interfaces__rosidl_typesupport_fastrtps_c
[2.209s] [ 47%] Built target surveillance_interfaces__cpp
[2.312s] [ 55%] Built target surveillance_interfaces__rosidl_typesupport_introspection_cpp
[2.386s] [ 64%] Built target surveillance_interfaces__rosidl_typesupport_fastrtps_cpp
[2.459s] [ 73%] Built target surveillance_interfaces__rosidl_typesupport_cpp
[2.530s] [ 73%] Built target surveillance_interfaces
[2.605s] [ 76%] Built target surveillance_interfaces__py
[2.697s] [ 82%] Built target surveillance_interfaces__rosidl_generator_py
[2.797s] [ 88%] Built target surveillance_interfaces_s__rosidl_typesupport_fastrtps_c
[2.873s] [ 94%] Built target surveillance_interfaces_s__rosidl_typesupport_c
[2.963s] [100%] Built target surveillance_interfaces_s__rosidl_typesupport_introspection_c
[3.002s] Invoked command in '/home/menna/task2-surveillance_system/build/surveillance_interfaces' returned '0': CMAKE_PREFIX_PATH=${CMAKE_PREFIX_PATH}:/home/menna/Distributed-Smart-Security-Surveillance-System-using-ROS2/install/security_surveillance_system:/home/menna/Distributed_Smart_Security_Surveillance_System_ws/install/security_surveillance_system:/home/menna/task2-surveillance_system/install/smart_surveillance:/opt/ros/jazzy DEBUGINFOD_URLS=https://debuginfod.ubuntu.com PS1=${debian_chroot:+($debian_chroot)}\[\033[01;32m\]\u@\h\[\033[00m\]:\[\033[01;34m\]\w\[\033[00m\]\$ VIRTUAL_ENV_PROMPT=(venv-ardupilot) /usr/bin/cmake --build /home/menna/task2-surveillance_system/build/surveillance_interfaces -- -j8 -l8
[3.033s] Invoking command in '/home/menna/task2-surveillance_system/build/surveillance_interfaces': CMAKE_PREFIX_PATH=${CMAKE_PREFIX_PATH}:/home/menna/Distributed-Smart-Security-Surveillance-System-using-ROS2/install/security_surveillance_system:/home/menna/Distributed_Smart_Security_Surveillance_System_ws/install/security_surveillance_system:/home/menna/task2-surveillance_system/install/smart_surveillance:/opt/ros/jazzy DEBUGINFOD_URLS=https://debuginfod.ubuntu.com PS1=${debian_chroot:+($debian_chroot)}\[\033[01;32m\]\u@\h\[\033[00m\]:\[\033[01;34m\]\w\[\033[00m\]\$ VIRTUAL_ENV_PROMPT=(venv-ardupilot) /usr/bin/cmake --install /home/menna/task2-surveillance_system/build/surveillance_interfaces
[3.070s] -- Install configuration: ""
[3.070s] -- Up-to-date: /home/menna/task2-surveillance_system/install/surveillance_interfaces/share/ament_index/resource_index/rosidl_interfaces/surveillance_interfaces
[3.071s] -- Up-to-date: /home/menna/task2-surveillance_system/install/surveillance_interfaces/share/surveillance_interfaces/action/SecurityAction.json
[3.071s] -- Up-to-date: /home/menna/task2-surveillance_system/install/surveillance_interfaces/include/surveillance_interfaces/surveillance_interfaces
[3.071s] -- Up-to-date: /home/menna/task2-surveillance_system/install/surveillance_interfaces/include/surveillance_interfaces/surveillance_interfaces/msg
[3.071s] -- Up-to-date: /home/menna/task2-surveillance_system/install/surveillance_interfaces/include/surveillance_interfaces/surveillance_interfaces/msg/rosidl_generator_c__visibility_control.h
[3.071s] -- Up-to-date: /home/menna/task2-surveillance_system/install/surveillance_interfaces/include/surveillance_interfaces/surveillance_interfaces/action
[3.071s] -- Up-to-date: /home/menna/task2-surveillance_system/install/surveillance_interfaces/include/surveillance_interfaces/surveillance_interfaces/action/security_action.h
[3.071s] -- Up-to-date: /home/menna/task2-surveillance_system/install/surveillance_interfaces/include/surveillance_interfaces/surveillance_interfaces/action/detail
[3.071s] -- Up-to-date: /home/menna/task2-surveillance_system/install/surveillance_interfaces/include/surveillance_interfaces/surveillance_interfaces/action/detail/security_action__struct.h
[3.072s] -- Up-to-date: /home/menna/task2-surveillance_system/install/surveillance_interfaces/include/surveillance_interfaces/surveillance_interfaces/action/detail/security_action__functions.c
[3.072s] -- Up-to-date: /home/menna/task2-surveillance_system/install/surveillance_interfaces/include/surveillance_interfaces/surveillance_interfaces/action/detail/security_action__description.c
[3.072s] -- Up-to-date: /home/menna/task2-surveillance_system/install/surveillance_interfaces/include/surveillance_interfaces/surveillance_interfaces/action/detail/security_action__type_support.c
[3.072s] -- Up-to-date: /home/menna/task2-surveillance_system/install/surveillance_interfaces/include/surveillance_interfaces/surveillance_interfaces/action/detail/security_action__functions.h
[3.072s] -- Up-to-date: /home/menna/task2-surveillance_system/install/surveillance_interfaces/include/surveillance_interfaces/surveillance_interfaces/action/detail/security_action__type_support.h
[3.072s] -- Up-to-date: /home/menna/task2-surveillance_system/install/surveillance_interfaces/share/surveillance_interfaces/environment/library_path.sh
[3.072s] -- Up-to-date: /home/menna/task2-surveillance_system/install/surveillance_interfaces/share/surveillance_interfaces/environment/library_path.dsv
[3.081s] -- Up-to-date: /home/menna/task2-surveillance_system/install/surveillance_interfaces/lib/libsurveillance_interfaces__rosidl_generator_c.so
[3.081s] -- Up-to-date: /home/menna/task2-surveillance_system/install/surveillance_interfaces/include/surveillance_interfaces/surveillance_interfaces
[3.081s] -- Up-to-date: /home/menna/task2-surveillance_system/install/surveillance_interfaces/include/surveillance_interfaces/surveillance_interfaces/msg
[3.081s] -- Up-to-date: /home/menna/task2-surveillance_system/install/surveillance_interfaces/include/surveillance_interfaces/surveillance_interfaces/msg/rosidl_typesupport_fastrtps_c__visibility_control.h
[3.081s] -- Up-to-date: /home/menna/task2-surveillance_system/install/surveillance_interfaces/include/surveillance_interfaces/surveillance_interfaces/action
[3.081s] -- Up-to-date: /home/menna/task2-surveillance_system/install/surveillance_interfaces/include/surveillance_interfaces/surveillance_interfaces/action/detail
[3.082s] -- Up-to-date: /home/menna/task2-surveillance_system/install/surveillance_interfaces/include/surveillance_interfaces/surveillance_interfaces/action/detail/security_action__rosidl_typesupport_fastrtps_c.h
[3.082s] -- Up-to-date: /home/menna/task2-surveillance_system/install/surveillance_interfaces/lib/libsurveillance_interfaces__rosidl_typesupport_fastrtps_c.so
[3.082s] -- Up-to-date: /home/menna/task2-surveillance_system/install/surveillance_interfaces/include/surveillance_interfaces/surveillance_interfaces
[3.082s] -- Up-to-date: /home/menna/task2-surveillance_system/install/surveillance_interfaces/include/surveillance_interfaces/surveillance_interfaces/msg
[3.082s] -- Up-to-date: /home/menna/task2-surveillance_system/install/surveillance_interfaces/include/surveillance_interfaces/surveillance_interfaces/msg/rosidl_typesupport_introspection_c__visibility_control.h
[3.082s] -- Up-to-date: /home/menna/task2-surveillance_system/install/surveillance_interfaces/include/surveillance_interfaces/surveillance_interfaces/action
[3.082s] -- Up-to-date: /home/menna/task2-surveillance_system/install/surveillance_interfaces/include/surveillance_interfaces/surveillance_interfaces/action/detail
[3.082s] -- Up-to-date: /home/menna/task2-surveillance_system/install/surveillance_interfaces/include/surveillance_interfaces/surveillance_interfaces/action/detail/security_action__rosidl_typesupport_introspection_c.h
[3.082s] -- Up-to-date: /home/menna/task2-surveillance_system/install/surveillance_interfaces/include/surveillance_interfaces/surveillance_interfaces/action/detail/security_action__type_support.c
[3.087s] -- Up-to-date: /home/menna/task2-surveillance_system/install/surveillance_interfaces/lib/libsurveillance_interfaces__rosidl_typesupport_introspection_c.so
[3.087s] -- Up-to-date: /home/menna/task2-surveillance_system/install/surveillance_interfaces/lib/libsurveillance_interfaces__rosidl_typesupport_c.so
[3.088s] -- Up-to-date: /home/menna/task2-surveillance_system/install/surveillance_interfaces/include/surveillance_interfaces/surveillance_interfaces
[3.088s] -- Up-to-date: /home/menna/task2-surveillance_system/install/surveillance_interfaces/include/surveillance_interfaces/surveillance_interfaces/msg
[3.089s] -- Up-to-date: /home/menna/task2-surveillance_system/install/surveillance_interfaces/include/surveillance_interfaces/surveillance_interfaces/msg/rosidl_generator_cpp__visibility_control.hpp
[3.090s] -- Up-to-date: /home/menna/task2-surveillance_system/install/surveillance_interfaces/include/surveillance_interfaces/surveillance_interfaces/action
[3.090s] -- Up-to-date: /home/menna/task2-surveillance_system/install/surveillance_interfaces/include/surveillance_interfaces/surveillance_interfaces/action/security_action.hpp
[3.090s] -- Up-to-date: /home/menna/task2-surveillance_system/install/surveillance_interfaces/include/surveillance_interfaces/surveillance_interfaces/action/detail
[3.090s] -- Up-to-date: /home/menna/task2-surveillance_system/install/surveillance_interfaces/include/surveillance_interfaces/surveillance_interfaces/action/detail/security_action__builder.hpp
[3.090s] -- Up-to-date: /home/menna/task2-surveillance_system/install/surveillance_interfaces/include/surveillance_interfaces/surveillance_interfaces/action/detail/security_action__struct.hpp
[3.090s] -- Up-to-date: /home/menna/task2-surveillance_system/install/surveillance_interfaces/include/surveillance_interfaces/surveillance_interfaces/action/detail/security_action__type_support.hpp
[3.090s] -- Up-to-date: /home/menna/task2-surveillance_system/install/surveillance_interfaces/include/surveillance_interfaces/surveillance_interfaces/action/detail/security_action__traits.hpp
[3.091s] -- Up-to-date: /home/menna/task2-surveillance_system/install/surveillance_interfaces/include/surveillance_interfaces/surveillance_interfaces
[3.091s] -- Up-to-date: /home/menna/task2-surveillance_system/install/surveillance_interfaces/include/surveillance_interfaces/surveillance_interfaces/msg
[3.091s] -- Up-to-date: /home/menna/task2-surveillance_system/install/surveillance_interfaces/include/surveillance_interfaces/surveillance_interfaces/msg/rosidl_typesupport_fastrtps_cpp__visibility_control.h
[3.091s] -- Up-to-date: /home/menna/task2-surveillance_system/install/surveillance_interfaces/include/surveillance_interfaces/surveillance_interfaces/action
[3.098s] -- Up-to-date: /home/menna/task2-surveillance_system/install/surveillance_interfaces/include/surveillance_interfaces/surveillance_interfaces/action/detail
[3.098s] -- Up-to-date: /home/menna/task2-surveillance_system/install/surveillance_interfaces/include/surveillance_interfaces/surveillance_interfaces/action/detail/security_action__rosidl_typesupport_fastrtps_cpp.hpp
[3.098s] -- Up-to-date: /home/menna/task2-surveillance_system/install/surveillance_interfaces/include/surveillance_interfaces/surveillance_interfaces/action/detail/dds_fastrtps
[3.098s] -- Up-to-date: /home/menna/task2-surveillance_system/install/surveillance_interfaces/lib/libsurveillance_interfaces__rosidl_typesupport_fastrtps_cpp.so
[3.098s] -- Up-to-date: /home/menna/task2-surveillance_system/install/surveillance_interfaces/include/surveillance_interfaces/surveillance_interfaces
[3.099s] -- Up-to-date: /home/menna/task2-surveillance_system/install/surveillance_interfaces/include/surveillance_interfaces/surveillance_interfaces/action
[3.099s] -- Up-to-date: /home/menna/task2-surveillance_system/install/surveillance_interfaces/include/surveillance_interfaces/surveillance_interfaces/action/detail
[3.099s] -- Up-to-date: /home/menna/task2-surveillance_system/install/surveillance_interfaces/include/surveillance_interfaces/surveillance_interfaces/action/detail/security_action__type_support.cpp
[3.099s] -- Up-to-date: /home/menna/task2-surveillance_system/install/surveillance_interfaces/include/surveillance_interfaces/surveillance_interfaces/action/detail/security_action__rosidl_typesupport_introspection_cpp.hpp
[3.099s] -- Up-to-date: /home/menna/task2-surveillance_system/install/surveillance_interfaces/lib/libsurveillance_interfaces__rosidl_typesupport_introspection_cpp.so
[3.104s] -- Up-to-date: /home/menna/task2-surveillance_system/install/surveillance_interfaces/lib/libsurveillance_interfaces__rosidl_typesupport_cpp.so
[3.105s] -- Up-to-date: /home/menna/task2-surveillance_system/install/surveillance_interfaces/share/surveillance_interfaces/environment/pythonpath.sh
[3.105s] -- Up-to-date: /home/menna/task2-surveillance_system/install/surveillance_interfaces/share/surveillance_interfaces/environment/pythonpath.dsv
[3.105s] -- Up-to-date: /home/menna/task2-surveillance_system/install/surveillance_interfaces/lib/python3.12/site-packages/surveillance_interfaces-1.0.0-py3.12.egg-info
[3.106s] -- Installing: /home/menna/task2-surveillance_system/install/surveillance_interfaces/lib/python3.12/site-packages/surveillance_interfaces-1.0.0-py3.12.egg-info/SOURCES.txt
[3.106s] -- Installing: /home/menna/task2-surveillance_system/install/surveillance_interfaces/lib/python3.12/site-packages/surveillance_interfaces-1.0.0-py3.12.egg-info/top_level.txt
[3.108s] -- Installing: /home/menna/task2-surveillance_system/install/surveillance_interfaces/lib/python3.12/site-packages/surveillance_interfaces-1.0.0-py3.12.egg-info/dependency_links.txt
[3.108s] -- Installing: /home/menna/task2-surveillance_system/install/surveillance_interfaces/lib/python3.12/site-packages/surveillance_interfaces-1.0.0-py3.12.egg-info/PKG-INFO
[3.108s] -- Up-to-date: /home/menna/task2-surveillance_system/install/surveillance_interfaces/lib/python3.12/site-packages/surveillance_interfaces
[3.108s] -- Up-to-date: /home/menna/task2-surveillance_system/install/surveillance_interfaces/lib/python3.12/site-packages/surveillance_interfaces/surveillance_interfaces_s__rosidl_typesupport_fastrtps_c.so
[3.108s] -- Up-to-date: /home/menna/task2-surveillance_system/install/surveillance_interfaces/lib/python3.12/site-packages/surveillance_interfaces/_surveillance_interfaces_s.ep.rosidl_typesupport_c.c
[3.108s] -- Up-to-date: /home/menna/task2-surveillance_system/install/surveillance_interfaces/lib/python3.12/site-packages/surveillance_interfaces/surveillance_interfaces_s__rosidl_typesupport_c.so
[3.109s] -- Up-to-date: /home/menna/task2-surveillance_system/install/surveillance_interfaces/lib/python3.12/site-packages/surveillance_interfaces/__init__.py
[3.113s] -- Up-to-date: /home/menna/task2-surveillance_system/install/surveillance_interfaces/lib/python3.12/site-packages/surveillance_interfaces/_surveillance_interfaces_s.ep.rosidl_typesupport_fastrtps_c.c
[3.114s] -- Up-to-date: /home/menna/task2-surveillance_system/install/surveillance_interfaces/lib/python3.12/site-packages/surveillance_interfaces/action
[3.114s] -- Up-to-date: /home/menna/task2-surveillance_system/install/surveillance_interfaces/lib/python3.12/site-packages/surveillance_interfaces/action/__init__.py
[3.114s] -- Up-to-date: /home/menna/task2-surveillance_system/install/surveillance_interfaces/lib/python3.12/site-packages/surveillance_interfaces/action/_security_action_s.c
[3.114s] -- Up-to-date: /home/menna/task2-surveillance_system/install/surveillance_interfaces/lib/python3.12/site-packages/surveillance_interfaces/action/_security_action.py
[3.114s] -- Up-to-date: /home/menna/task2-surveillance_system/install/surveillance_interfaces/lib/python3.12/site-packages/surveillance_interfaces/_surveillance_interfaces_s.ep.rosidl_typesupport_introspection_c.c
[3.114s] -- Up-to-date: /home/menna/task2-surveillance_system/install/surveillance_interfaces/lib/python3.12/site-packages/surveillance_interfaces/surveillance_interfaces_s__rosidl_typesupport_introspection_c.so
[3.254s] Listing '/home/menna/task2-surveillance_system/install/surveillance_interfaces/lib/python3.12/site-packages/surveillance_interfaces'...
[3.254s] Listing '/home/menna/task2-surveillance_system/install/surveillance_interfaces/lib/python3.12/site-packages/surveillance_interfaces/action'...
[3.267s] -- Up-to-date: /home/menna/task2-surveillance_system/install/surveillance_interfaces/lib/python3.12/site-packages/surveillance_interfaces/surveillance_interfaces_s__rosidl_typesupport_fastrtps_c.so
[3.271s] -- Up-to-date: /home/menna/task2-surveillance_system/install/surveillance_interfaces/lib/python3.12/site-packages/surveillance_interfaces/surveillance_interfaces_s__rosidl_typesupport_introspection_c.so
[3.271s] -- Up-to-date: /home/menna/task2-surveillance_system/install/surveillance_interfaces/lib/python3.12/site-packages/surveillance_interfaces/surveillance_interfaces_s__rosidl_typesupport_c.so
[3.271s] -- Up-to-date: /home/menna/task2-surveillance_system/install/surveillance_interfaces/lib/libsurveillance_interfaces__rosidl_generator_py.so
[3.272s] -- Up-to-date: /home/menna/task2-surveillance_system/install/surveillance_interfaces/share/surveillance_interfaces/action/SecurityAction.idl
[3.272s] -- Up-to-date: /home/menna/task2-surveillance_system/install/surveillance_interfaces/share/surveillance_interfaces/action/SecurityAction.action
[3.272s] -- Up-to-date: /home/menna/task2-surveillance_system/install/surveillance_interfaces/share/ament_index/resource_index/package_run_dependencies/surveillance_interfaces
[3.272s] -- Up-to-date: /home/menna/task2-surveillance_system/install/surveillance_interfaces/share/ament_index/resource_index/parent_prefix_path/surveillance_interfaces
[3.272s] -- Up-to-date: /home/menna/task2-surveillance_system/install/surveillance_interfaces/share/surveillance_interfaces/environment/ament_prefix_path.sh
[3.272s] -- Up-to-date: /home/menna/task2-surveillance_system/install/surveillance_interfaces/share/surveillance_interfaces/environment/ament_prefix_path.dsv
[3.273s] -- Up-to-date: /home/menna/task2-surveillance_system/install/surveillance_interfaces/share/surveillance_interfaces/environment/path.sh
[3.273s] -- Up-to-date: /home/menna/task2-surveillance_system/install/surveillance_interfaces/share/surveillance_interfaces/environment/path.dsv
[3.273s] -- Up-to-date: /home/menna/task2-surveillance_system/install/surveillance_interfaces/share/surveillance_interfaces/local_setup.bash
[3.273s] -- Up-to-date: /home/menna/task2-surveillance_system/install/surveillance_interfaces/share/surveillance_interfaces/local_setup.sh
[3.273s] -- Up-to-date: /home/menna/task2-surveillance_system/install/surveillance_interfaces/share/surveillance_interfaces/local_setup.zsh
[3.274s] -- Up-to-date: /home/menna/task2-surveillance_system/install/surveillance_interfaces/share/surveillance_interfaces/local_setup.dsv
[3.274s] -- Installing: /home/menna/task2-surveillance_system/install/surveillance_interfaces/share/surveillance_interfaces/package.dsv
[3.274s] -- Up-to-date: /home/menna/task2-surveillance_system/install/surveillance_interfaces/share/ament_index/resource_index/packages/surveillance_interfaces
[3.277s] -- Up-to-date: /home/menna/task2-surveillance_system/install/surveillance_interfaces/share/surveillance_interfaces/cmake/export_surveillance_interfaces__rosidl_generator_cExport.cmake
[3.278s] -- Up-to-date: /home/menna/task2-surveillance_system/install/surveillance_interfaces/share/surveillance_interfaces/cmake/export_surveillance_interfaces__rosidl_generator_cExport-noconfig.cmake
[3.278s] -- Up-to-date: /home/menna/task2-surveillance_system/install/surveillance_interfaces/share/surveillance_interfaces/cmake/export_surveillance_interfaces__rosidl_typesupport_fastrtps_cExport.cmake
[3.279s] -- Up-to-date: /home/menna/task2-surveillance_system/install/surveillance_interfaces/share/surveillance_interfaces/cmake/export_surveillance_interfaces__rosidl_typesupport_fastrtps_cExport-noconfig.cmake
[3.279s] -- Up-to-date: /home/menna/task2-surveillance_system/install/surveillance_interfaces/share/surveillance_interfaces/cmake/surveillance_interfaces__rosidl_typesupport_introspection_cExport.cmake
[3.279s] -- Up-to-date: /home/menna/task2-surveillance_system/install/surveillance_interfaces/share/surveillance_interfaces/cmake/surveillance_interfaces__rosidl_typesupport_introspection_cExport-noconfig.cmake
[3.279s] -- Up-to-date: /home/menna/task2-surveillance_system/install/surveillance_interfaces/share/surveillance_interfaces/cmake/surveillance_interfaces__rosidl_typesupport_cExport.cmake
[3.279s] -- Up-to-date: /home/menna/task2-surveillance_system/install/surveillance_interfaces/share/surveillance_interfaces/cmake/surveillance_interfaces__rosidl_typesupport_cExport-noconfig.cmake
[3.279s] -- Up-to-date: /home/menna/task2-surveillance_system/install/surveillance_interfaces/share/surveillance_interfaces/cmake/export_surveillance_interfaces__rosidl_generator_cppExport.cmake
[3.280s] -- Up-to-date: /home/menna/task2-surveillance_system/install/surveillance_interfaces/share/surveillance_interfaces/cmake/export_surveillance_interfaces__rosidl_typesupport_fastrtps_cppExport.cmake
[3.280s] -- Up-to-date: /home/menna/task2-surveillance_system/install/surveillance_interfaces/share/surveillance_interfaces/cmake/export_surveillance_interfaces__rosidl_typesupport_fastrtps_cppExport-noconfig.cmake
[3.280s] -- Up-to-date: /home/menna/task2-surveillance_system/install/surveillance_interfaces/share/surveillance_interfaces/cmake/surveillance_interfaces__rosidl_typesupport_introspection_cppExport.cmake
[3.280s] -- Up-to-date: /home/menna/task2-surveillance_system/install/surveillance_interfaces/share/surveillance_interfaces/cmake/surveillance_interfaces__rosidl_typesupport_introspection_cppExport-noconfig.cmake
[3.280s] -- Up-to-date: /home/menna/task2-surveillance_system/install/surveillance_interfaces/share/surveillance_interfaces/cmake/surveillance_interfaces__rosidl_typesupport_cppExport.cmake
[3.280s] -- Up-to-date: /home/menna/task2-surveillance_system/install/surveillance_interfaces/share/surveillance_interfaces/cmake/surveillance_interfaces__rosidl_typesupport_cppExport-noconfig.cmake
[3.281s] -- Up-to-date: /home/menna/task2-surveillance_system/install/surveillance_interfaces/share/surveillance_interfaces/cmake/export_surveillance_interfaces__rosidl_generator_pyExport.cmake
[3.281s] -- Up-to-date: /home/menna/task2-surveillance_system/install/surveillance_interfaces/share/surveillance_interfaces/cmake/export_surveillance_interfaces__rosidl_generator_pyExport-noconfig.cmake
[3.283s] -- Up-to-date: /home/menna/task2-surveillance_system/install/surveillance_interfaces/share/surveillance_interfaces/cmake/rosidl_cmake-extras.cmake
[3.283s] -- Up-to-date: /home/menna/task2-surveillance_system/install/surveillance_interfaces/share/surveillance_interfaces/cmake/ament_cmake_export_dependencies-extras.cmake
[3.283s] -- Up-to-date: /home/menna/task2-surveillance_system/install/surveillance_interfaces/share/surveillance_interfaces/cmake/ament_cmake_export_include_directories-extras.cmake
[3.283s] -- Up-to-date: /home/menna/task2-surveillance_system/install/surveillance_interfaces/share/surveillance_interfaces/cmake/ament_cmake_export_libraries-extras.cmake
[3.283s] -- Up-to-date: /home/menna/task2-surveillance_system/install/surveillance_interfaces/share/surveillance_interfaces/cmake/ament_cmake_export_targets-extras.cmake
[3.283s] -- Up-to-date: /home/menna/task2-surveillance_system/install/surveillance_interfaces/share/surveillance_interfaces/cmake/rosidl_cmake_export_typesupport_targets-extras.cmake
[3.283s] -- Up-to-date: /home/menna/task2-surveillance_system/install/surveillance_interfaces/share/surveillance_interfaces/cmake/rosidl_cmake_export_typesupport_libraries-extras.cmake
[3.284s] -- Up-to-date: /home/menna/task2-surveillance_system/install/surveillance_interfaces/share/surveillance_interfaces/cmake/surveillance_interfacesConfig.cmake
[3.284s] -- Up-to-date: /home/menna/task2-surveillance_system/install/surveillance_interfaces/share/surveillance_interfaces/cmake/surveillance_interfacesConfig-version.cmake
[3.284s] -- Up-to-date: /home/menna/task2-surveillance_system/install/surveillance_interfaces/share/surveillance_interfaces/package.xml
[3.290s] Invoked command in '/home/menna/task2-surveillance_system/build/surveillance_interfaces' returned '0': CMAKE_PREFIX_PATH=${CMAKE_PREFIX_PATH}:/home/menna/Distributed-Smart-Security-Surveillance-System-using-ROS2/install/security_surveillance_system:/home/menna/Distributed_Smart_Security_Surveillance_System_ws/install/security_surveillance_system:/home/menna/task2-surveillance_system/install/smart_surveillance:/opt/ros/jazzy DEBUGINFOD_URLS=https://debuginfod.ubuntu.com PS1=${debian_chroot:+($debian_chroot)}\[\033[01;32m\]\u@\h\[\033[00m\]:\[\033[01;34m\]\w\[\033[00m\]\$ VIRTUAL_ENV_PROMPT=(venv-ardupilot) /usr/bin/cmake --install /home/menna/task2-surveillance_system/build/surveillance_interfaces
